[2025-05-19T00:00:10.490+0000] {processor.py:157} INFO - Started process (PID=76514) to work on /opt/airflow/dags/hello_airflow.py
[2025-05-19T00:00:10.491+0000] {processor.py:829} INFO - Processing file /opt/airflow/dags/hello_airflow.py for tasks to queue
[2025-05-19T00:00:10.492+0000] {logging_mixin.py:154} INFO - [2025-05-19T00:00:10.491+0000] {dagbag.py:536} INFO - Filling up the DagBag from /opt/airflow/dags/hello_airflow.py
[2025-05-19T00:00:10.502+0000] {processor.py:839} INFO - DAG(s) dict_keys(['hello_airflow']) retrieved from /opt/airflow/dags/hello_airflow.py
[2025-05-19T00:00:10.517+0000] {logging_mixin.py:154} INFO - [2025-05-19T00:00:10.517+0000] {dag.py:2941} INFO - Sync 1 DAGs
[2025-05-19T00:00:10.529+0000] {logging_mixin.py:154} INFO - [2025-05-19T00:00:10.528+0000] {dag.py:3722} INFO - Setting next_dagrun for hello_airflow to 2025-05-19T00:00:00+00:00, run_after=2025-05-20T00:00:00+00:00
[2025-05-19T00:00:10.538+0000] {processor.py:179} INFO - Processing /opt/airflow/dags/hello_airflow.py took 0.051 seconds
[2025-05-19T00:00:40.667+0000] {processor.py:157} INFO - Started process (PID=76545) to work on /opt/airflow/dags/hello_airflow.py
[2025-05-19T00:00:40.668+0000] {processor.py:829} INFO - Processing file /opt/airflow/dags/hello_airflow.py for tasks to queue
[2025-05-19T00:00:40.669+0000] {logging_mixin.py:154} INFO - [2025-05-19T00:00:40.669+0000] {dagbag.py:536} INFO - Filling up the DagBag from /opt/airflow/dags/hello_airflow.py
[2025-05-19T00:00:40.680+0000] {processor.py:839} INFO - DAG(s) dict_keys(['hello_airflow']) retrieved from /opt/airflow/dags/hello_airflow.py
[2025-05-19T00:00:40.695+0000] {logging_mixin.py:154} INFO - [2025-05-19T00:00:40.695+0000] {dag.py:2941} INFO - Sync 1 DAGs
[2025-05-19T00:00:40.707+0000] {logging_mixin.py:154} INFO - [2025-05-19T00:00:40.707+0000] {dag.py:3722} INFO - Setting next_dagrun for hello_airflow to 2025-05-19T00:00:00+00:00, run_after=2025-05-20T00:00:00+00:00
[2025-05-19T00:00:40.715+0000] {processor.py:179} INFO - Processing /opt/airflow/dags/hello_airflow.py took 0.056 seconds
[2025-05-19T00:01:10.857+0000] {processor.py:157} INFO - Started process (PID=76575) to work on /opt/airflow/dags/hello_airflow.py
[2025-05-19T00:01:10.862+0000] {processor.py:829} INFO - Processing file /opt/airflow/dags/hello_airflow.py for tasks to queue
[2025-05-19T00:01:10.864+0000] {logging_mixin.py:154} INFO - [2025-05-19T00:01:10.863+0000] {dagbag.py:536} INFO - Filling up the DagBag from /opt/airflow/dags/hello_airflow.py
[2025-05-19T00:01:10.889+0000] {processor.py:839} INFO - DAG(s) dict_keys(['hello_airflow']) retrieved from /opt/airflow/dags/hello_airflow.py
[2025-05-19T00:01:10.939+0000] {logging_mixin.py:154} INFO - [2025-05-19T00:01:10.939+0000] {dag.py:2941} INFO - Sync 1 DAGs
[2025-05-19T00:01:10.960+0000] {logging_mixin.py:154} INFO - [2025-05-19T00:01:10.960+0000] {dag.py:3722} INFO - Setting next_dagrun for hello_airflow to 2025-05-19T00:00:00+00:00, run_after=2025-05-20T00:00:00+00:00
[2025-05-19T00:01:10.978+0000] {processor.py:179} INFO - Processing /opt/airflow/dags/hello_airflow.py took 0.133 seconds
[2025-05-19T00:16:31.525+0000] {processor.py:157} INFO - Started process (PID=76613) to work on /opt/airflow/dags/hello_airflow.py
[2025-05-19T00:16:31.527+0000] {processor.py:829} INFO - Processing file /opt/airflow/dags/hello_airflow.py for tasks to queue
[2025-05-19T00:16:31.530+0000] {logging_mixin.py:154} INFO - [2025-05-19T00:16:31.529+0000] {dagbag.py:536} INFO - Filling up the DagBag from /opt/airflow/dags/hello_airflow.py
[2025-05-19T00:16:31.559+0000] {processor.py:839} INFO - DAG(s) dict_keys(['hello_airflow']) retrieved from /opt/airflow/dags/hello_airflow.py
[2025-05-19T00:16:31.606+0000] {logging_mixin.py:154} INFO - [2025-05-19T00:16:31.606+0000] {dag.py:2941} INFO - Sync 1 DAGs
[2025-05-19T00:16:31.652+0000] {logging_mixin.py:154} INFO - [2025-05-19T00:16:31.652+0000] {dag.py:3722} INFO - Setting next_dagrun for hello_airflow to 2025-05-19T00:00:00+00:00, run_after=2025-05-20T00:00:00+00:00
[2025-05-19T00:16:31.676+0000] {processor.py:179} INFO - Processing /opt/airflow/dags/hello_airflow.py took 0.163 seconds
[2025-05-19T00:17:01.876+0000] {processor.py:157} INFO - Started process (PID=76631) to work on /opt/airflow/dags/hello_airflow.py
[2025-05-19T00:17:01.877+0000] {processor.py:829} INFO - Processing file /opt/airflow/dags/hello_airflow.py for tasks to queue
[2025-05-19T00:17:01.878+0000] {logging_mixin.py:154} INFO - [2025-05-19T00:17:01.878+0000] {dagbag.py:536} INFO - Filling up the DagBag from /opt/airflow/dags/hello_airflow.py
[2025-05-19T00:17:01.886+0000] {processor.py:839} INFO - DAG(s) dict_keys(['hello_airflow']) retrieved from /opt/airflow/dags/hello_airflow.py
[2025-05-19T00:17:01.902+0000] {logging_mixin.py:154} INFO - [2025-05-19T00:17:01.902+0000] {dag.py:2941} INFO - Sync 1 DAGs
[2025-05-19T00:17:01.914+0000] {logging_mixin.py:154} INFO - [2025-05-19T00:17:01.914+0000] {dag.py:3722} INFO - Setting next_dagrun for hello_airflow to 2025-05-19T00:00:00+00:00, run_after=2025-05-20T00:00:00+00:00
[2025-05-19T00:17:01.922+0000] {processor.py:179} INFO - Processing /opt/airflow/dags/hello_airflow.py took 0.049 seconds
[2025-05-19T00:32:59.611+0000] {processor.py:157} INFO - Started process (PID=76679) to work on /opt/airflow/dags/hello_airflow.py
[2025-05-19T00:32:59.612+0000] {processor.py:829} INFO - Processing file /opt/airflow/dags/hello_airflow.py for tasks to queue
[2025-05-19T00:32:59.613+0000] {logging_mixin.py:154} INFO - [2025-05-19T00:32:59.612+0000] {dagbag.py:536} INFO - Filling up the DagBag from /opt/airflow/dags/hello_airflow.py
[2025-05-19T00:32:59.626+0000] {processor.py:839} INFO - DAG(s) dict_keys(['hello_airflow']) retrieved from /opt/airflow/dags/hello_airflow.py
[2025-05-19T00:32:59.664+0000] {logging_mixin.py:154} INFO - [2025-05-19T00:32:59.664+0000] {dag.py:2941} INFO - Sync 1 DAGs
[2025-05-19T00:32:59.690+0000] {logging_mixin.py:154} INFO - [2025-05-19T00:32:59.690+0000] {dag.py:3722} INFO - Setting next_dagrun for hello_airflow to 2025-05-19T00:00:00+00:00, run_after=2025-05-20T00:00:00+00:00
[2025-05-19T00:32:59.718+0000] {processor.py:179} INFO - Processing /opt/airflow/dags/hello_airflow.py took 0.111 seconds
[2025-05-19T00:33:30.729+0000] {processor.py:157} INFO - Started process (PID=76710) to work on /opt/airflow/dags/hello_airflow.py
[2025-05-19T00:33:30.730+0000] {processor.py:829} INFO - Processing file /opt/airflow/dags/hello_airflow.py for tasks to queue
[2025-05-19T00:33:30.730+0000] {logging_mixin.py:154} INFO - [2025-05-19T00:33:30.730+0000] {dagbag.py:536} INFO - Filling up the DagBag from /opt/airflow/dags/hello_airflow.py
[2025-05-19T00:33:30.737+0000] {processor.py:839} INFO - DAG(s) dict_keys(['hello_airflow']) retrieved from /opt/airflow/dags/hello_airflow.py
[2025-05-19T00:33:30.751+0000] {logging_mixin.py:154} INFO - [2025-05-19T00:33:30.751+0000] {dag.py:2941} INFO - Sync 1 DAGs
[2025-05-19T00:33:30.766+0000] {logging_mixin.py:154} INFO - [2025-05-19T00:33:30.766+0000] {dag.py:3722} INFO - Setting next_dagrun for hello_airflow to 2025-05-19T00:00:00+00:00, run_after=2025-05-20T00:00:00+00:00
[2025-05-19T00:33:30.775+0000] {processor.py:179} INFO - Processing /opt/airflow/dags/hello_airflow.py took 0.048 seconds
[2025-05-19T00:50:13.747+0000] {processor.py:157} INFO - Started process (PID=76741) to work on /opt/airflow/dags/hello_airflow.py
[2025-05-19T00:50:13.749+0000] {processor.py:829} INFO - Processing file /opt/airflow/dags/hello_airflow.py for tasks to queue
[2025-05-19T00:50:13.752+0000] {logging_mixin.py:154} INFO - [2025-05-19T00:50:13.751+0000] {dagbag.py:536} INFO - Filling up the DagBag from /opt/airflow/dags/hello_airflow.py
[2025-05-19T00:50:13.770+0000] {processor.py:839} INFO - DAG(s) dict_keys(['hello_airflow']) retrieved from /opt/airflow/dags/hello_airflow.py
[2025-05-19T00:50:13.821+0000] {logging_mixin.py:154} INFO - [2025-05-19T00:50:13.821+0000] {dag.py:2941} INFO - Sync 1 DAGs
[2025-05-19T00:50:13.840+0000] {logging_mixin.py:154} INFO - [2025-05-19T00:50:13.840+0000] {dag.py:3722} INFO - Setting next_dagrun for hello_airflow to 2025-05-19T00:00:00+00:00, run_after=2025-05-20T00:00:00+00:00
[2025-05-19T00:50:13.851+0000] {processor.py:179} INFO - Processing /opt/airflow/dags/hello_airflow.py took 0.110 seconds
[2025-05-19T00:50:44.818+0000] {processor.py:157} INFO - Started process (PID=76772) to work on /opt/airflow/dags/hello_airflow.py
[2025-05-19T00:50:44.818+0000] {processor.py:829} INFO - Processing file /opt/airflow/dags/hello_airflow.py for tasks to queue
[2025-05-19T00:50:44.819+0000] {logging_mixin.py:154} INFO - [2025-05-19T00:50:44.819+0000] {dagbag.py:536} INFO - Filling up the DagBag from /opt/airflow/dags/hello_airflow.py
[2025-05-19T00:50:44.826+0000] {processor.py:839} INFO - DAG(s) dict_keys(['hello_airflow']) retrieved from /opt/airflow/dags/hello_airflow.py
[2025-05-19T00:50:44.840+0000] {logging_mixin.py:154} INFO - [2025-05-19T00:50:44.840+0000] {dag.py:2941} INFO - Sync 1 DAGs
[2025-05-19T00:50:44.851+0000] {logging_mixin.py:154} INFO - [2025-05-19T00:50:44.851+0000] {dag.py:3722} INFO - Setting next_dagrun for hello_airflow to 2025-05-19T00:00:00+00:00, run_after=2025-05-20T00:00:00+00:00
[2025-05-19T00:50:44.871+0000] {processor.py:179} INFO - Processing /opt/airflow/dags/hello_airflow.py took 0.055 seconds
[2025-05-19T00:51:15.669+0000] {processor.py:157} INFO - Started process (PID=76803) to work on /opt/airflow/dags/hello_airflow.py
[2025-05-19T00:51:15.669+0000] {processor.py:829} INFO - Processing file /opt/airflow/dags/hello_airflow.py for tasks to queue
[2025-05-19T00:51:15.670+0000] {logging_mixin.py:154} INFO - [2025-05-19T00:51:15.670+0000] {dagbag.py:536} INFO - Filling up the DagBag from /opt/airflow/dags/hello_airflow.py
[2025-05-19T00:51:15.678+0000] {processor.py:839} INFO - DAG(s) dict_keys(['hello_airflow']) retrieved from /opt/airflow/dags/hello_airflow.py
[2025-05-19T00:51:15.697+0000] {logging_mixin.py:154} INFO - [2025-05-19T00:51:15.697+0000] {dag.py:2941} INFO - Sync 1 DAGs
[2025-05-19T00:51:15.716+0000] {logging_mixin.py:154} INFO - [2025-05-19T00:51:15.716+0000] {dag.py:3722} INFO - Setting next_dagrun for hello_airflow to 2025-05-19T00:00:00+00:00, run_after=2025-05-20T00:00:00+00:00
[2025-05-19T00:51:15.725+0000] {processor.py:179} INFO - Processing /opt/airflow/dags/hello_airflow.py took 0.059 seconds
[2025-05-19T00:51:46.532+0000] {processor.py:157} INFO - Started process (PID=76834) to work on /opt/airflow/dags/hello_airflow.py
[2025-05-19T00:51:46.533+0000] {processor.py:829} INFO - Processing file /opt/airflow/dags/hello_airflow.py for tasks to queue
[2025-05-19T00:51:46.534+0000] {logging_mixin.py:154} INFO - [2025-05-19T00:51:46.534+0000] {dagbag.py:536} INFO - Filling up the DagBag from /opt/airflow/dags/hello_airflow.py
[2025-05-19T00:51:46.541+0000] {processor.py:839} INFO - DAG(s) dict_keys(['hello_airflow']) retrieved from /opt/airflow/dags/hello_airflow.py
[2025-05-19T00:51:46.555+0000] {logging_mixin.py:154} INFO - [2025-05-19T00:51:46.555+0000] {dag.py:2941} INFO - Sync 1 DAGs
[2025-05-19T00:51:46.568+0000] {logging_mixin.py:154} INFO - [2025-05-19T00:51:46.568+0000] {dag.py:3722} INFO - Setting next_dagrun for hello_airflow to 2025-05-19T00:00:00+00:00, run_after=2025-05-20T00:00:00+00:00
[2025-05-19T00:51:46.577+0000] {processor.py:179} INFO - Processing /opt/airflow/dags/hello_airflow.py took 0.046 seconds
[2025-05-19T00:52:17.479+0000] {processor.py:157} INFO - Started process (PID=76865) to work on /opt/airflow/dags/hello_airflow.py
[2025-05-19T00:52:17.480+0000] {processor.py:829} INFO - Processing file /opt/airflow/dags/hello_airflow.py for tasks to queue
[2025-05-19T00:52:17.480+0000] {logging_mixin.py:154} INFO - [2025-05-19T00:52:17.480+0000] {dagbag.py:536} INFO - Filling up the DagBag from /opt/airflow/dags/hello_airflow.py
[2025-05-19T00:52:17.488+0000] {processor.py:839} INFO - DAG(s) dict_keys(['hello_airflow']) retrieved from /opt/airflow/dags/hello_airflow.py
[2025-05-19T00:52:17.502+0000] {logging_mixin.py:154} INFO - [2025-05-19T00:52:17.502+0000] {dag.py:2941} INFO - Sync 1 DAGs
[2025-05-19T00:52:17.516+0000] {logging_mixin.py:154} INFO - [2025-05-19T00:52:17.515+0000] {dag.py:3722} INFO - Setting next_dagrun for hello_airflow to 2025-05-19T00:00:00+00:00, run_after=2025-05-20T00:00:00+00:00
[2025-05-19T00:52:17.526+0000] {processor.py:179} INFO - Processing /opt/airflow/dags/hello_airflow.py took 0.048 seconds
[2025-05-19T00:52:48.478+0000] {processor.py:157} INFO - Started process (PID=76896) to work on /opt/airflow/dags/hello_airflow.py
[2025-05-19T00:52:48.479+0000] {processor.py:829} INFO - Processing file /opt/airflow/dags/hello_airflow.py for tasks to queue
[2025-05-19T00:52:48.479+0000] {logging_mixin.py:154} INFO - [2025-05-19T00:52:48.479+0000] {dagbag.py:536} INFO - Filling up the DagBag from /opt/airflow/dags/hello_airflow.py
[2025-05-19T00:52:48.487+0000] {processor.py:839} INFO - DAG(s) dict_keys(['hello_airflow']) retrieved from /opt/airflow/dags/hello_airflow.py
[2025-05-19T00:52:48.500+0000] {logging_mixin.py:154} INFO - [2025-05-19T00:52:48.500+0000] {dag.py:2941} INFO - Sync 1 DAGs
[2025-05-19T00:52:48.522+0000] {logging_mixin.py:154} INFO - [2025-05-19T00:52:48.522+0000] {dag.py:3722} INFO - Setting next_dagrun for hello_airflow to 2025-05-19T00:00:00+00:00, run_after=2025-05-20T00:00:00+00:00
[2025-05-19T00:52:48.534+0000] {processor.py:179} INFO - Processing /opt/airflow/dags/hello_airflow.py took 0.058 seconds
[2025-05-19T00:53:19.320+0000] {processor.py:157} INFO - Started process (PID=76927) to work on /opt/airflow/dags/hello_airflow.py
[2025-05-19T00:53:19.321+0000] {processor.py:829} INFO - Processing file /opt/airflow/dags/hello_airflow.py for tasks to queue
[2025-05-19T00:53:19.322+0000] {logging_mixin.py:154} INFO - [2025-05-19T00:53:19.321+0000] {dagbag.py:536} INFO - Filling up the DagBag from /opt/airflow/dags/hello_airflow.py
[2025-05-19T00:53:19.329+0000] {processor.py:839} INFO - DAG(s) dict_keys(['hello_airflow']) retrieved from /opt/airflow/dags/hello_airflow.py
[2025-05-19T00:53:19.344+0000] {logging_mixin.py:154} INFO - [2025-05-19T00:53:19.344+0000] {dag.py:2941} INFO - Sync 1 DAGs
[2025-05-19T00:53:19.356+0000] {logging_mixin.py:154} INFO - [2025-05-19T00:53:19.356+0000] {dag.py:3722} INFO - Setting next_dagrun for hello_airflow to 2025-05-19T00:00:00+00:00, run_after=2025-05-20T00:00:00+00:00
[2025-05-19T00:53:19.364+0000] {processor.py:179} INFO - Processing /opt/airflow/dags/hello_airflow.py took 0.046 seconds
[2025-05-19T00:53:50.329+0000] {processor.py:157} INFO - Started process (PID=76958) to work on /opt/airflow/dags/hello_airflow.py
[2025-05-19T00:53:50.329+0000] {processor.py:829} INFO - Processing file /opt/airflow/dags/hello_airflow.py for tasks to queue
[2025-05-19T00:53:50.330+0000] {logging_mixin.py:154} INFO - [2025-05-19T00:53:50.330+0000] {dagbag.py:536} INFO - Filling up the DagBag from /opt/airflow/dags/hello_airflow.py
[2025-05-19T00:53:50.337+0000] {processor.py:839} INFO - DAG(s) dict_keys(['hello_airflow']) retrieved from /opt/airflow/dags/hello_airflow.py
[2025-05-19T00:53:50.351+0000] {logging_mixin.py:154} INFO - [2025-05-19T00:53:50.351+0000] {dag.py:2941} INFO - Sync 1 DAGs
[2025-05-19T00:53:50.374+0000] {logging_mixin.py:154} INFO - [2025-05-19T00:53:50.374+0000] {dag.py:3722} INFO - Setting next_dagrun for hello_airflow to 2025-05-19T00:00:00+00:00, run_after=2025-05-20T00:00:00+00:00
[2025-05-19T00:53:50.382+0000] {processor.py:179} INFO - Processing /opt/airflow/dags/hello_airflow.py took 0.055 seconds
[2025-05-19T00:54:21.315+0000] {processor.py:157} INFO - Started process (PID=76989) to work on /opt/airflow/dags/hello_airflow.py
[2025-05-19T00:54:21.316+0000] {processor.py:829} INFO - Processing file /opt/airflow/dags/hello_airflow.py for tasks to queue
[2025-05-19T00:54:21.316+0000] {logging_mixin.py:154} INFO - [2025-05-19T00:54:21.316+0000] {dagbag.py:536} INFO - Filling up the DagBag from /opt/airflow/dags/hello_airflow.py
[2025-05-19T00:54:21.323+0000] {processor.py:839} INFO - DAG(s) dict_keys(['hello_airflow']) retrieved from /opt/airflow/dags/hello_airflow.py
[2025-05-19T00:54:21.336+0000] {logging_mixin.py:154} INFO - [2025-05-19T00:54:21.336+0000] {dag.py:2941} INFO - Sync 1 DAGs
[2025-05-19T00:54:21.349+0000] {logging_mixin.py:154} INFO - [2025-05-19T00:54:21.348+0000] {dag.py:3722} INFO - Setting next_dagrun for hello_airflow to 2025-05-19T00:00:00+00:00, run_after=2025-05-20T00:00:00+00:00
[2025-05-19T00:54:21.357+0000] {processor.py:179} INFO - Processing /opt/airflow/dags/hello_airflow.py took 0.043 seconds
[2025-05-19T00:54:52.130+0000] {processor.py:157} INFO - Started process (PID=77020) to work on /opt/airflow/dags/hello_airflow.py
[2025-05-19T00:54:52.130+0000] {processor.py:829} INFO - Processing file /opt/airflow/dags/hello_airflow.py for tasks to queue
[2025-05-19T00:54:52.131+0000] {logging_mixin.py:154} INFO - [2025-05-19T00:54:52.131+0000] {dagbag.py:536} INFO - Filling up the DagBag from /opt/airflow/dags/hello_airflow.py
[2025-05-19T00:54:52.139+0000] {processor.py:839} INFO - DAG(s) dict_keys(['hello_airflow']) retrieved from /opt/airflow/dags/hello_airflow.py
[2025-05-19T00:54:52.153+0000] {logging_mixin.py:154} INFO - [2025-05-19T00:54:52.153+0000] {dag.py:2941} INFO - Sync 1 DAGs
[2025-05-19T00:54:52.164+0000] {logging_mixin.py:154} INFO - [2025-05-19T00:54:52.164+0000] {dag.py:3722} INFO - Setting next_dagrun for hello_airflow to 2025-05-19T00:00:00+00:00, run_after=2025-05-20T00:00:00+00:00
[2025-05-19T00:54:52.172+0000] {processor.py:179} INFO - Processing /opt/airflow/dags/hello_airflow.py took 0.045 seconds
[2025-05-19T00:55:23.119+0000] {processor.py:157} INFO - Started process (PID=77051) to work on /opt/airflow/dags/hello_airflow.py
[2025-05-19T00:55:23.120+0000] {processor.py:829} INFO - Processing file /opt/airflow/dags/hello_airflow.py for tasks to queue
[2025-05-19T00:55:23.120+0000] {logging_mixin.py:154} INFO - [2025-05-19T00:55:23.120+0000] {dagbag.py:536} INFO - Filling up the DagBag from /opt/airflow/dags/hello_airflow.py
[2025-05-19T00:55:23.128+0000] {processor.py:839} INFO - DAG(s) dict_keys(['hello_airflow']) retrieved from /opt/airflow/dags/hello_airflow.py
[2025-05-19T00:55:23.142+0000] {logging_mixin.py:154} INFO - [2025-05-19T00:55:23.142+0000] {dag.py:2941} INFO - Sync 1 DAGs
[2025-05-19T00:55:23.155+0000] {logging_mixin.py:154} INFO - [2025-05-19T00:55:23.155+0000] {dag.py:3722} INFO - Setting next_dagrun for hello_airflow to 2025-05-19T00:00:00+00:00, run_after=2025-05-20T00:00:00+00:00
[2025-05-19T00:55:23.164+0000] {processor.py:179} INFO - Processing /opt/airflow/dags/hello_airflow.py took 0.046 seconds
[2025-05-19T00:55:53.973+0000] {processor.py:157} INFO - Started process (PID=77082) to work on /opt/airflow/dags/hello_airflow.py
[2025-05-19T00:55:53.973+0000] {processor.py:829} INFO - Processing file /opt/airflow/dags/hello_airflow.py for tasks to queue
[2025-05-19T00:55:53.974+0000] {logging_mixin.py:154} INFO - [2025-05-19T00:55:53.974+0000] {dagbag.py:536} INFO - Filling up the DagBag from /opt/airflow/dags/hello_airflow.py
[2025-05-19T00:55:53.982+0000] {processor.py:839} INFO - DAG(s) dict_keys(['hello_airflow']) retrieved from /opt/airflow/dags/hello_airflow.py
[2025-05-19T00:55:53.997+0000] {logging_mixin.py:154} INFO - [2025-05-19T00:55:53.997+0000] {dag.py:2941} INFO - Sync 1 DAGs
[2025-05-19T00:55:54.011+0000] {logging_mixin.py:154} INFO - [2025-05-19T00:55:54.011+0000] {dag.py:3722} INFO - Setting next_dagrun for hello_airflow to 2025-05-19T00:00:00+00:00, run_after=2025-05-20T00:00:00+00:00
[2025-05-19T00:55:54.020+0000] {processor.py:179} INFO - Processing /opt/airflow/dags/hello_airflow.py took 0.049 seconds
[2025-05-19T00:56:24.949+0000] {processor.py:157} INFO - Started process (PID=77113) to work on /opt/airflow/dags/hello_airflow.py
[2025-05-19T00:56:24.950+0000] {processor.py:829} INFO - Processing file /opt/airflow/dags/hello_airflow.py for tasks to queue
[2025-05-19T00:56:24.950+0000] {logging_mixin.py:154} INFO - [2025-05-19T00:56:24.950+0000] {dagbag.py:536} INFO - Filling up the DagBag from /opt/airflow/dags/hello_airflow.py
[2025-05-19T00:56:24.957+0000] {processor.py:839} INFO - DAG(s) dict_keys(['hello_airflow']) retrieved from /opt/airflow/dags/hello_airflow.py
[2025-05-19T00:56:24.970+0000] {logging_mixin.py:154} INFO - [2025-05-19T00:56:24.969+0000] {dag.py:2941} INFO - Sync 1 DAGs
[2025-05-19T00:56:24.980+0000] {logging_mixin.py:154} INFO - [2025-05-19T00:56:24.980+0000] {dag.py:3722} INFO - Setting next_dagrun for hello_airflow to 2025-05-19T00:00:00+00:00, run_after=2025-05-20T00:00:00+00:00
[2025-05-19T00:56:24.989+0000] {processor.py:179} INFO - Processing /opt/airflow/dags/hello_airflow.py took 0.041 seconds
[2025-05-19T00:56:55.780+0000] {processor.py:157} INFO - Started process (PID=77144) to work on /opt/airflow/dags/hello_airflow.py
[2025-05-19T00:56:55.781+0000] {processor.py:829} INFO - Processing file /opt/airflow/dags/hello_airflow.py for tasks to queue
[2025-05-19T00:56:55.781+0000] {logging_mixin.py:154} INFO - [2025-05-19T00:56:55.781+0000] {dagbag.py:536} INFO - Filling up the DagBag from /opt/airflow/dags/hello_airflow.py
[2025-05-19T00:56:55.792+0000] {processor.py:839} INFO - DAG(s) dict_keys(['hello_airflow']) retrieved from /opt/airflow/dags/hello_airflow.py
[2025-05-19T00:56:55.806+0000] {logging_mixin.py:154} INFO - [2025-05-19T00:56:55.806+0000] {dag.py:2941} INFO - Sync 1 DAGs
[2025-05-19T00:56:55.818+0000] {logging_mixin.py:154} INFO - [2025-05-19T00:56:55.818+0000] {dag.py:3722} INFO - Setting next_dagrun for hello_airflow to 2025-05-19T00:00:00+00:00, run_after=2025-05-20T00:00:00+00:00
[2025-05-19T00:56:55.827+0000] {processor.py:179} INFO - Processing /opt/airflow/dags/hello_airflow.py took 0.050 seconds
[2025-05-19T00:57:26.809+0000] {processor.py:157} INFO - Started process (PID=77175) to work on /opt/airflow/dags/hello_airflow.py
[2025-05-19T00:57:26.809+0000] {processor.py:829} INFO - Processing file /opt/airflow/dags/hello_airflow.py for tasks to queue
[2025-05-19T00:57:26.810+0000] {logging_mixin.py:154} INFO - [2025-05-19T00:57:26.809+0000] {dagbag.py:536} INFO - Filling up the DagBag from /opt/airflow/dags/hello_airflow.py
[2025-05-19T00:57:26.818+0000] {processor.py:839} INFO - DAG(s) dict_keys(['hello_airflow']) retrieved from /opt/airflow/dags/hello_airflow.py
[2025-05-19T00:57:26.831+0000] {logging_mixin.py:154} INFO - [2025-05-19T00:57:26.831+0000] {dag.py:2941} INFO - Sync 1 DAGs
[2025-05-19T00:57:26.847+0000] {logging_mixin.py:154} INFO - [2025-05-19T00:57:26.847+0000] {dag.py:3722} INFO - Setting next_dagrun for hello_airflow to 2025-05-19T00:00:00+00:00, run_after=2025-05-20T00:00:00+00:00
[2025-05-19T00:57:26.856+0000] {processor.py:179} INFO - Processing /opt/airflow/dags/hello_airflow.py took 0.049 seconds
[2025-05-19T00:57:57.746+0000] {processor.py:157} INFO - Started process (PID=77206) to work on /opt/airflow/dags/hello_airflow.py
[2025-05-19T00:57:57.747+0000] {processor.py:829} INFO - Processing file /opt/airflow/dags/hello_airflow.py for tasks to queue
[2025-05-19T00:57:57.747+0000] {logging_mixin.py:154} INFO - [2025-05-19T00:57:57.747+0000] {dagbag.py:536} INFO - Filling up the DagBag from /opt/airflow/dags/hello_airflow.py
[2025-05-19T00:57:57.754+0000] {processor.py:839} INFO - DAG(s) dict_keys(['hello_airflow']) retrieved from /opt/airflow/dags/hello_airflow.py
[2025-05-19T00:57:57.768+0000] {logging_mixin.py:154} INFO - [2025-05-19T00:57:57.768+0000] {dag.py:2941} INFO - Sync 1 DAGs
[2025-05-19T00:57:57.779+0000] {logging_mixin.py:154} INFO - [2025-05-19T00:57:57.779+0000] {dag.py:3722} INFO - Setting next_dagrun for hello_airflow to 2025-05-19T00:00:00+00:00, run_after=2025-05-20T00:00:00+00:00
[2025-05-19T00:57:57.788+0000] {processor.py:179} INFO - Processing /opt/airflow/dags/hello_airflow.py took 0.044 seconds
[2025-05-19T00:58:28.668+0000] {processor.py:157} INFO - Started process (PID=77237) to work on /opt/airflow/dags/hello_airflow.py
[2025-05-19T00:58:28.668+0000] {processor.py:829} INFO - Processing file /opt/airflow/dags/hello_airflow.py for tasks to queue
[2025-05-19T00:58:28.669+0000] {logging_mixin.py:154} INFO - [2025-05-19T00:58:28.669+0000] {dagbag.py:536} INFO - Filling up the DagBag from /opt/airflow/dags/hello_airflow.py
[2025-05-19T00:58:28.681+0000] {processor.py:839} INFO - DAG(s) dict_keys(['hello_airflow']) retrieved from /opt/airflow/dags/hello_airflow.py
[2025-05-19T00:58:28.698+0000] {logging_mixin.py:154} INFO - [2025-05-19T00:58:28.697+0000] {dag.py:2941} INFO - Sync 1 DAGs
[2025-05-19T00:58:28.710+0000] {logging_mixin.py:154} INFO - [2025-05-19T00:58:28.710+0000] {dag.py:3722} INFO - Setting next_dagrun for hello_airflow to 2025-05-19T00:00:00+00:00, run_after=2025-05-20T00:00:00+00:00
[2025-05-19T00:58:28.719+0000] {processor.py:179} INFO - Processing /opt/airflow/dags/hello_airflow.py took 0.053 seconds
[2025-05-19T00:58:59.523+0000] {processor.py:157} INFO - Started process (PID=77268) to work on /opt/airflow/dags/hello_airflow.py
[2025-05-19T00:58:59.524+0000] {processor.py:829} INFO - Processing file /opt/airflow/dags/hello_airflow.py for tasks to queue
[2025-05-19T00:58:59.524+0000] {logging_mixin.py:154} INFO - [2025-05-19T00:58:59.524+0000] {dagbag.py:536} INFO - Filling up the DagBag from /opt/airflow/dags/hello_airflow.py
[2025-05-19T00:58:59.531+0000] {processor.py:839} INFO - DAG(s) dict_keys(['hello_airflow']) retrieved from /opt/airflow/dags/hello_airflow.py
[2025-05-19T00:58:59.545+0000] {logging_mixin.py:154} INFO - [2025-05-19T00:58:59.545+0000] {dag.py:2941} INFO - Sync 1 DAGs
[2025-05-19T00:58:59.555+0000] {logging_mixin.py:154} INFO - [2025-05-19T00:58:59.555+0000] {dag.py:3722} INFO - Setting next_dagrun for hello_airflow to 2025-05-19T00:00:00+00:00, run_after=2025-05-20T00:00:00+00:00
[2025-05-19T00:58:59.563+0000] {processor.py:179} INFO - Processing /opt/airflow/dags/hello_airflow.py took 0.042 seconds
[2025-05-19T00:59:30.356+0000] {processor.py:157} INFO - Started process (PID=77299) to work on /opt/airflow/dags/hello_airflow.py
[2025-05-19T00:59:30.357+0000] {processor.py:829} INFO - Processing file /opt/airflow/dags/hello_airflow.py for tasks to queue
[2025-05-19T00:59:30.358+0000] {logging_mixin.py:154} INFO - [2025-05-19T00:59:30.357+0000] {dagbag.py:536} INFO - Filling up the DagBag from /opt/airflow/dags/hello_airflow.py
[2025-05-19T00:59:30.365+0000] {processor.py:839} INFO - DAG(s) dict_keys(['hello_airflow']) retrieved from /opt/airflow/dags/hello_airflow.py
[2025-05-19T00:59:30.381+0000] {logging_mixin.py:154} INFO - [2025-05-19T00:59:30.381+0000] {dag.py:2941} INFO - Sync 1 DAGs
[2025-05-19T00:59:30.397+0000] {logging_mixin.py:154} INFO - [2025-05-19T00:59:30.397+0000] {dag.py:3722} INFO - Setting next_dagrun for hello_airflow to 2025-05-19T00:00:00+00:00, run_after=2025-05-20T00:00:00+00:00
[2025-05-19T00:59:30.407+0000] {processor.py:179} INFO - Processing /opt/airflow/dags/hello_airflow.py took 0.054 seconds
[2025-05-19T01:00:01.280+0000] {processor.py:157} INFO - Started process (PID=77330) to work on /opt/airflow/dags/hello_airflow.py
[2025-05-19T01:00:01.281+0000] {processor.py:829} INFO - Processing file /opt/airflow/dags/hello_airflow.py for tasks to queue
[2025-05-19T01:00:01.281+0000] {logging_mixin.py:154} INFO - [2025-05-19T01:00:01.281+0000] {dagbag.py:536} INFO - Filling up the DagBag from /opt/airflow/dags/hello_airflow.py
[2025-05-19T01:00:01.309+0000] {processor.py:839} INFO - DAG(s) dict_keys(['hello_airflow']) retrieved from /opt/airflow/dags/hello_airflow.py
[2025-05-19T01:00:01.376+0000] {logging_mixin.py:154} INFO - [2025-05-19T01:00:01.376+0000] {dag.py:2941} INFO - Sync 1 DAGs
[2025-05-19T01:00:01.405+0000] {logging_mixin.py:154} INFO - [2025-05-19T01:00:01.404+0000] {dag.py:3722} INFO - Setting next_dagrun for hello_airflow to 2025-05-19T00:00:00+00:00, run_after=2025-05-20T00:00:00+00:00
[2025-05-19T01:00:01.423+0000] {processor.py:179} INFO - Processing /opt/airflow/dags/hello_airflow.py took 0.146 seconds
[2025-05-19T01:00:32.311+0000] {processor.py:157} INFO - Started process (PID=77361) to work on /opt/airflow/dags/hello_airflow.py
[2025-05-19T01:00:32.312+0000] {processor.py:829} INFO - Processing file /opt/airflow/dags/hello_airflow.py for tasks to queue
[2025-05-19T01:00:32.312+0000] {logging_mixin.py:154} INFO - [2025-05-19T01:00:32.312+0000] {dagbag.py:536} INFO - Filling up the DagBag from /opt/airflow/dags/hello_airflow.py
[2025-05-19T01:00:32.319+0000] {processor.py:839} INFO - DAG(s) dict_keys(['hello_airflow']) retrieved from /opt/airflow/dags/hello_airflow.py
[2025-05-19T01:00:32.332+0000] {logging_mixin.py:154} INFO - [2025-05-19T01:00:32.332+0000] {dag.py:2941} INFO - Sync 1 DAGs
[2025-05-19T01:00:32.344+0000] {logging_mixin.py:154} INFO - [2025-05-19T01:00:32.344+0000] {dag.py:3722} INFO - Setting next_dagrun for hello_airflow to 2025-05-19T00:00:00+00:00, run_after=2025-05-20T00:00:00+00:00
[2025-05-19T01:00:32.352+0000] {processor.py:179} INFO - Processing /opt/airflow/dags/hello_airflow.py took 0.043 seconds
[2025-05-19T01:01:03.101+0000] {processor.py:157} INFO - Started process (PID=77392) to work on /opt/airflow/dags/hello_airflow.py
[2025-05-19T01:01:03.102+0000] {processor.py:829} INFO - Processing file /opt/airflow/dags/hello_airflow.py for tasks to queue
[2025-05-19T01:01:03.102+0000] {logging_mixin.py:154} INFO - [2025-05-19T01:01:03.102+0000] {dagbag.py:536} INFO - Filling up the DagBag from /opt/airflow/dags/hello_airflow.py
[2025-05-19T01:01:03.110+0000] {processor.py:839} INFO - DAG(s) dict_keys(['hello_airflow']) retrieved from /opt/airflow/dags/hello_airflow.py
[2025-05-19T01:01:03.125+0000] {logging_mixin.py:154} INFO - [2025-05-19T01:01:03.125+0000] {dag.py:2941} INFO - Sync 1 DAGs
[2025-05-19T01:01:03.141+0000] {logging_mixin.py:154} INFO - [2025-05-19T01:01:03.140+0000] {dag.py:3722} INFO - Setting next_dagrun for hello_airflow to 2025-05-19T00:00:00+00:00, run_after=2025-05-20T00:00:00+00:00
[2025-05-19T01:01:03.152+0000] {processor.py:179} INFO - Processing /opt/airflow/dags/hello_airflow.py took 0.053 seconds
[2025-05-19T01:01:33.895+0000] {processor.py:157} INFO - Started process (PID=77423) to work on /opt/airflow/dags/hello_airflow.py
[2025-05-19T01:01:33.896+0000] {processor.py:829} INFO - Processing file /opt/airflow/dags/hello_airflow.py for tasks to queue
[2025-05-19T01:01:33.897+0000] {logging_mixin.py:154} INFO - [2025-05-19T01:01:33.897+0000] {dagbag.py:536} INFO - Filling up the DagBag from /opt/airflow/dags/hello_airflow.py
[2025-05-19T01:01:33.905+0000] {processor.py:839} INFO - DAG(s) dict_keys(['hello_airflow']) retrieved from /opt/airflow/dags/hello_airflow.py
[2025-05-19T01:01:33.918+0000] {logging_mixin.py:154} INFO - [2025-05-19T01:01:33.918+0000] {dag.py:2941} INFO - Sync 1 DAGs
[2025-05-19T01:01:33.930+0000] {logging_mixin.py:154} INFO - [2025-05-19T01:01:33.930+0000] {dag.py:3722} INFO - Setting next_dagrun for hello_airflow to 2025-05-19T00:00:00+00:00, run_after=2025-05-20T00:00:00+00:00
[2025-05-19T01:01:33.939+0000] {processor.py:179} INFO - Processing /opt/airflow/dags/hello_airflow.py took 0.046 seconds
[2025-05-19T01:02:04.877+0000] {processor.py:157} INFO - Started process (PID=77454) to work on /opt/airflow/dags/hello_airflow.py
[2025-05-19T01:02:04.878+0000] {processor.py:829} INFO - Processing file /opt/airflow/dags/hello_airflow.py for tasks to queue
[2025-05-19T01:02:04.878+0000] {logging_mixin.py:154} INFO - [2025-05-19T01:02:04.878+0000] {dagbag.py:536} INFO - Filling up the DagBag from /opt/airflow/dags/hello_airflow.py
[2025-05-19T01:02:04.885+0000] {processor.py:839} INFO - DAG(s) dict_keys(['hello_airflow']) retrieved from /opt/airflow/dags/hello_airflow.py
[2025-05-19T01:02:04.900+0000] {logging_mixin.py:154} INFO - [2025-05-19T01:02:04.900+0000] {dag.py:2941} INFO - Sync 1 DAGs
[2025-05-19T01:02:04.923+0000] {logging_mixin.py:154} INFO - [2025-05-19T01:02:04.922+0000] {dag.py:3722} INFO - Setting next_dagrun for hello_airflow to 2025-05-19T00:00:00+00:00, run_after=2025-05-20T00:00:00+00:00
[2025-05-19T01:02:04.931+0000] {processor.py:179} INFO - Processing /opt/airflow/dags/hello_airflow.py took 0.055 seconds
[2025-05-19T01:02:35.726+0000] {processor.py:157} INFO - Started process (PID=77485) to work on /opt/airflow/dags/hello_airflow.py
[2025-05-19T01:02:35.727+0000] {processor.py:829} INFO - Processing file /opt/airflow/dags/hello_airflow.py for tasks to queue
[2025-05-19T01:02:35.727+0000] {logging_mixin.py:154} INFO - [2025-05-19T01:02:35.727+0000] {dagbag.py:536} INFO - Filling up the DagBag from /opt/airflow/dags/hello_airflow.py
[2025-05-19T01:02:35.736+0000] {processor.py:839} INFO - DAG(s) dict_keys(['hello_airflow']) retrieved from /opt/airflow/dags/hello_airflow.py
[2025-05-19T01:02:35.753+0000] {logging_mixin.py:154} INFO - [2025-05-19T01:02:35.753+0000] {dag.py:2941} INFO - Sync 1 DAGs
[2025-05-19T01:02:35.766+0000] {logging_mixin.py:154} INFO - [2025-05-19T01:02:35.766+0000] {dag.py:3722} INFO - Setting next_dagrun for hello_airflow to 2025-05-19T00:00:00+00:00, run_after=2025-05-20T00:00:00+00:00
[2025-05-19T01:02:35.775+0000] {processor.py:179} INFO - Processing /opt/airflow/dags/hello_airflow.py took 0.052 seconds
[2025-05-19T01:03:06.652+0000] {processor.py:157} INFO - Started process (PID=77516) to work on /opt/airflow/dags/hello_airflow.py
[2025-05-19T01:03:06.653+0000] {processor.py:829} INFO - Processing file /opt/airflow/dags/hello_airflow.py for tasks to queue
[2025-05-19T01:03:06.653+0000] {logging_mixin.py:154} INFO - [2025-05-19T01:03:06.653+0000] {dagbag.py:536} INFO - Filling up the DagBag from /opt/airflow/dags/hello_airflow.py
[2025-05-19T01:03:06.662+0000] {processor.py:839} INFO - DAG(s) dict_keys(['hello_airflow']) retrieved from /opt/airflow/dags/hello_airflow.py
[2025-05-19T01:03:06.675+0000] {logging_mixin.py:154} INFO - [2025-05-19T01:03:06.675+0000] {dag.py:2941} INFO - Sync 1 DAGs
[2025-05-19T01:03:06.687+0000] {logging_mixin.py:154} INFO - [2025-05-19T01:03:06.687+0000] {dag.py:3722} INFO - Setting next_dagrun for hello_airflow to 2025-05-19T00:00:00+00:00, run_after=2025-05-20T00:00:00+00:00
[2025-05-19T01:03:06.695+0000] {processor.py:179} INFO - Processing /opt/airflow/dags/hello_airflow.py took 0.045 seconds
[2025-05-19T01:03:37.421+0000] {processor.py:157} INFO - Started process (PID=77547) to work on /opt/airflow/dags/hello_airflow.py
[2025-05-19T01:03:37.422+0000] {processor.py:829} INFO - Processing file /opt/airflow/dags/hello_airflow.py for tasks to queue
[2025-05-19T01:03:37.422+0000] {logging_mixin.py:154} INFO - [2025-05-19T01:03:37.422+0000] {dagbag.py:536} INFO - Filling up the DagBag from /opt/airflow/dags/hello_airflow.py
[2025-05-19T01:03:37.430+0000] {processor.py:839} INFO - DAG(s) dict_keys(['hello_airflow']) retrieved from /opt/airflow/dags/hello_airflow.py
[2025-05-19T01:03:37.446+0000] {logging_mixin.py:154} INFO - [2025-05-19T01:03:37.446+0000] {dag.py:2941} INFO - Sync 1 DAGs
[2025-05-19T01:03:37.459+0000] {logging_mixin.py:154} INFO - [2025-05-19T01:03:37.459+0000] {dag.py:3722} INFO - Setting next_dagrun for hello_airflow to 2025-05-19T00:00:00+00:00, run_after=2025-05-20T00:00:00+00:00
[2025-05-19T01:03:37.468+0000] {processor.py:179} INFO - Processing /opt/airflow/dags/hello_airflow.py took 0.048 seconds
[2025-05-19T01:04:08.379+0000] {processor.py:157} INFO - Started process (PID=77578) to work on /opt/airflow/dags/hello_airflow.py
[2025-05-19T01:04:08.380+0000] {processor.py:829} INFO - Processing file /opt/airflow/dags/hello_airflow.py for tasks to queue
[2025-05-19T01:04:08.380+0000] {logging_mixin.py:154} INFO - [2025-05-19T01:04:08.380+0000] {dagbag.py:536} INFO - Filling up the DagBag from /opt/airflow/dags/hello_airflow.py
[2025-05-19T01:04:08.387+0000] {processor.py:839} INFO - DAG(s) dict_keys(['hello_airflow']) retrieved from /opt/airflow/dags/hello_airflow.py
[2025-05-19T01:04:08.400+0000] {logging_mixin.py:154} INFO - [2025-05-19T01:04:08.400+0000] {dag.py:2941} INFO - Sync 1 DAGs
[2025-05-19T01:04:08.412+0000] {logging_mixin.py:154} INFO - [2025-05-19T01:04:08.412+0000] {dag.py:3722} INFO - Setting next_dagrun for hello_airflow to 2025-05-19T00:00:00+00:00, run_after=2025-05-20T00:00:00+00:00
[2025-05-19T01:04:08.430+0000] {processor.py:179} INFO - Processing /opt/airflow/dags/hello_airflow.py took 0.052 seconds
[2025-05-19T01:04:39.184+0000] {processor.py:157} INFO - Started process (PID=77609) to work on /opt/airflow/dags/hello_airflow.py
[2025-05-19T01:04:39.184+0000] {processor.py:829} INFO - Processing file /opt/airflow/dags/hello_airflow.py for tasks to queue
[2025-05-19T01:04:39.185+0000] {logging_mixin.py:154} INFO - [2025-05-19T01:04:39.185+0000] {dagbag.py:536} INFO - Filling up the DagBag from /opt/airflow/dags/hello_airflow.py
[2025-05-19T01:04:39.193+0000] {processor.py:839} INFO - DAG(s) dict_keys(['hello_airflow']) retrieved from /opt/airflow/dags/hello_airflow.py
[2025-05-19T01:04:39.210+0000] {logging_mixin.py:154} INFO - [2025-05-19T01:04:39.210+0000] {dag.py:2941} INFO - Sync 1 DAGs
[2025-05-19T01:04:39.222+0000] {logging_mixin.py:154} INFO - [2025-05-19T01:04:39.222+0000] {dag.py:3722} INFO - Setting next_dagrun for hello_airflow to 2025-05-19T00:00:00+00:00, run_after=2025-05-20T00:00:00+00:00
[2025-05-19T01:04:39.230+0000] {processor.py:179} INFO - Processing /opt/airflow/dags/hello_airflow.py took 0.049 seconds
[2025-05-19T01:05:10.148+0000] {processor.py:157} INFO - Started process (PID=77640) to work on /opt/airflow/dags/hello_airflow.py
[2025-05-19T01:05:10.149+0000] {processor.py:829} INFO - Processing file /opt/airflow/dags/hello_airflow.py for tasks to queue
[2025-05-19T01:05:10.150+0000] {logging_mixin.py:154} INFO - [2025-05-19T01:05:10.150+0000] {dagbag.py:536} INFO - Filling up the DagBag from /opt/airflow/dags/hello_airflow.py
[2025-05-19T01:05:10.161+0000] {processor.py:839} INFO - DAG(s) dict_keys(['hello_airflow']) retrieved from /opt/airflow/dags/hello_airflow.py
[2025-05-19T01:05:10.175+0000] {logging_mixin.py:154} INFO - [2025-05-19T01:05:10.175+0000] {dag.py:2941} INFO - Sync 1 DAGs
[2025-05-19T01:05:10.186+0000] {logging_mixin.py:154} INFO - [2025-05-19T01:05:10.186+0000] {dag.py:3722} INFO - Setting next_dagrun for hello_airflow to 2025-05-19T00:00:00+00:00, run_after=2025-05-20T00:00:00+00:00
[2025-05-19T01:05:10.195+0000] {processor.py:179} INFO - Processing /opt/airflow/dags/hello_airflow.py took 0.049 seconds
[2025-05-19T01:20:28.135+0000] {processor.py:157} INFO - Started process (PID=77673) to work on /opt/airflow/dags/hello_airflow.py
[2025-05-19T01:20:28.137+0000] {processor.py:829} INFO - Processing file /opt/airflow/dags/hello_airflow.py for tasks to queue
[2025-05-19T01:20:28.137+0000] {logging_mixin.py:154} INFO - [2025-05-19T01:20:28.137+0000] {dagbag.py:536} INFO - Filling up the DagBag from /opt/airflow/dags/hello_airflow.py
[2025-05-19T01:20:28.150+0000] {processor.py:839} INFO - DAG(s) dict_keys(['hello_airflow']) retrieved from /opt/airflow/dags/hello_airflow.py
[2025-05-19T01:20:28.215+0000] {logging_mixin.py:154} INFO - [2025-05-19T01:20:28.215+0000] {dag.py:2941} INFO - Sync 1 DAGs
[2025-05-19T01:20:28.235+0000] {logging_mixin.py:154} INFO - [2025-05-19T01:20:28.235+0000] {dag.py:3722} INFO - Setting next_dagrun for hello_airflow to 2025-05-19T00:00:00+00:00, run_after=2025-05-20T00:00:00+00:00
[2025-05-19T01:20:28.244+0000] {processor.py:179} INFO - Processing /opt/airflow/dags/hello_airflow.py took 0.113 seconds
[2025-05-19T01:20:59.178+0000] {processor.py:157} INFO - Started process (PID=77704) to work on /opt/airflow/dags/hello_airflow.py
[2025-05-19T01:20:59.178+0000] {processor.py:829} INFO - Processing file /opt/airflow/dags/hello_airflow.py for tasks to queue
[2025-05-19T01:20:59.179+0000] {logging_mixin.py:154} INFO - [2025-05-19T01:20:59.178+0000] {dagbag.py:536} INFO - Filling up the DagBag from /opt/airflow/dags/hello_airflow.py
[2025-05-19T01:20:59.186+0000] {processor.py:839} INFO - DAG(s) dict_keys(['hello_airflow']) retrieved from /opt/airflow/dags/hello_airflow.py
[2025-05-19T01:20:59.201+0000] {logging_mixin.py:154} INFO - [2025-05-19T01:20:59.201+0000] {dag.py:2941} INFO - Sync 1 DAGs
[2025-05-19T01:20:59.215+0000] {logging_mixin.py:154} INFO - [2025-05-19T01:20:59.215+0000] {dag.py:3722} INFO - Setting next_dagrun for hello_airflow to 2025-05-19T00:00:00+00:00, run_after=2025-05-20T00:00:00+00:00
[2025-05-19T01:20:59.223+0000] {processor.py:179} INFO - Processing /opt/airflow/dags/hello_airflow.py took 0.048 seconds
[2025-05-19T01:37:48.596+0000] {processor.py:157} INFO - Started process (PID=77737) to work on /opt/airflow/dags/hello_airflow.py
[2025-05-19T01:37:48.597+0000] {processor.py:829} INFO - Processing file /opt/airflow/dags/hello_airflow.py for tasks to queue
[2025-05-19T01:37:48.597+0000] {logging_mixin.py:154} INFO - [2025-05-19T01:37:48.597+0000] {dagbag.py:536} INFO - Filling up the DagBag from /opt/airflow/dags/hello_airflow.py
[2025-05-19T01:37:48.607+0000] {processor.py:839} INFO - DAG(s) dict_keys(['hello_airflow']) retrieved from /opt/airflow/dags/hello_airflow.py
[2025-05-19T01:37:48.623+0000] {logging_mixin.py:154} INFO - [2025-05-19T01:37:48.623+0000] {dag.py:2941} INFO - Sync 1 DAGs
[2025-05-19T01:37:48.636+0000] {logging_mixin.py:154} INFO - [2025-05-19T01:37:48.636+0000] {dag.py:3722} INFO - Setting next_dagrun for hello_airflow to 2025-05-19T00:00:00+00:00, run_after=2025-05-20T00:00:00+00:00
[2025-05-19T01:37:48.664+0000] {processor.py:179} INFO - Processing /opt/airflow/dags/hello_airflow.py took 0.069 seconds
[2025-05-19T01:53:50.816+0000] {processor.py:157} INFO - Started process (PID=77768) to work on /opt/airflow/dags/hello_airflow.py
[2025-05-19T01:53:50.817+0000] {processor.py:829} INFO - Processing file /opt/airflow/dags/hello_airflow.py for tasks to queue
[2025-05-19T01:53:50.817+0000] {logging_mixin.py:154} INFO - [2025-05-19T01:53:50.817+0000] {dagbag.py:536} INFO - Filling up the DagBag from /opt/airflow/dags/hello_airflow.py
[2025-05-19T01:53:50.828+0000] {processor.py:839} INFO - DAG(s) dict_keys(['hello_airflow']) retrieved from /opt/airflow/dags/hello_airflow.py
[2025-05-19T01:53:50.873+0000] {logging_mixin.py:154} INFO - [2025-05-19T01:53:50.873+0000] {dag.py:2941} INFO - Sync 1 DAGs
[2025-05-19T01:53:50.886+0000] {logging_mixin.py:154} INFO - [2025-05-19T01:53:50.886+0000] {dag.py:3722} INFO - Setting next_dagrun for hello_airflow to 2025-05-19T00:00:00+00:00, run_after=2025-05-20T00:00:00+00:00
[2025-05-19T01:53:50.893+0000] {processor.py:179} INFO - Processing /opt/airflow/dags/hello_airflow.py took 0.081 seconds
[2025-05-19T01:54:21.839+0000] {processor.py:157} INFO - Started process (PID=77799) to work on /opt/airflow/dags/hello_airflow.py
[2025-05-19T01:54:21.840+0000] {processor.py:829} INFO - Processing file /opt/airflow/dags/hello_airflow.py for tasks to queue
[2025-05-19T01:54:21.841+0000] {logging_mixin.py:154} INFO - [2025-05-19T01:54:21.840+0000] {dagbag.py:536} INFO - Filling up the DagBag from /opt/airflow/dags/hello_airflow.py
[2025-05-19T01:54:21.854+0000] {processor.py:839} INFO - DAG(s) dict_keys(['hello_airflow']) retrieved from /opt/airflow/dags/hello_airflow.py
[2025-05-19T01:54:21.869+0000] {logging_mixin.py:154} INFO - [2025-05-19T01:54:21.869+0000] {dag.py:2941} INFO - Sync 1 DAGs
[2025-05-19T01:54:21.883+0000] {logging_mixin.py:154} INFO - [2025-05-19T01:54:21.882+0000] {dag.py:3722} INFO - Setting next_dagrun for hello_airflow to 2025-05-19T00:00:00+00:00, run_after=2025-05-20T00:00:00+00:00
[2025-05-19T01:54:21.892+0000] {processor.py:179} INFO - Processing /opt/airflow/dags/hello_airflow.py took 0.055 seconds
[2025-05-19T01:54:52.783+0000] {processor.py:157} INFO - Started process (PID=77830) to work on /opt/airflow/dags/hello_airflow.py
[2025-05-19T01:54:52.784+0000] {processor.py:829} INFO - Processing file /opt/airflow/dags/hello_airflow.py for tasks to queue
[2025-05-19T01:54:52.784+0000] {logging_mixin.py:154} INFO - [2025-05-19T01:54:52.784+0000] {dagbag.py:536} INFO - Filling up the DagBag from /opt/airflow/dags/hello_airflow.py
[2025-05-19T01:54:52.793+0000] {processor.py:839} INFO - DAG(s) dict_keys(['hello_airflow']) retrieved from /opt/airflow/dags/hello_airflow.py
[2025-05-19T01:54:52.810+0000] {logging_mixin.py:154} INFO - [2025-05-19T01:54:52.809+0000] {dag.py:2941} INFO - Sync 1 DAGs
[2025-05-19T01:54:52.826+0000] {logging_mixin.py:154} INFO - [2025-05-19T01:54:52.826+0000] {dag.py:3722} INFO - Setting next_dagrun for hello_airflow to 2025-05-19T00:00:00+00:00, run_after=2025-05-20T00:00:00+00:00
[2025-05-19T01:54:52.836+0000] {processor.py:179} INFO - Processing /opt/airflow/dags/hello_airflow.py took 0.054 seconds
[2025-05-19T01:55:23.522+0000] {processor.py:157} INFO - Started process (PID=77846) to work on /opt/airflow/dags/hello_airflow.py
[2025-05-19T01:55:23.523+0000] {processor.py:829} INFO - Processing file /opt/airflow/dags/hello_airflow.py for tasks to queue
[2025-05-19T01:55:23.523+0000] {logging_mixin.py:154} INFO - [2025-05-19T01:55:23.523+0000] {dagbag.py:536} INFO - Filling up the DagBag from /opt/airflow/dags/hello_airflow.py
[2025-05-19T01:55:23.530+0000] {processor.py:839} INFO - DAG(s) dict_keys(['hello_airflow']) retrieved from /opt/airflow/dags/hello_airflow.py
[2025-05-19T01:55:23.554+0000] {logging_mixin.py:154} INFO - [2025-05-19T01:55:23.554+0000] {dag.py:2941} INFO - Sync 1 DAGs
[2025-05-19T01:55:23.566+0000] {logging_mixin.py:154} INFO - [2025-05-19T01:55:23.565+0000] {dag.py:3722} INFO - Setting next_dagrun for hello_airflow to 2025-05-19T00:00:00+00:00, run_after=2025-05-20T00:00:00+00:00
[2025-05-19T01:55:23.574+0000] {processor.py:179} INFO - Processing /opt/airflow/dags/hello_airflow.py took 0.054 seconds
[2025-05-19T01:55:53.643+0000] {processor.py:157} INFO - Started process (PID=77871) to work on /opt/airflow/dags/hello_airflow.py
[2025-05-19T01:55:53.645+0000] {processor.py:829} INFO - Processing file /opt/airflow/dags/hello_airflow.py for tasks to queue
[2025-05-19T01:55:53.646+0000] {logging_mixin.py:154} INFO - [2025-05-19T01:55:53.646+0000] {dagbag.py:536} INFO - Filling up the DagBag from /opt/airflow/dags/hello_airflow.py
[2025-05-19T01:55:53.667+0000] {processor.py:839} INFO - DAG(s) dict_keys(['hello_airflow']) retrieved from /opt/airflow/dags/hello_airflow.py
[2025-05-19T01:55:53.696+0000] {logging_mixin.py:154} INFO - [2025-05-19T01:55:53.696+0000] {dag.py:2941} INFO - Sync 1 DAGs
[2025-05-19T01:55:53.713+0000] {logging_mixin.py:154} INFO - [2025-05-19T01:55:53.713+0000] {dag.py:3722} INFO - Setting next_dagrun for hello_airflow to 2025-05-19T00:00:00+00:00, run_after=2025-05-20T00:00:00+00:00
[2025-05-19T01:55:53.723+0000] {processor.py:179} INFO - Processing /opt/airflow/dags/hello_airflow.py took 0.088 seconds
[2025-05-19T01:56:23.785+0000] {processor.py:157} INFO - Started process (PID=77899) to work on /opt/airflow/dags/hello_airflow.py
[2025-05-19T01:56:23.787+0000] {processor.py:829} INFO - Processing file /opt/airflow/dags/hello_airflow.py for tasks to queue
[2025-05-19T01:56:23.788+0000] {logging_mixin.py:154} INFO - [2025-05-19T01:56:23.787+0000] {dagbag.py:536} INFO - Filling up the DagBag from /opt/airflow/dags/hello_airflow.py
[2025-05-19T01:56:23.805+0000] {processor.py:839} INFO - DAG(s) dict_keys(['hello_airflow']) retrieved from /opt/airflow/dags/hello_airflow.py
[2025-05-19T01:56:23.829+0000] {logging_mixin.py:154} INFO - [2025-05-19T01:56:23.829+0000] {dag.py:2941} INFO - Sync 1 DAGs
[2025-05-19T01:56:23.841+0000] {logging_mixin.py:154} INFO - [2025-05-19T01:56:23.841+0000] {dag.py:3722} INFO - Setting next_dagrun for hello_airflow to 2025-05-19T00:00:00+00:00, run_after=2025-05-20T00:00:00+00:00
[2025-05-19T01:56:23.848+0000] {processor.py:179} INFO - Processing /opt/airflow/dags/hello_airflow.py took 0.069 seconds
[2025-05-19T01:56:54.514+0000] {processor.py:157} INFO - Started process (PID=77933) to work on /opt/airflow/dags/hello_airflow.py
[2025-05-19T01:56:54.515+0000] {processor.py:829} INFO - Processing file /opt/airflow/dags/hello_airflow.py for tasks to queue
[2025-05-19T01:56:54.516+0000] {logging_mixin.py:154} INFO - [2025-05-19T01:56:54.516+0000] {dagbag.py:536} INFO - Filling up the DagBag from /opt/airflow/dags/hello_airflow.py
[2025-05-19T01:56:54.545+0000] {processor.py:839} INFO - DAG(s) dict_keys(['hello_airflow']) retrieved from /opt/airflow/dags/hello_airflow.py
[2025-05-19T01:56:54.597+0000] {logging_mixin.py:154} INFO - [2025-05-19T01:56:54.597+0000] {dag.py:2941} INFO - Sync 1 DAGs
[2025-05-19T01:56:54.618+0000] {logging_mixin.py:154} INFO - [2025-05-19T01:56:54.618+0000] {dag.py:3722} INFO - Setting next_dagrun for hello_airflow to 2025-05-19T00:00:00+00:00, run_after=2025-05-20T00:00:00+00:00
[2025-05-19T01:56:54.629+0000] {processor.py:179} INFO - Processing /opt/airflow/dags/hello_airflow.py took 0.121 seconds
[2025-05-19T01:57:25.396+0000] {processor.py:157} INFO - Started process (PID=77964) to work on /opt/airflow/dags/hello_airflow.py
[2025-05-19T01:57:25.398+0000] {processor.py:829} INFO - Processing file /opt/airflow/dags/hello_airflow.py for tasks to queue
[2025-05-19T01:57:25.399+0000] {logging_mixin.py:154} INFO - [2025-05-19T01:57:25.398+0000] {dagbag.py:536} INFO - Filling up the DagBag from /opt/airflow/dags/hello_airflow.py
[2025-05-19T01:57:25.430+0000] {processor.py:839} INFO - DAG(s) dict_keys(['hello_airflow']) retrieved from /opt/airflow/dags/hello_airflow.py
[2025-05-19T01:57:25.477+0000] {logging_mixin.py:154} INFO - [2025-05-19T01:57:25.476+0000] {dag.py:2941} INFO - Sync 1 DAGs
[2025-05-19T01:57:25.500+0000] {logging_mixin.py:154} INFO - [2025-05-19T01:57:25.500+0000] {dag.py:3722} INFO - Setting next_dagrun for hello_airflow to 2025-05-19T00:00:00+00:00, run_after=2025-05-20T00:00:00+00:00
[2025-05-19T01:57:25.511+0000] {processor.py:179} INFO - Processing /opt/airflow/dags/hello_airflow.py took 0.122 seconds
[2025-05-19T01:57:55.638+0000] {processor.py:157} INFO - Started process (PID=77995) to work on /opt/airflow/dags/hello_airflow.py
[2025-05-19T01:57:55.643+0000] {processor.py:829} INFO - Processing file /opt/airflow/dags/hello_airflow.py for tasks to queue
[2025-05-19T01:57:55.644+0000] {logging_mixin.py:154} INFO - [2025-05-19T01:57:55.643+0000] {dagbag.py:536} INFO - Filling up the DagBag from /opt/airflow/dags/hello_airflow.py
[2025-05-19T01:57:55.669+0000] {processor.py:839} INFO - DAG(s) dict_keys(['hello_airflow']) retrieved from /opt/airflow/dags/hello_airflow.py
[2025-05-19T01:57:55.723+0000] {logging_mixin.py:154} INFO - [2025-05-19T01:57:55.723+0000] {dag.py:2941} INFO - Sync 1 DAGs
[2025-05-19T01:57:55.753+0000] {logging_mixin.py:154} INFO - [2025-05-19T01:57:55.753+0000] {dag.py:3722} INFO - Setting next_dagrun for hello_airflow to 2025-05-19T00:00:00+00:00, run_after=2025-05-20T00:00:00+00:00
[2025-05-19T01:57:55.763+0000] {processor.py:179} INFO - Processing /opt/airflow/dags/hello_airflow.py took 0.139 seconds
[2025-05-19T01:58:25.907+0000] {processor.py:157} INFO - Started process (PID=78026) to work on /opt/airflow/dags/hello_airflow.py
[2025-05-19T01:58:25.908+0000] {processor.py:829} INFO - Processing file /opt/airflow/dags/hello_airflow.py for tasks to queue
[2025-05-19T01:58:25.909+0000] {logging_mixin.py:154} INFO - [2025-05-19T01:58:25.909+0000] {dagbag.py:536} INFO - Filling up the DagBag from /opt/airflow/dags/hello_airflow.py
[2025-05-19T01:58:25.921+0000] {processor.py:839} INFO - DAG(s) dict_keys(['hello_airflow']) retrieved from /opt/airflow/dags/hello_airflow.py
[2025-05-19T01:58:25.941+0000] {logging_mixin.py:154} INFO - [2025-05-19T01:58:25.941+0000] {dag.py:2941} INFO - Sync 1 DAGs
[2025-05-19T01:58:25.953+0000] {logging_mixin.py:154} INFO - [2025-05-19T01:58:25.953+0000] {dag.py:3722} INFO - Setting next_dagrun for hello_airflow to 2025-05-19T00:00:00+00:00, run_after=2025-05-20T00:00:00+00:00
[2025-05-19T01:58:25.960+0000] {processor.py:179} INFO - Processing /opt/airflow/dags/hello_airflow.py took 0.056 seconds
[2025-05-19T01:58:56.649+0000] {processor.py:157} INFO - Started process (PID=78056) to work on /opt/airflow/dags/hello_airflow.py
[2025-05-19T01:58:56.653+0000] {processor.py:829} INFO - Processing file /opt/airflow/dags/hello_airflow.py for tasks to queue
[2025-05-19T01:58:56.655+0000] {logging_mixin.py:154} INFO - [2025-05-19T01:58:56.654+0000] {dagbag.py:536} INFO - Filling up the DagBag from /opt/airflow/dags/hello_airflow.py
[2025-05-19T01:58:56.702+0000] {processor.py:839} INFO - DAG(s) dict_keys(['hello_airflow']) retrieved from /opt/airflow/dags/hello_airflow.py
[2025-05-19T01:58:56.752+0000] {logging_mixin.py:154} INFO - [2025-05-19T01:58:56.752+0000] {dag.py:2941} INFO - Sync 1 DAGs
[2025-05-19T01:58:56.767+0000] {logging_mixin.py:154} INFO - [2025-05-19T01:58:56.767+0000] {dag.py:3722} INFO - Setting next_dagrun for hello_airflow to 2025-05-19T00:00:00+00:00, run_after=2025-05-20T00:00:00+00:00
[2025-05-19T01:58:56.777+0000] {processor.py:179} INFO - Processing /opt/airflow/dags/hello_airflow.py took 0.137 seconds
[2025-05-19T01:59:27.008+0000] {processor.py:157} INFO - Started process (PID=78087) to work on /opt/airflow/dags/hello_airflow.py
[2025-05-19T01:59:27.010+0000] {processor.py:829} INFO - Processing file /opt/airflow/dags/hello_airflow.py for tasks to queue
[2025-05-19T01:59:27.011+0000] {logging_mixin.py:154} INFO - [2025-05-19T01:59:27.011+0000] {dagbag.py:536} INFO - Filling up the DagBag from /opt/airflow/dags/hello_airflow.py
[2025-05-19T01:59:27.053+0000] {processor.py:839} INFO - DAG(s) dict_keys(['hello_airflow']) retrieved from /opt/airflow/dags/hello_airflow.py
[2025-05-19T01:59:27.095+0000] {logging_mixin.py:154} INFO - [2025-05-19T01:59:27.095+0000] {dag.py:2941} INFO - Sync 1 DAGs
[2025-05-19T01:59:27.113+0000] {logging_mixin.py:154} INFO - [2025-05-19T01:59:27.113+0000] {dag.py:3722} INFO - Setting next_dagrun for hello_airflow to 2025-05-19T00:00:00+00:00, run_after=2025-05-20T00:00:00+00:00
[2025-05-19T01:59:27.123+0000] {processor.py:179} INFO - Processing /opt/airflow/dags/hello_airflow.py took 0.131 seconds
[2025-05-19T01:59:57.317+0000] {processor.py:157} INFO - Started process (PID=78118) to work on /opt/airflow/dags/hello_airflow.py
[2025-05-19T01:59:57.319+0000] {processor.py:829} INFO - Processing file /opt/airflow/dags/hello_airflow.py for tasks to queue
[2025-05-19T01:59:57.321+0000] {logging_mixin.py:154} INFO - [2025-05-19T01:59:57.320+0000] {dagbag.py:536} INFO - Filling up the DagBag from /opt/airflow/dags/hello_airflow.py
[2025-05-19T01:59:57.352+0000] {processor.py:839} INFO - DAG(s) dict_keys(['hello_airflow']) retrieved from /opt/airflow/dags/hello_airflow.py
[2025-05-19T01:59:57.403+0000] {logging_mixin.py:154} INFO - [2025-05-19T01:59:57.403+0000] {dag.py:2941} INFO - Sync 1 DAGs
[2025-05-19T01:59:57.425+0000] {logging_mixin.py:154} INFO - [2025-05-19T01:59:57.425+0000] {dag.py:3722} INFO - Setting next_dagrun for hello_airflow to 2025-05-19T00:00:00+00:00, run_after=2025-05-20T00:00:00+00:00
[2025-05-19T01:59:57.440+0000] {processor.py:179} INFO - Processing /opt/airflow/dags/hello_airflow.py took 0.141 seconds
[2025-05-19T02:00:27.510+0000] {processor.py:157} INFO - Started process (PID=78147) to work on /opt/airflow/dags/hello_airflow.py
[2025-05-19T02:00:27.511+0000] {processor.py:829} INFO - Processing file /opt/airflow/dags/hello_airflow.py for tasks to queue
[2025-05-19T02:00:27.512+0000] {logging_mixin.py:154} INFO - [2025-05-19T02:00:27.512+0000] {dagbag.py:536} INFO - Filling up the DagBag from /opt/airflow/dags/hello_airflow.py
[2025-05-19T02:00:27.532+0000] {processor.py:839} INFO - DAG(s) dict_keys(['hello_airflow']) retrieved from /opt/airflow/dags/hello_airflow.py
[2025-05-19T02:00:27.555+0000] {logging_mixin.py:154} INFO - [2025-05-19T02:00:27.555+0000] {dag.py:2941} INFO - Sync 1 DAGs
[2025-05-19T02:00:27.566+0000] {logging_mixin.py:154} INFO - [2025-05-19T02:00:27.566+0000] {dag.py:3722} INFO - Setting next_dagrun for hello_airflow to 2025-05-19T00:00:00+00:00, run_after=2025-05-20T00:00:00+00:00
[2025-05-19T02:00:27.574+0000] {processor.py:179} INFO - Processing /opt/airflow/dags/hello_airflow.py took 0.073 seconds
[2025-05-19T02:00:58.244+0000] {processor.py:157} INFO - Started process (PID=78181) to work on /opt/airflow/dags/hello_airflow.py
[2025-05-19T02:00:58.256+0000] {processor.py:829} INFO - Processing file /opt/airflow/dags/hello_airflow.py for tasks to queue
[2025-05-19T02:00:58.258+0000] {logging_mixin.py:154} INFO - [2025-05-19T02:00:58.257+0000] {dagbag.py:536} INFO - Filling up the DagBag from /opt/airflow/dags/hello_airflow.py
[2025-05-19T02:00:58.272+0000] {processor.py:839} INFO - DAG(s) dict_keys(['hello_airflow']) retrieved from /opt/airflow/dags/hello_airflow.py
[2025-05-19T02:00:58.288+0000] {logging_mixin.py:154} INFO - [2025-05-19T02:00:58.288+0000] {dag.py:2941} INFO - Sync 1 DAGs
[2025-05-19T02:00:58.299+0000] {logging_mixin.py:154} INFO - [2025-05-19T02:00:58.299+0000] {dag.py:3722} INFO - Setting next_dagrun for hello_airflow to 2025-05-19T00:00:00+00:00, run_after=2025-05-20T00:00:00+00:00
[2025-05-19T02:00:58.307+0000] {processor.py:179} INFO - Processing /opt/airflow/dags/hello_airflow.py took 0.080 seconds
[2025-05-19T02:01:29.076+0000] {processor.py:157} INFO - Started process (PID=78212) to work on /opt/airflow/dags/hello_airflow.py
[2025-05-19T02:01:29.080+0000] {processor.py:829} INFO - Processing file /opt/airflow/dags/hello_airflow.py for tasks to queue
[2025-05-19T02:01:29.082+0000] {logging_mixin.py:154} INFO - [2025-05-19T02:01:29.081+0000] {dagbag.py:536} INFO - Filling up the DagBag from /opt/airflow/dags/hello_airflow.py
[2025-05-19T02:01:29.111+0000] {processor.py:839} INFO - DAG(s) dict_keys(['hello_airflow']) retrieved from /opt/airflow/dags/hello_airflow.py
[2025-05-19T02:01:29.182+0000] {logging_mixin.py:154} INFO - [2025-05-19T02:01:29.182+0000] {dag.py:2941} INFO - Sync 1 DAGs
[2025-05-19T02:01:29.200+0000] {logging_mixin.py:154} INFO - [2025-05-19T02:01:29.200+0000] {dag.py:3722} INFO - Setting next_dagrun for hello_airflow to 2025-05-19T00:00:00+00:00, run_after=2025-05-20T00:00:00+00:00
[2025-05-19T02:01:29.211+0000] {processor.py:179} INFO - Processing /opt/airflow/dags/hello_airflow.py took 0.148 seconds
[2025-05-19T02:01:59.292+0000] {processor.py:157} INFO - Started process (PID=78243) to work on /opt/airflow/dags/hello_airflow.py
[2025-05-19T02:01:59.294+0000] {processor.py:829} INFO - Processing file /opt/airflow/dags/hello_airflow.py for tasks to queue
[2025-05-19T02:01:59.296+0000] {logging_mixin.py:154} INFO - [2025-05-19T02:01:59.296+0000] {dagbag.py:536} INFO - Filling up the DagBag from /opt/airflow/dags/hello_airflow.py
[2025-05-19T02:01:59.318+0000] {processor.py:839} INFO - DAG(s) dict_keys(['hello_airflow']) retrieved from /opt/airflow/dags/hello_airflow.py
[2025-05-19T02:01:59.339+0000] {logging_mixin.py:154} INFO - [2025-05-19T02:01:59.339+0000] {dag.py:2941} INFO - Sync 1 DAGs
[2025-05-19T02:01:59.352+0000] {logging_mixin.py:154} INFO - [2025-05-19T02:01:59.352+0000] {dag.py:3722} INFO - Setting next_dagrun for hello_airflow to 2025-05-19T00:00:00+00:00, run_after=2025-05-20T00:00:00+00:00
[2025-05-19T02:01:59.360+0000] {processor.py:179} INFO - Processing /opt/airflow/dags/hello_airflow.py took 0.079 seconds
[2025-05-19T02:02:30.030+0000] {processor.py:157} INFO - Started process (PID=78274) to work on /opt/airflow/dags/hello_airflow.py
[2025-05-19T02:02:30.031+0000] {processor.py:829} INFO - Processing file /opt/airflow/dags/hello_airflow.py for tasks to queue
[2025-05-19T02:02:30.032+0000] {logging_mixin.py:154} INFO - [2025-05-19T02:02:30.031+0000] {dagbag.py:536} INFO - Filling up the DagBag from /opt/airflow/dags/hello_airflow.py
[2025-05-19T02:02:30.045+0000] {processor.py:839} INFO - DAG(s) dict_keys(['hello_airflow']) retrieved from /opt/airflow/dags/hello_airflow.py
[2025-05-19T02:02:30.067+0000] {logging_mixin.py:154} INFO - [2025-05-19T02:02:30.067+0000] {dag.py:2941} INFO - Sync 1 DAGs
[2025-05-19T02:02:30.080+0000] {logging_mixin.py:154} INFO - [2025-05-19T02:02:30.080+0000] {dag.py:3722} INFO - Setting next_dagrun for hello_airflow to 2025-05-19T00:00:00+00:00, run_after=2025-05-20T00:00:00+00:00
[2025-05-19T02:02:30.089+0000] {processor.py:179} INFO - Processing /opt/airflow/dags/hello_airflow.py took 0.064 seconds
[2025-05-19T02:03:00.761+0000] {processor.py:157} INFO - Started process (PID=78305) to work on /opt/airflow/dags/hello_airflow.py
[2025-05-19T02:03:00.762+0000] {processor.py:829} INFO - Processing file /opt/airflow/dags/hello_airflow.py for tasks to queue
[2025-05-19T02:03:00.764+0000] {logging_mixin.py:154} INFO - [2025-05-19T02:03:00.763+0000] {dagbag.py:536} INFO - Filling up the DagBag from /opt/airflow/dags/hello_airflow.py
[2025-05-19T02:03:00.780+0000] {processor.py:839} INFO - DAG(s) dict_keys(['hello_airflow']) retrieved from /opt/airflow/dags/hello_airflow.py
[2025-05-19T02:03:00.806+0000] {logging_mixin.py:154} INFO - [2025-05-19T02:03:00.806+0000] {dag.py:2941} INFO - Sync 1 DAGs
[2025-05-19T02:03:00.820+0000] {logging_mixin.py:154} INFO - [2025-05-19T02:03:00.820+0000] {dag.py:3722} INFO - Setting next_dagrun for hello_airflow to 2025-05-19T00:00:00+00:00, run_after=2025-05-20T00:00:00+00:00
[2025-05-19T02:03:00.828+0000] {processor.py:179} INFO - Processing /opt/airflow/dags/hello_airflow.py took 0.075 seconds
[2025-05-19T02:03:31.719+0000] {processor.py:157} INFO - Started process (PID=78336) to work on /opt/airflow/dags/hello_airflow.py
[2025-05-19T02:03:31.720+0000] {processor.py:829} INFO - Processing file /opt/airflow/dags/hello_airflow.py for tasks to queue
[2025-05-19T02:03:31.721+0000] {logging_mixin.py:154} INFO - [2025-05-19T02:03:31.720+0000] {dagbag.py:536} INFO - Filling up the DagBag from /opt/airflow/dags/hello_airflow.py
[2025-05-19T02:03:31.771+0000] {processor.py:839} INFO - DAG(s) dict_keys(['hello_airflow']) retrieved from /opt/airflow/dags/hello_airflow.py
[2025-05-19T02:03:31.805+0000] {logging_mixin.py:154} INFO - [2025-05-19T02:03:31.805+0000] {dag.py:2941} INFO - Sync 1 DAGs
[2025-05-19T02:03:31.824+0000] {logging_mixin.py:154} INFO - [2025-05-19T02:03:31.824+0000] {dag.py:3722} INFO - Setting next_dagrun for hello_airflow to 2025-05-19T00:00:00+00:00, run_after=2025-05-20T00:00:00+00:00
[2025-05-19T02:03:31.834+0000] {processor.py:179} INFO - Processing /opt/airflow/dags/hello_airflow.py took 0.121 seconds
[2025-05-19T02:04:01.893+0000] {processor.py:157} INFO - Started process (PID=78364) to work on /opt/airflow/dags/hello_airflow.py
[2025-05-19T02:04:01.894+0000] {processor.py:829} INFO - Processing file /opt/airflow/dags/hello_airflow.py for tasks to queue
[2025-05-19T02:04:01.895+0000] {logging_mixin.py:154} INFO - [2025-05-19T02:04:01.895+0000] {dagbag.py:536} INFO - Filling up the DagBag from /opt/airflow/dags/hello_airflow.py
[2025-05-19T02:04:01.907+0000] {processor.py:839} INFO - DAG(s) dict_keys(['hello_airflow']) retrieved from /opt/airflow/dags/hello_airflow.py
[2025-05-19T02:04:01.924+0000] {logging_mixin.py:154} INFO - [2025-05-19T02:04:01.924+0000] {dag.py:2941} INFO - Sync 1 DAGs
[2025-05-19T02:04:01.936+0000] {logging_mixin.py:154} INFO - [2025-05-19T02:04:01.936+0000] {dag.py:3722} INFO - Setting next_dagrun for hello_airflow to 2025-05-19T00:00:00+00:00, run_after=2025-05-20T00:00:00+00:00
[2025-05-19T02:04:01.943+0000] {processor.py:179} INFO - Processing /opt/airflow/dags/hello_airflow.py took 0.054 seconds
[2025-05-19T02:04:32.564+0000] {processor.py:157} INFO - Started process (PID=78398) to work on /opt/airflow/dags/hello_airflow.py
[2025-05-19T02:04:32.565+0000] {processor.py:829} INFO - Processing file /opt/airflow/dags/hello_airflow.py for tasks to queue
[2025-05-19T02:04:32.566+0000] {logging_mixin.py:154} INFO - [2025-05-19T02:04:32.566+0000] {dagbag.py:536} INFO - Filling up the DagBag from /opt/airflow/dags/hello_airflow.py
[2025-05-19T02:04:32.581+0000] {processor.py:839} INFO - DAG(s) dict_keys(['hello_airflow']) retrieved from /opt/airflow/dags/hello_airflow.py
[2025-05-19T02:04:32.603+0000] {logging_mixin.py:154} INFO - [2025-05-19T02:04:32.603+0000] {dag.py:2941} INFO - Sync 1 DAGs
[2025-05-19T02:04:32.613+0000] {logging_mixin.py:154} INFO - [2025-05-19T02:04:32.613+0000] {dag.py:3722} INFO - Setting next_dagrun for hello_airflow to 2025-05-19T00:00:00+00:00, run_after=2025-05-20T00:00:00+00:00
[2025-05-19T02:04:32.621+0000] {processor.py:179} INFO - Processing /opt/airflow/dags/hello_airflow.py took 0.060 seconds
[2025-05-19T02:05:03.276+0000] {processor.py:157} INFO - Started process (PID=78429) to work on /opt/airflow/dags/hello_airflow.py
[2025-05-19T02:05:03.277+0000] {processor.py:829} INFO - Processing file /opt/airflow/dags/hello_airflow.py for tasks to queue
[2025-05-19T02:05:03.278+0000] {logging_mixin.py:154} INFO - [2025-05-19T02:05:03.277+0000] {dagbag.py:536} INFO - Filling up the DagBag from /opt/airflow/dags/hello_airflow.py
[2025-05-19T02:05:03.292+0000] {processor.py:839} INFO - DAG(s) dict_keys(['hello_airflow']) retrieved from /opt/airflow/dags/hello_airflow.py
[2025-05-19T02:05:03.310+0000] {logging_mixin.py:154} INFO - [2025-05-19T02:05:03.310+0000] {dag.py:2941} INFO - Sync 1 DAGs
[2025-05-19T02:05:03.321+0000] {logging_mixin.py:154} INFO - [2025-05-19T02:05:03.321+0000] {dag.py:3722} INFO - Setting next_dagrun for hello_airflow to 2025-05-19T00:00:00+00:00, run_after=2025-05-20T00:00:00+00:00
[2025-05-19T02:05:03.329+0000] {processor.py:179} INFO - Processing /opt/airflow/dags/hello_airflow.py took 0.057 seconds
[2025-05-19T02:05:33.441+0000] {processor.py:157} INFO - Started process (PID=78457) to work on /opt/airflow/dags/hello_airflow.py
[2025-05-19T02:05:33.442+0000] {processor.py:829} INFO - Processing file /opt/airflow/dags/hello_airflow.py for tasks to queue
[2025-05-19T02:05:33.444+0000] {logging_mixin.py:154} INFO - [2025-05-19T02:05:33.443+0000] {dagbag.py:536} INFO - Filling up the DagBag from /opt/airflow/dags/hello_airflow.py
[2025-05-19T02:05:33.484+0000] {processor.py:839} INFO - DAG(s) dict_keys(['hello_airflow']) retrieved from /opt/airflow/dags/hello_airflow.py
[2025-05-19T02:05:33.546+0000] {logging_mixin.py:154} INFO - [2025-05-19T02:05:33.546+0000] {dag.py:2941} INFO - Sync 1 DAGs
[2025-05-19T02:05:33.567+0000] {logging_mixin.py:154} INFO - [2025-05-19T02:05:33.567+0000] {dag.py:3722} INFO - Setting next_dagrun for hello_airflow to 2025-05-19T00:00:00+00:00, run_after=2025-05-20T00:00:00+00:00
[2025-05-19T02:05:33.579+0000] {processor.py:179} INFO - Processing /opt/airflow/dags/hello_airflow.py took 0.146 seconds
[2025-05-19T02:06:03.653+0000] {processor.py:157} INFO - Started process (PID=78488) to work on /opt/airflow/dags/hello_airflow.py
[2025-05-19T02:06:03.655+0000] {processor.py:829} INFO - Processing file /opt/airflow/dags/hello_airflow.py for tasks to queue
[2025-05-19T02:06:03.656+0000] {logging_mixin.py:154} INFO - [2025-05-19T02:06:03.656+0000] {dagbag.py:536} INFO - Filling up the DagBag from /opt/airflow/dags/hello_airflow.py
[2025-05-19T02:06:03.672+0000] {processor.py:839} INFO - DAG(s) dict_keys(['hello_airflow']) retrieved from /opt/airflow/dags/hello_airflow.py
[2025-05-19T02:06:03.691+0000] {logging_mixin.py:154} INFO - [2025-05-19T02:06:03.691+0000] {dag.py:2941} INFO - Sync 1 DAGs
[2025-05-19T02:06:03.702+0000] {logging_mixin.py:154} INFO - [2025-05-19T02:06:03.702+0000] {dag.py:3722} INFO - Setting next_dagrun for hello_airflow to 2025-05-19T00:00:00+00:00, run_after=2025-05-20T00:00:00+00:00
[2025-05-19T02:06:03.709+0000] {processor.py:179} INFO - Processing /opt/airflow/dags/hello_airflow.py took 0.063 seconds
[2025-05-19T02:06:34.355+0000] {processor.py:157} INFO - Started process (PID=78522) to work on /opt/airflow/dags/hello_airflow.py
[2025-05-19T02:06:34.356+0000] {processor.py:829} INFO - Processing file /opt/airflow/dags/hello_airflow.py for tasks to queue
[2025-05-19T02:06:34.357+0000] {logging_mixin.py:154} INFO - [2025-05-19T02:06:34.357+0000] {dagbag.py:536} INFO - Filling up the DagBag from /opt/airflow/dags/hello_airflow.py
[2025-05-19T02:06:34.375+0000] {processor.py:839} INFO - DAG(s) dict_keys(['hello_airflow']) retrieved from /opt/airflow/dags/hello_airflow.py
[2025-05-19T02:06:34.391+0000] {logging_mixin.py:154} INFO - [2025-05-19T02:06:34.391+0000] {dag.py:2941} INFO - Sync 1 DAGs
[2025-05-19T02:06:34.401+0000] {logging_mixin.py:154} INFO - [2025-05-19T02:06:34.401+0000] {dag.py:3722} INFO - Setting next_dagrun for hello_airflow to 2025-05-19T00:00:00+00:00, run_after=2025-05-20T00:00:00+00:00
[2025-05-19T02:06:34.408+0000] {processor.py:179} INFO - Processing /opt/airflow/dags/hello_airflow.py took 0.060 seconds
[2025-05-19T02:07:05.055+0000] {processor.py:157} INFO - Started process (PID=78553) to work on /opt/airflow/dags/hello_airflow.py
[2025-05-19T02:07:05.058+0000] {processor.py:829} INFO - Processing file /opt/airflow/dags/hello_airflow.py for tasks to queue
[2025-05-19T02:07:05.059+0000] {logging_mixin.py:154} INFO - [2025-05-19T02:07:05.058+0000] {dagbag.py:536} INFO - Filling up the DagBag from /opt/airflow/dags/hello_airflow.py
[2025-05-19T02:07:05.077+0000] {processor.py:839} INFO - DAG(s) dict_keys(['hello_airflow']) retrieved from /opt/airflow/dags/hello_airflow.py
[2025-05-19T02:07:05.095+0000] {logging_mixin.py:154} INFO - [2025-05-19T02:07:05.095+0000] {dag.py:2941} INFO - Sync 1 DAGs
[2025-05-19T02:07:05.110+0000] {logging_mixin.py:154} INFO - [2025-05-19T02:07:05.110+0000] {dag.py:3722} INFO - Setting next_dagrun for hello_airflow to 2025-05-19T00:00:00+00:00, run_after=2025-05-20T00:00:00+00:00
[2025-05-19T02:07:05.120+0000] {processor.py:179} INFO - Processing /opt/airflow/dags/hello_airflow.py took 0.074 seconds
[2025-05-19T02:07:35.914+0000] {processor.py:157} INFO - Started process (PID=78584) to work on /opt/airflow/dags/hello_airflow.py
[2025-05-19T02:07:35.915+0000] {processor.py:829} INFO - Processing file /opt/airflow/dags/hello_airflow.py for tasks to queue
[2025-05-19T02:07:35.916+0000] {logging_mixin.py:154} INFO - [2025-05-19T02:07:35.915+0000] {dagbag.py:536} INFO - Filling up the DagBag from /opt/airflow/dags/hello_airflow.py
[2025-05-19T02:07:35.954+0000] {processor.py:839} INFO - DAG(s) dict_keys(['hello_airflow']) retrieved from /opt/airflow/dags/hello_airflow.py
[2025-05-19T02:07:35.983+0000] {logging_mixin.py:154} INFO - [2025-05-19T02:07:35.983+0000] {dag.py:2941} INFO - Sync 1 DAGs
[2025-05-19T02:07:36.000+0000] {logging_mixin.py:154} INFO - [2025-05-19T02:07:36.000+0000] {dag.py:3722} INFO - Setting next_dagrun for hello_airflow to 2025-05-19T00:00:00+00:00, run_after=2025-05-20T00:00:00+00:00
[2025-05-19T02:07:36.010+0000] {processor.py:179} INFO - Processing /opt/airflow/dags/hello_airflow.py took 0.102 seconds
[2025-05-19T02:08:06.077+0000] {processor.py:157} INFO - Started process (PID=78615) to work on /opt/airflow/dags/hello_airflow.py
[2025-05-19T02:08:06.078+0000] {processor.py:829} INFO - Processing file /opt/airflow/dags/hello_airflow.py for tasks to queue
[2025-05-19T02:08:06.080+0000] {logging_mixin.py:154} INFO - [2025-05-19T02:08:06.079+0000] {dagbag.py:536} INFO - Filling up the DagBag from /opt/airflow/dags/hello_airflow.py
[2025-05-19T02:08:06.093+0000] {processor.py:839} INFO - DAG(s) dict_keys(['hello_airflow']) retrieved from /opt/airflow/dags/hello_airflow.py
[2025-05-19T02:08:06.110+0000] {logging_mixin.py:154} INFO - [2025-05-19T02:08:06.110+0000] {dag.py:2941} INFO - Sync 1 DAGs
[2025-05-19T02:08:06.122+0000] {logging_mixin.py:154} INFO - [2025-05-19T02:08:06.122+0000] {dag.py:3722} INFO - Setting next_dagrun for hello_airflow to 2025-05-19T00:00:00+00:00, run_after=2025-05-20T00:00:00+00:00
[2025-05-19T02:08:06.129+0000] {processor.py:179} INFO - Processing /opt/airflow/dags/hello_airflow.py took 0.057 seconds
[2025-05-19T02:08:36.769+0000] {processor.py:157} INFO - Started process (PID=78646) to work on /opt/airflow/dags/hello_airflow.py
[2025-05-19T02:08:36.771+0000] {processor.py:829} INFO - Processing file /opt/airflow/dags/hello_airflow.py for tasks to queue
[2025-05-19T02:08:36.772+0000] {logging_mixin.py:154} INFO - [2025-05-19T02:08:36.771+0000] {dagbag.py:536} INFO - Filling up the DagBag from /opt/airflow/dags/hello_airflow.py
[2025-05-19T02:08:36.792+0000] {processor.py:839} INFO - DAG(s) dict_keys(['hello_airflow']) retrieved from /opt/airflow/dags/hello_airflow.py
[2025-05-19T02:08:36.815+0000] {logging_mixin.py:154} INFO - [2025-05-19T02:08:36.815+0000] {dag.py:2941} INFO - Sync 1 DAGs
[2025-05-19T02:08:36.830+0000] {logging_mixin.py:154} INFO - [2025-05-19T02:08:36.830+0000] {dag.py:3722} INFO - Setting next_dagrun for hello_airflow to 2025-05-19T00:00:00+00:00, run_after=2025-05-20T00:00:00+00:00
[2025-05-19T02:08:36.840+0000] {processor.py:179} INFO - Processing /opt/airflow/dags/hello_airflow.py took 0.079 seconds
[2025-05-19T02:16:07.790+0000] {processor.py:157} INFO - Started process (PID=78700) to work on /opt/airflow/dags/hello_airflow.py
[2025-05-19T02:16:07.792+0000] {processor.py:829} INFO - Processing file /opt/airflow/dags/hello_airflow.py for tasks to queue
[2025-05-19T02:16:07.794+0000] {logging_mixin.py:154} INFO - [2025-05-19T02:16:07.793+0000] {dagbag.py:536} INFO - Filling up the DagBag from /opt/airflow/dags/hello_airflow.py
[2025-05-19T02:16:07.830+0000] {processor.py:839} INFO - DAG(s) dict_keys(['hello_airflow']) retrieved from /opt/airflow/dags/hello_airflow.py
[2025-05-19T02:16:07.863+0000] {logging_mixin.py:154} INFO - [2025-05-19T02:16:07.863+0000] {dag.py:2941} INFO - Sync 1 DAGs
[2025-05-19T02:16:07.883+0000] {logging_mixin.py:154} INFO - [2025-05-19T02:16:07.883+0000] {dag.py:3722} INFO - Setting next_dagrun for hello_airflow to 2025-05-19T00:00:00+00:00, run_after=2025-05-20T00:00:00+00:00
[2025-05-19T02:16:07.895+0000] {processor.py:179} INFO - Processing /opt/airflow/dags/hello_airflow.py took 0.110 seconds
[2025-05-19T02:16:38.781+0000] {processor.py:157} INFO - Started process (PID=78731) to work on /opt/airflow/dags/hello_airflow.py
[2025-05-19T02:16:38.781+0000] {processor.py:829} INFO - Processing file /opt/airflow/dags/hello_airflow.py for tasks to queue
[2025-05-19T02:16:38.782+0000] {logging_mixin.py:154} INFO - [2025-05-19T02:16:38.782+0000] {dagbag.py:536} INFO - Filling up the DagBag from /opt/airflow/dags/hello_airflow.py
[2025-05-19T02:16:38.790+0000] {processor.py:839} INFO - DAG(s) dict_keys(['hello_airflow']) retrieved from /opt/airflow/dags/hello_airflow.py
[2025-05-19T02:16:38.804+0000] {logging_mixin.py:154} INFO - [2025-05-19T02:16:38.804+0000] {dag.py:2941} INFO - Sync 1 DAGs
[2025-05-19T02:16:38.820+0000] {logging_mixin.py:154} INFO - [2025-05-19T02:16:38.820+0000] {dag.py:3722} INFO - Setting next_dagrun for hello_airflow to 2025-05-19T00:00:00+00:00, run_after=2025-05-20T00:00:00+00:00
[2025-05-19T02:16:38.830+0000] {processor.py:179} INFO - Processing /opt/airflow/dags/hello_airflow.py took 0.052 seconds
[2025-05-19T02:17:09.786+0000] {processor.py:157} INFO - Started process (PID=78762) to work on /opt/airflow/dags/hello_airflow.py
[2025-05-19T02:17:09.787+0000] {processor.py:829} INFO - Processing file /opt/airflow/dags/hello_airflow.py for tasks to queue
[2025-05-19T02:17:09.787+0000] {logging_mixin.py:154} INFO - [2025-05-19T02:17:09.787+0000] {dagbag.py:536} INFO - Filling up the DagBag from /opt/airflow/dags/hello_airflow.py
[2025-05-19T02:17:09.798+0000] {processor.py:839} INFO - DAG(s) dict_keys(['hello_airflow']) retrieved from /opt/airflow/dags/hello_airflow.py
[2025-05-19T02:17:09.818+0000] {logging_mixin.py:154} INFO - [2025-05-19T02:17:09.818+0000] {dag.py:2941} INFO - Sync 1 DAGs
[2025-05-19T02:17:09.833+0000] {logging_mixin.py:154} INFO - [2025-05-19T02:17:09.833+0000] {dag.py:3722} INFO - Setting next_dagrun for hello_airflow to 2025-05-19T00:00:00+00:00, run_after=2025-05-20T00:00:00+00:00
[2025-05-19T02:17:09.843+0000] {processor.py:179} INFO - Processing /opt/airflow/dags/hello_airflow.py took 0.060 seconds
[2025-05-19T02:17:40.515+0000] {processor.py:157} INFO - Started process (PID=78793) to work on /opt/airflow/dags/hello_airflow.py
[2025-05-19T02:17:40.516+0000] {processor.py:829} INFO - Processing file /opt/airflow/dags/hello_airflow.py for tasks to queue
[2025-05-19T02:17:40.516+0000] {logging_mixin.py:154} INFO - [2025-05-19T02:17:40.516+0000] {dagbag.py:536} INFO - Filling up the DagBag from /opt/airflow/dags/hello_airflow.py
[2025-05-19T02:17:40.523+0000] {processor.py:839} INFO - DAG(s) dict_keys(['hello_airflow']) retrieved from /opt/airflow/dags/hello_airflow.py
[2025-05-19T02:17:40.536+0000] {logging_mixin.py:154} INFO - [2025-05-19T02:17:40.536+0000] {dag.py:2941} INFO - Sync 1 DAGs
[2025-05-19T02:17:40.547+0000] {logging_mixin.py:154} INFO - [2025-05-19T02:17:40.547+0000] {dag.py:3722} INFO - Setting next_dagrun for hello_airflow to 2025-05-19T00:00:00+00:00, run_after=2025-05-20T00:00:00+00:00
[2025-05-19T02:17:40.554+0000] {processor.py:179} INFO - Processing /opt/airflow/dags/hello_airflow.py took 0.041 seconds
[2025-05-19T02:18:11.242+0000] {processor.py:157} INFO - Started process (PID=78824) to work on /opt/airflow/dags/hello_airflow.py
[2025-05-19T02:18:11.243+0000] {processor.py:829} INFO - Processing file /opt/airflow/dags/hello_airflow.py for tasks to queue
[2025-05-19T02:18:11.244+0000] {logging_mixin.py:154} INFO - [2025-05-19T02:18:11.244+0000] {dagbag.py:536} INFO - Filling up the DagBag from /opt/airflow/dags/hello_airflow.py
[2025-05-19T02:18:11.251+0000] {processor.py:839} INFO - DAG(s) dict_keys(['hello_airflow']) retrieved from /opt/airflow/dags/hello_airflow.py
[2025-05-19T02:18:11.266+0000] {logging_mixin.py:154} INFO - [2025-05-19T02:18:11.266+0000] {dag.py:2941} INFO - Sync 1 DAGs
[2025-05-19T02:18:11.278+0000] {logging_mixin.py:154} INFO - [2025-05-19T02:18:11.278+0000] {dag.py:3722} INFO - Setting next_dagrun for hello_airflow to 2025-05-19T00:00:00+00:00, run_after=2025-05-20T00:00:00+00:00
[2025-05-19T02:18:11.287+0000] {processor.py:179} INFO - Processing /opt/airflow/dags/hello_airflow.py took 0.046 seconds
[2025-05-19T02:18:41.999+0000] {processor.py:157} INFO - Started process (PID=78855) to work on /opt/airflow/dags/hello_airflow.py
[2025-05-19T02:18:42.000+0000] {processor.py:829} INFO - Processing file /opt/airflow/dags/hello_airflow.py for tasks to queue
[2025-05-19T02:18:42.000+0000] {logging_mixin.py:154} INFO - [2025-05-19T02:18:42.000+0000] {dagbag.py:536} INFO - Filling up the DagBag from /opt/airflow/dags/hello_airflow.py
[2025-05-19T02:18:42.008+0000] {processor.py:839} INFO - DAG(s) dict_keys(['hello_airflow']) retrieved from /opt/airflow/dags/hello_airflow.py
[2025-05-19T02:18:42.028+0000] {logging_mixin.py:154} INFO - [2025-05-19T02:18:42.028+0000] {dag.py:2941} INFO - Sync 1 DAGs
[2025-05-19T02:18:42.039+0000] {logging_mixin.py:154} INFO - [2025-05-19T02:18:42.038+0000] {dag.py:3722} INFO - Setting next_dagrun for hello_airflow to 2025-05-19T00:00:00+00:00, run_after=2025-05-20T00:00:00+00:00
[2025-05-19T02:18:42.046+0000] {processor.py:179} INFO - Processing /opt/airflow/dags/hello_airflow.py took 0.050 seconds
[2025-05-19T02:19:12.854+0000] {processor.py:157} INFO - Started process (PID=78886) to work on /opt/airflow/dags/hello_airflow.py
[2025-05-19T02:19:12.854+0000] {processor.py:829} INFO - Processing file /opt/airflow/dags/hello_airflow.py for tasks to queue
[2025-05-19T02:19:12.855+0000] {logging_mixin.py:154} INFO - [2025-05-19T02:19:12.854+0000] {dagbag.py:536} INFO - Filling up the DagBag from /opt/airflow/dags/hello_airflow.py
[2025-05-19T02:19:12.865+0000] {processor.py:839} INFO - DAG(s) dict_keys(['hello_airflow']) retrieved from /opt/airflow/dags/hello_airflow.py
[2025-05-19T02:19:12.881+0000] {logging_mixin.py:154} INFO - [2025-05-19T02:19:12.881+0000] {dag.py:2941} INFO - Sync 1 DAGs
[2025-05-19T02:19:12.892+0000] {logging_mixin.py:154} INFO - [2025-05-19T02:19:12.892+0000] {dag.py:3722} INFO - Setting next_dagrun for hello_airflow to 2025-05-19T00:00:00+00:00, run_after=2025-05-20T00:00:00+00:00
[2025-05-19T02:19:12.900+0000] {processor.py:179} INFO - Processing /opt/airflow/dags/hello_airflow.py took 0.049 seconds
[2025-05-19T02:19:43.558+0000] {processor.py:157} INFO - Started process (PID=78917) to work on /opt/airflow/dags/hello_airflow.py
[2025-05-19T02:19:43.559+0000] {processor.py:829} INFO - Processing file /opt/airflow/dags/hello_airflow.py for tasks to queue
[2025-05-19T02:19:43.559+0000] {logging_mixin.py:154} INFO - [2025-05-19T02:19:43.559+0000] {dagbag.py:536} INFO - Filling up the DagBag from /opt/airflow/dags/hello_airflow.py
[2025-05-19T02:19:43.567+0000] {processor.py:839} INFO - DAG(s) dict_keys(['hello_airflow']) retrieved from /opt/airflow/dags/hello_airflow.py
[2025-05-19T02:19:43.581+0000] {logging_mixin.py:154} INFO - [2025-05-19T02:19:43.581+0000] {dag.py:2941} INFO - Sync 1 DAGs
[2025-05-19T02:19:43.592+0000] {logging_mixin.py:154} INFO - [2025-05-19T02:19:43.592+0000] {dag.py:3722} INFO - Setting next_dagrun for hello_airflow to 2025-05-19T00:00:00+00:00, run_after=2025-05-20T00:00:00+00:00
[2025-05-19T02:19:43.599+0000] {processor.py:179} INFO - Processing /opt/airflow/dags/hello_airflow.py took 0.043 seconds
[2025-05-19T02:20:14.333+0000] {processor.py:157} INFO - Started process (PID=78948) to work on /opt/airflow/dags/hello_airflow.py
[2025-05-19T02:20:14.334+0000] {processor.py:829} INFO - Processing file /opt/airflow/dags/hello_airflow.py for tasks to queue
[2025-05-19T02:20:14.334+0000] {logging_mixin.py:154} INFO - [2025-05-19T02:20:14.334+0000] {dagbag.py:536} INFO - Filling up the DagBag from /opt/airflow/dags/hello_airflow.py
[2025-05-19T02:20:14.342+0000] {processor.py:839} INFO - DAG(s) dict_keys(['hello_airflow']) retrieved from /opt/airflow/dags/hello_airflow.py
[2025-05-19T02:20:14.357+0000] {logging_mixin.py:154} INFO - [2025-05-19T02:20:14.356+0000] {dag.py:2941} INFO - Sync 1 DAGs
[2025-05-19T02:20:14.368+0000] {logging_mixin.py:154} INFO - [2025-05-19T02:20:14.368+0000] {dag.py:3722} INFO - Setting next_dagrun for hello_airflow to 2025-05-19T00:00:00+00:00, run_after=2025-05-20T00:00:00+00:00
[2025-05-19T02:20:14.375+0000] {processor.py:179} INFO - Processing /opt/airflow/dags/hello_airflow.py took 0.044 seconds
[2025-05-19T02:20:45.143+0000] {processor.py:157} INFO - Started process (PID=78979) to work on /opt/airflow/dags/hello_airflow.py
[2025-05-19T02:20:45.144+0000] {processor.py:829} INFO - Processing file /opt/airflow/dags/hello_airflow.py for tasks to queue
[2025-05-19T02:20:45.145+0000] {logging_mixin.py:154} INFO - [2025-05-19T02:20:45.145+0000] {dagbag.py:536} INFO - Filling up the DagBag from /opt/airflow/dags/hello_airflow.py
[2025-05-19T02:20:45.159+0000] {processor.py:839} INFO - DAG(s) dict_keys(['hello_airflow']) retrieved from /opt/airflow/dags/hello_airflow.py
[2025-05-19T02:20:45.189+0000] {logging_mixin.py:154} INFO - [2025-05-19T02:20:45.189+0000] {dag.py:2941} INFO - Sync 1 DAGs
[2025-05-19T02:20:45.212+0000] {logging_mixin.py:154} INFO - [2025-05-19T02:20:45.212+0000] {dag.py:3722} INFO - Setting next_dagrun for hello_airflow to 2025-05-19T00:00:00+00:00, run_after=2025-05-20T00:00:00+00:00
[2025-05-19T02:20:45.226+0000] {processor.py:179} INFO - Processing /opt/airflow/dags/hello_airflow.py took 0.086 seconds
[2025-05-19T02:21:16.005+0000] {processor.py:157} INFO - Started process (PID=79010) to work on /opt/airflow/dags/hello_airflow.py
[2025-05-19T02:21:16.006+0000] {processor.py:829} INFO - Processing file /opt/airflow/dags/hello_airflow.py for tasks to queue
[2025-05-19T02:21:16.006+0000] {logging_mixin.py:154} INFO - [2025-05-19T02:21:16.006+0000] {dagbag.py:536} INFO - Filling up the DagBag from /opt/airflow/dags/hello_airflow.py
[2025-05-19T02:21:16.015+0000] {processor.py:839} INFO - DAG(s) dict_keys(['hello_airflow']) retrieved from /opt/airflow/dags/hello_airflow.py
[2025-05-19T02:21:16.030+0000] {logging_mixin.py:154} INFO - [2025-05-19T02:21:16.030+0000] {dag.py:2941} INFO - Sync 1 DAGs
[2025-05-19T02:21:16.044+0000] {logging_mixin.py:154} INFO - [2025-05-19T02:21:16.044+0000] {dag.py:3722} INFO - Setting next_dagrun for hello_airflow to 2025-05-19T00:00:00+00:00, run_after=2025-05-20T00:00:00+00:00
[2025-05-19T02:21:16.052+0000] {processor.py:179} INFO - Processing /opt/airflow/dags/hello_airflow.py took 0.049 seconds
[2025-05-19T02:21:46.724+0000] {processor.py:157} INFO - Started process (PID=79041) to work on /opt/airflow/dags/hello_airflow.py
[2025-05-19T02:21:46.725+0000] {processor.py:829} INFO - Processing file /opt/airflow/dags/hello_airflow.py for tasks to queue
[2025-05-19T02:21:46.725+0000] {logging_mixin.py:154} INFO - [2025-05-19T02:21:46.725+0000] {dagbag.py:536} INFO - Filling up the DagBag from /opt/airflow/dags/hello_airflow.py
[2025-05-19T02:21:46.733+0000] {processor.py:839} INFO - DAG(s) dict_keys(['hello_airflow']) retrieved from /opt/airflow/dags/hello_airflow.py
[2025-05-19T02:21:46.749+0000] {logging_mixin.py:154} INFO - [2025-05-19T02:21:46.749+0000] {dag.py:2941} INFO - Sync 1 DAGs
[2025-05-19T02:21:46.761+0000] {logging_mixin.py:154} INFO - [2025-05-19T02:21:46.761+0000] {dag.py:3722} INFO - Setting next_dagrun for hello_airflow to 2025-05-19T00:00:00+00:00, run_after=2025-05-20T00:00:00+00:00
[2025-05-19T02:21:46.769+0000] {processor.py:179} INFO - Processing /opt/airflow/dags/hello_airflow.py took 0.049 seconds
