[2025-05-19T00:00:27.804+0000] {processor.py:157} INFO - Started process (PID=76527) to work on /opt/airflow/dags/train_and_upload_model.py
[2025-05-19T00:00:27.806+0000] {processor.py:829} INFO - Processing file /opt/airflow/dags/train_and_upload_model.py for tasks to queue
[2025-05-19T00:00:27.807+0000] {logging_mixin.py:154} INFO - [2025-05-19T00:00:27.806+0000] {dagbag.py:536} INFO - Filling up the DagBag from /opt/airflow/dags/train_and_upload_model.py
[2025-05-19T00:00:28.440+0000] {processor.py:839} INFO - DAG(s) dict_keys(['train_and_upload_model']) retrieved from /opt/airflow/dags/train_and_upload_model.py
[2025-05-19T00:00:28.456+0000] {logging_mixin.py:154} INFO - [2025-05-19T00:00:28.456+0000] {dag.py:2941} INFO - Sync 1 DAGs
[2025-05-19T00:00:28.461+0000] {logging_mixin.py:154} INFO - [2025-05-19T00:00:28.461+0000] {dag.py:3722} INFO - Setting next_dagrun for train_and_upload_model to None, run_after=None
[2025-05-19T00:00:28.467+0000] {processor.py:179} INFO - Processing /opt/airflow/dags/train_and_upload_model.py took 0.668 seconds
[2025-05-19T00:00:59.060+0000] {processor.py:157} INFO - Started process (PID=76558) to work on /opt/airflow/dags/train_and_upload_model.py
[2025-05-19T00:00:59.062+0000] {processor.py:829} INFO - Processing file /opt/airflow/dags/train_and_upload_model.py for tasks to queue
[2025-05-19T00:00:59.064+0000] {logging_mixin.py:154} INFO - [2025-05-19T00:00:59.063+0000] {dagbag.py:536} INFO - Filling up the DagBag from /opt/airflow/dags/train_and_upload_model.py
[2025-05-19T00:00:59.602+0000] {processor.py:839} INFO - DAG(s) dict_keys(['train_and_upload_model']) retrieved from /opt/airflow/dags/train_and_upload_model.py
[2025-05-19T00:00:59.612+0000] {logging_mixin.py:154} INFO - [2025-05-19T00:00:59.612+0000] {dag.py:2941} INFO - Sync 1 DAGs
[2025-05-19T00:00:59.617+0000] {logging_mixin.py:154} INFO - [2025-05-19T00:00:59.617+0000] {dag.py:3722} INFO - Setting next_dagrun for train_and_upload_model to None, run_after=None
[2025-05-19T00:00:59.623+0000] {processor.py:179} INFO - Processing /opt/airflow/dags/train_and_upload_model.py took 0.570 seconds
[2025-05-19T00:16:31.078+0000] {processor.py:157} INFO - Started process (PID=76589) to work on /opt/airflow/dags/train_and_upload_model.py
[2025-05-19T00:16:31.078+0000] {processor.py:829} INFO - Processing file /opt/airflow/dags/train_and_upload_model.py for tasks to queue
[2025-05-19T00:16:31.079+0000] {logging_mixin.py:154} INFO - [2025-05-19T00:16:31.079+0000] {dagbag.py:536} INFO - Filling up the DagBag from /opt/airflow/dags/train_and_upload_model.py
[2025-05-19T00:16:32.101+0000] {processor.py:839} INFO - DAG(s) dict_keys(['train_and_upload_model']) retrieved from /opt/airflow/dags/train_and_upload_model.py
[2025-05-19T00:16:32.129+0000] {logging_mixin.py:154} INFO - [2025-05-19T00:16:32.128+0000] {dag.py:2941} INFO - Sync 1 DAGs
[2025-05-19T00:16:32.136+0000] {logging_mixin.py:154} INFO - [2025-05-19T00:16:32.136+0000] {dag.py:3722} INFO - Setting next_dagrun for train_and_upload_model to None, run_after=None
[2025-05-19T00:16:32.145+0000] {processor.py:179} INFO - Processing /opt/airflow/dags/train_and_upload_model.py took 1.071 seconds
[2025-05-19T00:17:02.987+0000] {processor.py:157} INFO - Started process (PID=76638) to work on /opt/airflow/dags/train_and_upload_model.py
[2025-05-19T00:17:02.989+0000] {processor.py:829} INFO - Processing file /opt/airflow/dags/train_and_upload_model.py for tasks to queue
[2025-05-19T00:17:02.990+0000] {logging_mixin.py:154} INFO - [2025-05-19T00:17:02.989+0000] {dagbag.py:536} INFO - Filling up the DagBag from /opt/airflow/dags/train_and_upload_model.py
[2025-05-19T00:17:03.580+0000] {processor.py:839} INFO - DAG(s) dict_keys(['train_and_upload_model']) retrieved from /opt/airflow/dags/train_and_upload_model.py
[2025-05-19T00:17:03.592+0000] {logging_mixin.py:154} INFO - [2025-05-19T00:17:03.592+0000] {dag.py:2941} INFO - Sync 1 DAGs
[2025-05-19T00:17:03.597+0000] {logging_mixin.py:154} INFO - [2025-05-19T00:17:03.597+0000] {dag.py:3722} INFO - Setting next_dagrun for train_and_upload_model to None, run_after=None
[2025-05-19T00:17:03.604+0000] {processor.py:179} INFO - Processing /opt/airflow/dags/train_and_upload_model.py took 0.622 seconds
[2025-05-19T00:32:58.826+0000] {processor.py:157} INFO - Started process (PID=76653) to work on /opt/airflow/dags/train_and_upload_model.py
[2025-05-19T00:32:58.830+0000] {processor.py:829} INFO - Processing file /opt/airflow/dags/train_and_upload_model.py for tasks to queue
[2025-05-19T00:32:58.832+0000] {logging_mixin.py:154} INFO - [2025-05-19T00:32:58.831+0000] {dagbag.py:536} INFO - Filling up the DagBag from /opt/airflow/dags/train_and_upload_model.py
[2025-05-19T00:32:59.897+0000] {processor.py:839} INFO - DAG(s) dict_keys(['train_and_upload_model']) retrieved from /opt/airflow/dags/train_and_upload_model.py
[2025-05-19T00:32:59.910+0000] {logging_mixin.py:154} INFO - [2025-05-19T00:32:59.910+0000] {dag.py:2941} INFO - Sync 1 DAGs
[2025-05-19T00:32:59.915+0000] {logging_mixin.py:154} INFO - [2025-05-19T00:32:59.915+0000] {dag.py:3722} INFO - Setting next_dagrun for train_and_upload_model to None, run_after=None
[2025-05-19T00:32:59.922+0000] {processor.py:179} INFO - Processing /opt/airflow/dags/train_and_upload_model.py took 1.106 seconds
[2025-05-19T00:33:30.244+0000] {processor.py:157} INFO - Started process (PID=76686) to work on /opt/airflow/dags/train_and_upload_model.py
[2025-05-19T00:33:30.248+0000] {processor.py:829} INFO - Processing file /opt/airflow/dags/train_and_upload_model.py for tasks to queue
[2025-05-19T00:33:30.251+0000] {logging_mixin.py:154} INFO - [2025-05-19T00:33:30.250+0000] {dagbag.py:536} INFO - Filling up the DagBag from /opt/airflow/dags/train_and_upload_model.py
[2025-05-19T00:33:30.960+0000] {processor.py:839} INFO - DAG(s) dict_keys(['train_and_upload_model']) retrieved from /opt/airflow/dags/train_and_upload_model.py
[2025-05-19T00:33:30.971+0000] {logging_mixin.py:154} INFO - [2025-05-19T00:33:30.971+0000] {dag.py:2941} INFO - Sync 1 DAGs
[2025-05-19T00:33:30.976+0000] {logging_mixin.py:154} INFO - [2025-05-19T00:33:30.976+0000] {dag.py:3722} INFO - Setting next_dagrun for train_and_upload_model to None, run_after=None
[2025-05-19T00:33:30.982+0000] {processor.py:179} INFO - Processing /opt/airflow/dags/train_and_upload_model.py took 0.756 seconds
[2025-05-19T00:50:12.968+0000] {processor.py:157} INFO - Started process (PID=76717) to work on /opt/airflow/dags/train_and_upload_model.py
[2025-05-19T00:50:12.969+0000] {processor.py:829} INFO - Processing file /opt/airflow/dags/train_and_upload_model.py for tasks to queue
[2025-05-19T00:50:12.971+0000] {logging_mixin.py:154} INFO - [2025-05-19T00:50:12.970+0000] {dagbag.py:536} INFO - Filling up the DagBag from /opt/airflow/dags/train_and_upload_model.py
[2025-05-19T00:50:13.962+0000] {processor.py:839} INFO - DAG(s) dict_keys(['train_and_upload_model']) retrieved from /opt/airflow/dags/train_and_upload_model.py
[2025-05-19T00:50:13.975+0000] {logging_mixin.py:154} INFO - [2025-05-19T00:50:13.975+0000] {dag.py:2941} INFO - Sync 1 DAGs
[2025-05-19T00:50:13.981+0000] {logging_mixin.py:154} INFO - [2025-05-19T00:50:13.981+0000] {dag.py:3722} INFO - Setting next_dagrun for train_and_upload_model to None, run_after=None
[2025-05-19T00:50:13.992+0000] {processor.py:179} INFO - Processing /opt/airflow/dags/train_and_upload_model.py took 1.032 seconds
[2025-05-19T00:50:44.342+0000] {processor.py:157} INFO - Started process (PID=76748) to work on /opt/airflow/dags/train_and_upload_model.py
[2025-05-19T00:50:44.344+0000] {processor.py:829} INFO - Processing file /opt/airflow/dags/train_and_upload_model.py for tasks to queue
[2025-05-19T00:50:44.346+0000] {logging_mixin.py:154} INFO - [2025-05-19T00:50:44.345+0000] {dagbag.py:536} INFO - Filling up the DagBag from /opt/airflow/dags/train_and_upload_model.py
[2025-05-19T00:50:45.045+0000] {processor.py:839} INFO - DAG(s) dict_keys(['train_and_upload_model']) retrieved from /opt/airflow/dags/train_and_upload_model.py
[2025-05-19T00:50:45.055+0000] {logging_mixin.py:154} INFO - [2025-05-19T00:50:45.055+0000] {dag.py:2941} INFO - Sync 1 DAGs
[2025-05-19T00:50:45.059+0000] {logging_mixin.py:154} INFO - [2025-05-19T00:50:45.059+0000] {dag.py:3722} INFO - Setting next_dagrun for train_and_upload_model to None, run_after=None
[2025-05-19T00:50:45.067+0000] {processor.py:179} INFO - Processing /opt/airflow/dags/train_and_upload_model.py took 0.736 seconds
[2025-05-19T00:51:15.298+0000] {processor.py:157} INFO - Started process (PID=76779) to work on /opt/airflow/dags/train_and_upload_model.py
[2025-05-19T00:51:15.299+0000] {processor.py:829} INFO - Processing file /opt/airflow/dags/train_and_upload_model.py for tasks to queue
[2025-05-19T00:51:15.300+0000] {logging_mixin.py:154} INFO - [2025-05-19T00:51:15.300+0000] {dagbag.py:536} INFO - Filling up the DagBag from /opt/airflow/dags/train_and_upload_model.py
[2025-05-19T00:51:15.817+0000] {processor.py:839} INFO - DAG(s) dict_keys(['train_and_upload_model']) retrieved from /opt/airflow/dags/train_and_upload_model.py
[2025-05-19T00:51:15.827+0000] {logging_mixin.py:154} INFO - [2025-05-19T00:51:15.826+0000] {dag.py:2941} INFO - Sync 1 DAGs
[2025-05-19T00:51:15.831+0000] {logging_mixin.py:154} INFO - [2025-05-19T00:51:15.831+0000] {dag.py:3722} INFO - Setting next_dagrun for train_and_upload_model to None, run_after=None
[2025-05-19T00:51:15.837+0000] {processor.py:179} INFO - Processing /opt/airflow/dags/train_and_upload_model.py took 0.545 seconds
[2025-05-19T00:51:46.130+0000] {processor.py:157} INFO - Started process (PID=76810) to work on /opt/airflow/dags/train_and_upload_model.py
[2025-05-19T00:51:46.131+0000] {processor.py:829} INFO - Processing file /opt/airflow/dags/train_and_upload_model.py for tasks to queue
[2025-05-19T00:51:46.132+0000] {logging_mixin.py:154} INFO - [2025-05-19T00:51:46.132+0000] {dagbag.py:536} INFO - Filling up the DagBag from /opt/airflow/dags/train_and_upload_model.py
[2025-05-19T00:51:46.766+0000] {processor.py:839} INFO - DAG(s) dict_keys(['train_and_upload_model']) retrieved from /opt/airflow/dags/train_and_upload_model.py
[2025-05-19T00:51:46.778+0000] {logging_mixin.py:154} INFO - [2025-05-19T00:51:46.778+0000] {dag.py:2941} INFO - Sync 1 DAGs
[2025-05-19T00:51:46.784+0000] {logging_mixin.py:154} INFO - [2025-05-19T00:51:46.784+0000] {dag.py:3722} INFO - Setting next_dagrun for train_and_upload_model to None, run_after=None
[2025-05-19T00:51:46.790+0000] {processor.py:179} INFO - Processing /opt/airflow/dags/train_and_upload_model.py took 0.664 seconds
[2025-05-19T00:52:17.046+0000] {processor.py:157} INFO - Started process (PID=76841) to work on /opt/airflow/dags/train_and_upload_model.py
[2025-05-19T00:52:17.048+0000] {processor.py:829} INFO - Processing file /opt/airflow/dags/train_and_upload_model.py for tasks to queue
[2025-05-19T00:52:17.049+0000] {logging_mixin.py:154} INFO - [2025-05-19T00:52:17.048+0000] {dagbag.py:536} INFO - Filling up the DagBag from /opt/airflow/dags/train_and_upload_model.py
[2025-05-19T00:52:17.694+0000] {processor.py:839} INFO - DAG(s) dict_keys(['train_and_upload_model']) retrieved from /opt/airflow/dags/train_and_upload_model.py
[2025-05-19T00:52:17.705+0000] {logging_mixin.py:154} INFO - [2025-05-19T00:52:17.705+0000] {dag.py:2941} INFO - Sync 1 DAGs
[2025-05-19T00:52:17.710+0000] {logging_mixin.py:154} INFO - [2025-05-19T00:52:17.710+0000] {dag.py:3722} INFO - Setting next_dagrun for train_and_upload_model to None, run_after=None
[2025-05-19T00:52:17.717+0000] {processor.py:179} INFO - Processing /opt/airflow/dags/train_and_upload_model.py took 0.679 seconds
[2025-05-19T00:52:47.996+0000] {processor.py:157} INFO - Started process (PID=76872) to work on /opt/airflow/dags/train_and_upload_model.py
[2025-05-19T00:52:47.998+0000] {processor.py:829} INFO - Processing file /opt/airflow/dags/train_and_upload_model.py for tasks to queue
[2025-05-19T00:52:48.000+0000] {logging_mixin.py:154} INFO - [2025-05-19T00:52:47.999+0000] {dagbag.py:536} INFO - Filling up the DagBag from /opt/airflow/dags/train_and_upload_model.py
[2025-05-19T00:52:48.709+0000] {processor.py:839} INFO - DAG(s) dict_keys(['train_and_upload_model']) retrieved from /opt/airflow/dags/train_and_upload_model.py
[2025-05-19T00:52:48.720+0000] {logging_mixin.py:154} INFO - [2025-05-19T00:52:48.719+0000] {dag.py:2941} INFO - Sync 1 DAGs
[2025-05-19T00:52:48.724+0000] {logging_mixin.py:154} INFO - [2025-05-19T00:52:48.724+0000] {dag.py:3722} INFO - Setting next_dagrun for train_and_upload_model to None, run_after=None
[2025-05-19T00:52:48.731+0000] {processor.py:179} INFO - Processing /opt/airflow/dags/train_and_upload_model.py took 0.762 seconds
[2025-05-19T00:53:18.975+0000] {processor.py:157} INFO - Started process (PID=76903) to work on /opt/airflow/dags/train_and_upload_model.py
[2025-05-19T00:53:18.976+0000] {processor.py:829} INFO - Processing file /opt/airflow/dags/train_and_upload_model.py for tasks to queue
[2025-05-19T00:53:18.978+0000] {logging_mixin.py:154} INFO - [2025-05-19T00:53:18.977+0000] {dagbag.py:536} INFO - Filling up the DagBag from /opt/airflow/dags/train_and_upload_model.py
[2025-05-19T00:53:19.455+0000] {processor.py:839} INFO - DAG(s) dict_keys(['train_and_upload_model']) retrieved from /opt/airflow/dags/train_and_upload_model.py
[2025-05-19T00:53:19.463+0000] {logging_mixin.py:154} INFO - [2025-05-19T00:53:19.463+0000] {dag.py:2941} INFO - Sync 1 DAGs
[2025-05-19T00:53:19.467+0000] {logging_mixin.py:154} INFO - [2025-05-19T00:53:19.467+0000] {dag.py:3722} INFO - Setting next_dagrun for train_and_upload_model to None, run_after=None
[2025-05-19T00:53:19.474+0000] {processor.py:179} INFO - Processing /opt/airflow/dags/train_and_upload_model.py took 0.504 seconds
[2025-05-19T00:53:49.861+0000] {processor.py:157} INFO - Started process (PID=76934) to work on /opt/airflow/dags/train_and_upload_model.py
[2025-05-19T00:53:49.864+0000] {processor.py:829} INFO - Processing file /opt/airflow/dags/train_and_upload_model.py for tasks to queue
[2025-05-19T00:53:49.866+0000] {logging_mixin.py:154} INFO - [2025-05-19T00:53:49.865+0000] {dagbag.py:536} INFO - Filling up the DagBag from /opt/airflow/dags/train_and_upload_model.py
[2025-05-19T00:53:50.566+0000] {processor.py:839} INFO - DAG(s) dict_keys(['train_and_upload_model']) retrieved from /opt/airflow/dags/train_and_upload_model.py
[2025-05-19T00:53:50.576+0000] {logging_mixin.py:154} INFO - [2025-05-19T00:53:50.576+0000] {dag.py:2941} INFO - Sync 1 DAGs
[2025-05-19T00:53:50.581+0000] {logging_mixin.py:154} INFO - [2025-05-19T00:53:50.581+0000] {dag.py:3722} INFO - Setting next_dagrun for train_and_upload_model to None, run_after=None
[2025-05-19T00:53:50.587+0000] {processor.py:179} INFO - Processing /opt/airflow/dags/train_and_upload_model.py took 0.742 seconds
[2025-05-19T00:54:20.848+0000] {processor.py:157} INFO - Started process (PID=76965) to work on /opt/airflow/dags/train_and_upload_model.py
[2025-05-19T00:54:20.854+0000] {processor.py:829} INFO - Processing file /opt/airflow/dags/train_and_upload_model.py for tasks to queue
[2025-05-19T00:54:20.859+0000] {logging_mixin.py:154} INFO - [2025-05-19T00:54:20.856+0000] {dagbag.py:536} INFO - Filling up the DagBag from /opt/airflow/dags/train_and_upload_model.py
[2025-05-19T00:54:21.537+0000] {processor.py:839} INFO - DAG(s) dict_keys(['train_and_upload_model']) retrieved from /opt/airflow/dags/train_and_upload_model.py
[2025-05-19T00:54:21.548+0000] {logging_mixin.py:154} INFO - [2025-05-19T00:54:21.547+0000] {dag.py:2941} INFO - Sync 1 DAGs
[2025-05-19T00:54:21.552+0000] {logging_mixin.py:154} INFO - [2025-05-19T00:54:21.552+0000] {dag.py:3722} INFO - Setting next_dagrun for train_and_upload_model to None, run_after=None
[2025-05-19T00:54:21.559+0000] {processor.py:179} INFO - Processing /opt/airflow/dags/train_and_upload_model.py took 0.722 seconds
[2025-05-19T00:54:51.775+0000] {processor.py:157} INFO - Started process (PID=76996) to work on /opt/airflow/dags/train_and_upload_model.py
[2025-05-19T00:54:51.777+0000] {processor.py:829} INFO - Processing file /opt/airflow/dags/train_and_upload_model.py for tasks to queue
[2025-05-19T00:54:51.778+0000] {logging_mixin.py:154} INFO - [2025-05-19T00:54:51.778+0000] {dagbag.py:536} INFO - Filling up the DagBag from /opt/airflow/dags/train_and_upload_model.py
[2025-05-19T00:54:52.266+0000] {processor.py:839} INFO - DAG(s) dict_keys(['train_and_upload_model']) retrieved from /opt/airflow/dags/train_and_upload_model.py
[2025-05-19T00:54:52.275+0000] {logging_mixin.py:154} INFO - [2025-05-19T00:54:52.275+0000] {dag.py:2941} INFO - Sync 1 DAGs
[2025-05-19T00:54:52.279+0000] {logging_mixin.py:154} INFO - [2025-05-19T00:54:52.279+0000] {dag.py:3722} INFO - Setting next_dagrun for train_and_upload_model to None, run_after=None
[2025-05-19T00:54:52.286+0000] {processor.py:179} INFO - Processing /opt/airflow/dags/train_and_upload_model.py took 0.516 seconds
[2025-05-19T00:55:22.697+0000] {processor.py:157} INFO - Started process (PID=77027) to work on /opt/airflow/dags/train_and_upload_model.py
[2025-05-19T00:55:22.699+0000] {processor.py:829} INFO - Processing file /opt/airflow/dags/train_and_upload_model.py for tasks to queue
[2025-05-19T00:55:22.700+0000] {logging_mixin.py:154} INFO - [2025-05-19T00:55:22.700+0000] {dagbag.py:536} INFO - Filling up the DagBag from /opt/airflow/dags/train_and_upload_model.py
[2025-05-19T00:55:23.304+0000] {processor.py:839} INFO - DAG(s) dict_keys(['train_and_upload_model']) retrieved from /opt/airflow/dags/train_and_upload_model.py
[2025-05-19T00:55:23.315+0000] {logging_mixin.py:154} INFO - [2025-05-19T00:55:23.314+0000] {dag.py:2941} INFO - Sync 1 DAGs
[2025-05-19T00:55:23.319+0000] {logging_mixin.py:154} INFO - [2025-05-19T00:55:23.319+0000] {dag.py:3722} INFO - Setting next_dagrun for train_and_upload_model to None, run_after=None
[2025-05-19T00:55:23.325+0000] {processor.py:179} INFO - Processing /opt/airflow/dags/train_and_upload_model.py took 0.642 seconds
[2025-05-19T00:55:53.579+0000] {processor.py:157} INFO - Started process (PID=77058) to work on /opt/airflow/dags/train_and_upload_model.py
[2025-05-19T00:55:53.581+0000] {processor.py:829} INFO - Processing file /opt/airflow/dags/train_and_upload_model.py for tasks to queue
[2025-05-19T00:55:53.582+0000] {logging_mixin.py:154} INFO - [2025-05-19T00:55:53.581+0000] {dagbag.py:536} INFO - Filling up the DagBag from /opt/airflow/dags/train_and_upload_model.py
[2025-05-19T00:55:54.147+0000] {processor.py:839} INFO - DAG(s) dict_keys(['train_and_upload_model']) retrieved from /opt/airflow/dags/train_and_upload_model.py
[2025-05-19T00:55:54.155+0000] {logging_mixin.py:154} INFO - [2025-05-19T00:55:54.155+0000] {dag.py:2941} INFO - Sync 1 DAGs
[2025-05-19T00:55:54.159+0000] {logging_mixin.py:154} INFO - [2025-05-19T00:55:54.159+0000] {dag.py:3722} INFO - Setting next_dagrun for train_and_upload_model to None, run_after=None
[2025-05-19T00:55:54.166+0000] {processor.py:179} INFO - Processing /opt/airflow/dags/train_and_upload_model.py took 0.592 seconds
[2025-05-19T00:56:24.516+0000] {processor.py:157} INFO - Started process (PID=77089) to work on /opt/airflow/dags/train_and_upload_model.py
[2025-05-19T00:56:24.518+0000] {processor.py:829} INFO - Processing file /opt/airflow/dags/train_and_upload_model.py for tasks to queue
[2025-05-19T00:56:24.519+0000] {logging_mixin.py:154} INFO - [2025-05-19T00:56:24.519+0000] {dagbag.py:536} INFO - Filling up the DagBag from /opt/airflow/dags/train_and_upload_model.py
[2025-05-19T00:56:25.170+0000] {processor.py:839} INFO - DAG(s) dict_keys(['train_and_upload_model']) retrieved from /opt/airflow/dags/train_and_upload_model.py
[2025-05-19T00:56:25.181+0000] {logging_mixin.py:154} INFO - [2025-05-19T00:56:25.181+0000] {dag.py:2941} INFO - Sync 1 DAGs
[2025-05-19T00:56:25.186+0000] {logging_mixin.py:154} INFO - [2025-05-19T00:56:25.186+0000] {dag.py:3722} INFO - Setting next_dagrun for train_and_upload_model to None, run_after=None
[2025-05-19T00:56:25.192+0000] {processor.py:179} INFO - Processing /opt/airflow/dags/train_and_upload_model.py took 0.688 seconds
[2025-05-19T00:56:55.422+0000] {processor.py:157} INFO - Started process (PID=77120) to work on /opt/airflow/dags/train_and_upload_model.py
[2025-05-19T00:56:55.424+0000] {processor.py:829} INFO - Processing file /opt/airflow/dags/train_and_upload_model.py for tasks to queue
[2025-05-19T00:56:55.425+0000] {logging_mixin.py:154} INFO - [2025-05-19T00:56:55.425+0000] {dagbag.py:536} INFO - Filling up the DagBag from /opt/airflow/dags/train_and_upload_model.py
[2025-05-19T00:56:55.910+0000] {processor.py:839} INFO - DAG(s) dict_keys(['train_and_upload_model']) retrieved from /opt/airflow/dags/train_and_upload_model.py
[2025-05-19T00:56:55.918+0000] {logging_mixin.py:154} INFO - [2025-05-19T00:56:55.918+0000] {dag.py:2941} INFO - Sync 1 DAGs
[2025-05-19T00:56:55.923+0000] {logging_mixin.py:154} INFO - [2025-05-19T00:56:55.923+0000] {dag.py:3722} INFO - Setting next_dagrun for train_and_upload_model to None, run_after=None
[2025-05-19T00:56:55.929+0000] {processor.py:179} INFO - Processing /opt/airflow/dags/train_and_upload_model.py took 0.515 seconds
[2025-05-19T00:57:26.362+0000] {processor.py:157} INFO - Started process (PID=77151) to work on /opt/airflow/dags/train_and_upload_model.py
[2025-05-19T00:57:26.364+0000] {processor.py:829} INFO - Processing file /opt/airflow/dags/train_and_upload_model.py for tasks to queue
[2025-05-19T00:57:26.367+0000] {logging_mixin.py:154} INFO - [2025-05-19T00:57:26.366+0000] {dagbag.py:536} INFO - Filling up the DagBag from /opt/airflow/dags/train_and_upload_model.py
[2025-05-19T00:57:27.024+0000] {processor.py:839} INFO - DAG(s) dict_keys(['train_and_upload_model']) retrieved from /opt/airflow/dags/train_and_upload_model.py
[2025-05-19T00:57:27.037+0000] {logging_mixin.py:154} INFO - [2025-05-19T00:57:27.037+0000] {dag.py:2941} INFO - Sync 1 DAGs
[2025-05-19T00:57:27.042+0000] {logging_mixin.py:154} INFO - [2025-05-19T00:57:27.042+0000] {dag.py:3722} INFO - Setting next_dagrun for train_and_upload_model to None, run_after=None
[2025-05-19T00:57:27.048+0000] {processor.py:179} INFO - Processing /opt/airflow/dags/train_and_upload_model.py took 0.701 seconds
[2025-05-19T00:57:57.346+0000] {processor.py:157} INFO - Started process (PID=77182) to work on /opt/airflow/dags/train_and_upload_model.py
[2025-05-19T00:57:57.349+0000] {processor.py:829} INFO - Processing file /opt/airflow/dags/train_and_upload_model.py for tasks to queue
[2025-05-19T00:57:57.351+0000] {logging_mixin.py:154} INFO - [2025-05-19T00:57:57.350+0000] {dagbag.py:536} INFO - Filling up the DagBag from /opt/airflow/dags/train_and_upload_model.py
[2025-05-19T00:57:57.898+0000] {processor.py:839} INFO - DAG(s) dict_keys(['train_and_upload_model']) retrieved from /opt/airflow/dags/train_and_upload_model.py
[2025-05-19T00:57:57.908+0000] {logging_mixin.py:154} INFO - [2025-05-19T00:57:57.907+0000] {dag.py:2941} INFO - Sync 1 DAGs
[2025-05-19T00:57:57.912+0000] {logging_mixin.py:154} INFO - [2025-05-19T00:57:57.912+0000] {dag.py:3722} INFO - Setting next_dagrun for train_and_upload_model to None, run_after=None
[2025-05-19T00:57:57.918+0000] {processor.py:179} INFO - Processing /opt/airflow/dags/train_and_upload_model.py took 0.583 seconds
[2025-05-19T00:58:28.274+0000] {processor.py:157} INFO - Started process (PID=77213) to work on /opt/airflow/dags/train_and_upload_model.py
[2025-05-19T00:58:28.276+0000] {processor.py:829} INFO - Processing file /opt/airflow/dags/train_and_upload_model.py for tasks to queue
[2025-05-19T00:58:28.277+0000] {logging_mixin.py:154} INFO - [2025-05-19T00:58:28.277+0000] {dagbag.py:536} INFO - Filling up the DagBag from /opt/airflow/dags/train_and_upload_model.py
[2025-05-19T00:58:28.874+0000] {processor.py:839} INFO - DAG(s) dict_keys(['train_and_upload_model']) retrieved from /opt/airflow/dags/train_and_upload_model.py
[2025-05-19T00:58:28.884+0000] {logging_mixin.py:154} INFO - [2025-05-19T00:58:28.883+0000] {dag.py:2941} INFO - Sync 1 DAGs
[2025-05-19T00:58:28.888+0000] {logging_mixin.py:154} INFO - [2025-05-19T00:58:28.888+0000] {dag.py:3722} INFO - Setting next_dagrun for train_and_upload_model to None, run_after=None
[2025-05-19T00:58:28.895+0000] {processor.py:179} INFO - Processing /opt/airflow/dags/train_and_upload_model.py took 0.628 seconds
[2025-05-19T00:58:59.122+0000] {processor.py:157} INFO - Started process (PID=77244) to work on /opt/airflow/dags/train_and_upload_model.py
[2025-05-19T00:58:59.124+0000] {processor.py:829} INFO - Processing file /opt/airflow/dags/train_and_upload_model.py for tasks to queue
[2025-05-19T00:58:59.125+0000] {logging_mixin.py:154} INFO - [2025-05-19T00:58:59.124+0000] {dagbag.py:536} INFO - Filling up the DagBag from /opt/airflow/dags/train_and_upload_model.py
[2025-05-19T00:58:59.678+0000] {processor.py:839} INFO - DAG(s) dict_keys(['train_and_upload_model']) retrieved from /opt/airflow/dags/train_and_upload_model.py
[2025-05-19T00:58:59.687+0000] {logging_mixin.py:154} INFO - [2025-05-19T00:58:59.687+0000] {dag.py:2941} INFO - Sync 1 DAGs
[2025-05-19T00:58:59.691+0000] {logging_mixin.py:154} INFO - [2025-05-19T00:58:59.691+0000] {dag.py:3722} INFO - Setting next_dagrun for train_and_upload_model to None, run_after=None
[2025-05-19T00:58:59.698+0000] {processor.py:179} INFO - Processing /opt/airflow/dags/train_and_upload_model.py took 0.581 seconds
[2025-05-19T00:59:29.992+0000] {processor.py:157} INFO - Started process (PID=77275) to work on /opt/airflow/dags/train_and_upload_model.py
[2025-05-19T00:59:29.994+0000] {processor.py:829} INFO - Processing file /opt/airflow/dags/train_and_upload_model.py for tasks to queue
[2025-05-19T00:59:29.995+0000] {logging_mixin.py:154} INFO - [2025-05-19T00:59:29.995+0000] {dagbag.py:536} INFO - Filling up the DagBag from /opt/airflow/dags/train_and_upload_model.py
[2025-05-19T00:59:30.511+0000] {processor.py:839} INFO - DAG(s) dict_keys(['train_and_upload_model']) retrieved from /opt/airflow/dags/train_and_upload_model.py
[2025-05-19T00:59:30.520+0000] {logging_mixin.py:154} INFO - [2025-05-19T00:59:30.520+0000] {dag.py:2941} INFO - Sync 1 DAGs
[2025-05-19T00:59:30.525+0000] {logging_mixin.py:154} INFO - [2025-05-19T00:59:30.525+0000] {dag.py:3722} INFO - Setting next_dagrun for train_and_upload_model to None, run_after=None
[2025-05-19T00:59:30.531+0000] {processor.py:179} INFO - Processing /opt/airflow/dags/train_and_upload_model.py took 0.544 seconds
[2025-05-19T01:00:00.854+0000] {processor.py:157} INFO - Started process (PID=77306) to work on /opt/airflow/dags/train_and_upload_model.py
[2025-05-19T01:00:00.856+0000] {processor.py:829} INFO - Processing file /opt/airflow/dags/train_and_upload_model.py for tasks to queue
[2025-05-19T01:00:00.857+0000] {logging_mixin.py:154} INFO - [2025-05-19T01:00:00.857+0000] {dagbag.py:536} INFO - Filling up the DagBag from /opt/airflow/dags/train_and_upload_model.py
[2025-05-19T01:00:01.632+0000] {processor.py:839} INFO - DAG(s) dict_keys(['train_and_upload_model']) retrieved from /opt/airflow/dags/train_and_upload_model.py
[2025-05-19T01:00:01.644+0000] {logging_mixin.py:154} INFO - [2025-05-19T01:00:01.644+0000] {dag.py:2941} INFO - Sync 1 DAGs
[2025-05-19T01:00:01.649+0000] {logging_mixin.py:154} INFO - [2025-05-19T01:00:01.649+0000] {dag.py:3722} INFO - Setting next_dagrun for train_and_upload_model to None, run_after=None
[2025-05-19T01:00:01.657+0000] {processor.py:179} INFO - Processing /opt/airflow/dags/train_and_upload_model.py took 0.811 seconds
[2025-05-19T01:00:31.931+0000] {processor.py:157} INFO - Started process (PID=77337) to work on /opt/airflow/dags/train_and_upload_model.py
[2025-05-19T01:00:31.932+0000] {processor.py:829} INFO - Processing file /opt/airflow/dags/train_and_upload_model.py for tasks to queue
[2025-05-19T01:00:31.933+0000] {logging_mixin.py:154} INFO - [2025-05-19T01:00:31.933+0000] {dagbag.py:536} INFO - Filling up the DagBag from /opt/airflow/dags/train_and_upload_model.py
[2025-05-19T01:00:32.469+0000] {processor.py:839} INFO - DAG(s) dict_keys(['train_and_upload_model']) retrieved from /opt/airflow/dags/train_and_upload_model.py
[2025-05-19T01:00:32.478+0000] {logging_mixin.py:154} INFO - [2025-05-19T01:00:32.478+0000] {dag.py:2941} INFO - Sync 1 DAGs
[2025-05-19T01:00:32.483+0000] {logging_mixin.py:154} INFO - [2025-05-19T01:00:32.483+0000] {dag.py:3722} INFO - Setting next_dagrun for train_and_upload_model to None, run_after=None
[2025-05-19T01:00:32.489+0000] {processor.py:179} INFO - Processing /opt/airflow/dags/train_and_upload_model.py took 0.565 seconds
[2025-05-19T01:01:02.740+0000] {processor.py:157} INFO - Started process (PID=77368) to work on /opt/airflow/dags/train_and_upload_model.py
[2025-05-19T01:01:02.742+0000] {processor.py:829} INFO - Processing file /opt/airflow/dags/train_and_upload_model.py for tasks to queue
[2025-05-19T01:01:02.743+0000] {logging_mixin.py:154} INFO - [2025-05-19T01:01:02.743+0000] {dagbag.py:536} INFO - Filling up the DagBag from /opt/airflow/dags/train_and_upload_model.py
[2025-05-19T01:01:03.253+0000] {processor.py:839} INFO - DAG(s) dict_keys(['train_and_upload_model']) retrieved from /opt/airflow/dags/train_and_upload_model.py
[2025-05-19T01:01:03.262+0000] {logging_mixin.py:154} INFO - [2025-05-19T01:01:03.262+0000] {dag.py:2941} INFO - Sync 1 DAGs
[2025-05-19T01:01:03.266+0000] {logging_mixin.py:154} INFO - [2025-05-19T01:01:03.266+0000] {dag.py:3722} INFO - Setting next_dagrun for train_and_upload_model to None, run_after=None
[2025-05-19T01:01:03.273+0000] {processor.py:179} INFO - Processing /opt/airflow/dags/train_and_upload_model.py took 0.539 seconds
[2025-05-19T01:01:33.565+0000] {processor.py:157} INFO - Started process (PID=77399) to work on /opt/airflow/dags/train_and_upload_model.py
[2025-05-19T01:01:33.566+0000] {processor.py:829} INFO - Processing file /opt/airflow/dags/train_and_upload_model.py for tasks to queue
[2025-05-19T01:01:33.566+0000] {logging_mixin.py:154} INFO - [2025-05-19T01:01:33.566+0000] {dagbag.py:536} INFO - Filling up the DagBag from /opt/airflow/dags/train_and_upload_model.py
[2025-05-19T01:01:34.026+0000] {processor.py:839} INFO - DAG(s) dict_keys(['train_and_upload_model']) retrieved from /opt/airflow/dags/train_and_upload_model.py
[2025-05-19T01:01:34.035+0000] {logging_mixin.py:154} INFO - [2025-05-19T01:01:34.035+0000] {dag.py:2941} INFO - Sync 1 DAGs
[2025-05-19T01:01:34.039+0000] {logging_mixin.py:154} INFO - [2025-05-19T01:01:34.039+0000] {dag.py:3722} INFO - Setting next_dagrun for train_and_upload_model to None, run_after=None
[2025-05-19T01:01:34.046+0000] {processor.py:179} INFO - Processing /opt/airflow/dags/train_and_upload_model.py took 0.483 seconds
[2025-05-19T01:02:04.413+0000] {processor.py:157} INFO - Started process (PID=77430) to work on /opt/airflow/dags/train_and_upload_model.py
[2025-05-19T01:02:04.417+0000] {processor.py:829} INFO - Processing file /opt/airflow/dags/train_and_upload_model.py for tasks to queue
[2025-05-19T01:02:04.418+0000] {logging_mixin.py:154} INFO - [2025-05-19T01:02:04.418+0000] {dagbag.py:536} INFO - Filling up the DagBag from /opt/airflow/dags/train_and_upload_model.py
[2025-05-19T01:02:05.090+0000] {processor.py:839} INFO - DAG(s) dict_keys(['train_and_upload_model']) retrieved from /opt/airflow/dags/train_and_upload_model.py
[2025-05-19T01:02:05.100+0000] {logging_mixin.py:154} INFO - [2025-05-19T01:02:05.099+0000] {dag.py:2941} INFO - Sync 1 DAGs
[2025-05-19T01:02:05.104+0000] {logging_mixin.py:154} INFO - [2025-05-19T01:02:05.104+0000] {dag.py:3722} INFO - Setting next_dagrun for train_and_upload_model to None, run_after=None
[2025-05-19T01:02:05.111+0000] {processor.py:179} INFO - Processing /opt/airflow/dags/train_and_upload_model.py took 0.728 seconds
[2025-05-19T01:02:35.359+0000] {processor.py:157} INFO - Started process (PID=77461) to work on /opt/airflow/dags/train_and_upload_model.py
[2025-05-19T01:02:35.361+0000] {processor.py:829} INFO - Processing file /opt/airflow/dags/train_and_upload_model.py for tasks to queue
[2025-05-19T01:02:35.363+0000] {logging_mixin.py:154} INFO - [2025-05-19T01:02:35.362+0000] {dagbag.py:536} INFO - Filling up the DagBag from /opt/airflow/dags/train_and_upload_model.py
[2025-05-19T01:02:35.862+0000] {processor.py:839} INFO - DAG(s) dict_keys(['train_and_upload_model']) retrieved from /opt/airflow/dags/train_and_upload_model.py
[2025-05-19T01:02:35.872+0000] {logging_mixin.py:154} INFO - [2025-05-19T01:02:35.872+0000] {dag.py:2941} INFO - Sync 1 DAGs
[2025-05-19T01:02:35.876+0000] {logging_mixin.py:154} INFO - [2025-05-19T01:02:35.876+0000] {dag.py:3722} INFO - Setting next_dagrun for train_and_upload_model to None, run_after=None
[2025-05-19T01:02:35.883+0000] {processor.py:179} INFO - Processing /opt/airflow/dags/train_and_upload_model.py took 0.534 seconds
[2025-05-19T01:03:06.217+0000] {processor.py:157} INFO - Started process (PID=77492) to work on /opt/airflow/dags/train_and_upload_model.py
[2025-05-19T01:03:06.220+0000] {processor.py:829} INFO - Processing file /opt/airflow/dags/train_and_upload_model.py for tasks to queue
[2025-05-19T01:03:06.221+0000] {logging_mixin.py:154} INFO - [2025-05-19T01:03:06.221+0000] {dagbag.py:536} INFO - Filling up the DagBag from /opt/airflow/dags/train_and_upload_model.py
[2025-05-19T01:03:06.856+0000] {processor.py:839} INFO - DAG(s) dict_keys(['train_and_upload_model']) retrieved from /opt/airflow/dags/train_and_upload_model.py
[2025-05-19T01:03:06.866+0000] {logging_mixin.py:154} INFO - [2025-05-19T01:03:06.865+0000] {dag.py:2941} INFO - Sync 1 DAGs
[2025-05-19T01:03:06.870+0000] {logging_mixin.py:154} INFO - [2025-05-19T01:03:06.870+0000] {dag.py:3722} INFO - Setting next_dagrun for train_and_upload_model to None, run_after=None
[2025-05-19T01:03:06.876+0000] {processor.py:179} INFO - Processing /opt/airflow/dags/train_and_upload_model.py took 0.671 seconds
[2025-05-19T01:03:37.070+0000] {processor.py:157} INFO - Started process (PID=77523) to work on /opt/airflow/dags/train_and_upload_model.py
[2025-05-19T01:03:37.072+0000] {processor.py:829} INFO - Processing file /opt/airflow/dags/train_and_upload_model.py for tasks to queue
[2025-05-19T01:03:37.073+0000] {logging_mixin.py:154} INFO - [2025-05-19T01:03:37.073+0000] {dagbag.py:536} INFO - Filling up the DagBag from /opt/airflow/dags/train_and_upload_model.py
[2025-05-19T01:03:37.550+0000] {processor.py:839} INFO - DAG(s) dict_keys(['train_and_upload_model']) retrieved from /opt/airflow/dags/train_and_upload_model.py
[2025-05-19T01:03:37.560+0000] {logging_mixin.py:154} INFO - [2025-05-19T01:03:37.559+0000] {dag.py:2941} INFO - Sync 1 DAGs
[2025-05-19T01:03:37.564+0000] {logging_mixin.py:154} INFO - [2025-05-19T01:03:37.564+0000] {dag.py:3722} INFO - Setting next_dagrun for train_and_upload_model to None, run_after=None
[2025-05-19T01:03:37.570+0000] {processor.py:179} INFO - Processing /opt/airflow/dags/train_and_upload_model.py took 0.506 seconds
[2025-05-19T01:04:07.926+0000] {processor.py:157} INFO - Started process (PID=77554) to work on /opt/airflow/dags/train_and_upload_model.py
[2025-05-19T01:04:07.928+0000] {processor.py:829} INFO - Processing file /opt/airflow/dags/train_and_upload_model.py for tasks to queue
[2025-05-19T01:04:07.930+0000] {logging_mixin.py:154} INFO - [2025-05-19T01:04:07.929+0000] {dagbag.py:536} INFO - Filling up the DagBag from /opt/airflow/dags/train_and_upload_model.py
[2025-05-19T01:04:08.600+0000] {processor.py:839} INFO - DAG(s) dict_keys(['train_and_upload_model']) retrieved from /opt/airflow/dags/train_and_upload_model.py
[2025-05-19T01:04:08.610+0000] {logging_mixin.py:154} INFO - [2025-05-19T01:04:08.610+0000] {dag.py:2941} INFO - Sync 1 DAGs
[2025-05-19T01:04:08.614+0000] {logging_mixin.py:154} INFO - [2025-05-19T01:04:08.614+0000] {dag.py:3722} INFO - Setting next_dagrun for train_and_upload_model to None, run_after=None
[2025-05-19T01:04:08.621+0000] {processor.py:179} INFO - Processing /opt/airflow/dags/train_and_upload_model.py took 0.703 seconds
[2025-05-19T01:04:38.811+0000] {processor.py:157} INFO - Started process (PID=77585) to work on /opt/airflow/dags/train_and_upload_model.py
[2025-05-19T01:04:38.813+0000] {processor.py:829} INFO - Processing file /opt/airflow/dags/train_and_upload_model.py for tasks to queue
[2025-05-19T01:04:38.814+0000] {logging_mixin.py:154} INFO - [2025-05-19T01:04:38.814+0000] {dagbag.py:536} INFO - Filling up the DagBag from /opt/airflow/dags/train_and_upload_model.py
[2025-05-19T01:04:39.304+0000] {processor.py:839} INFO - DAG(s) dict_keys(['train_and_upload_model']) retrieved from /opt/airflow/dags/train_and_upload_model.py
[2025-05-19T01:04:39.314+0000] {logging_mixin.py:154} INFO - [2025-05-19T01:04:39.314+0000] {dag.py:2941} INFO - Sync 1 DAGs
[2025-05-19T01:04:39.319+0000] {logging_mixin.py:154} INFO - [2025-05-19T01:04:39.319+0000] {dag.py:3722} INFO - Setting next_dagrun for train_and_upload_model to None, run_after=None
[2025-05-19T01:04:39.326+0000] {processor.py:179} INFO - Processing /opt/airflow/dags/train_and_upload_model.py took 0.521 seconds
[2025-05-19T01:05:09.691+0000] {processor.py:157} INFO - Started process (PID=77616) to work on /opt/airflow/dags/train_and_upload_model.py
[2025-05-19T01:05:09.694+0000] {processor.py:829} INFO - Processing file /opt/airflow/dags/train_and_upload_model.py for tasks to queue
[2025-05-19T01:05:09.697+0000] {logging_mixin.py:154} INFO - [2025-05-19T01:05:09.695+0000] {dagbag.py:536} INFO - Filling up the DagBag from /opt/airflow/dags/train_and_upload_model.py
[2025-05-19T01:05:10.372+0000] {processor.py:839} INFO - DAG(s) dict_keys(['train_and_upload_model']) retrieved from /opt/airflow/dags/train_and_upload_model.py
[2025-05-19T01:05:10.381+0000] {logging_mixin.py:154} INFO - [2025-05-19T01:05:10.381+0000] {dag.py:2941} INFO - Sync 1 DAGs
[2025-05-19T01:05:10.386+0000] {logging_mixin.py:154} INFO - [2025-05-19T01:05:10.386+0000] {dag.py:3722} INFO - Setting next_dagrun for train_and_upload_model to None, run_after=None
[2025-05-19T01:05:10.392+0000] {processor.py:179} INFO - Processing /opt/airflow/dags/train_and_upload_model.py took 0.712 seconds
[2025-05-19T01:20:27.602+0000] {processor.py:157} INFO - Started process (PID=77647) to work on /opt/airflow/dags/train_and_upload_model.py
[2025-05-19T01:20:27.603+0000] {processor.py:829} INFO - Processing file /opt/airflow/dags/train_and_upload_model.py for tasks to queue
[2025-05-19T01:20:27.604+0000] {logging_mixin.py:154} INFO - [2025-05-19T01:20:27.604+0000] {dagbag.py:536} INFO - Filling up the DagBag from /opt/airflow/dags/train_and_upload_model.py
[2025-05-19T01:20:28.313+0000] {processor.py:839} INFO - DAG(s) dict_keys(['train_and_upload_model']) retrieved from /opt/airflow/dags/train_and_upload_model.py
[2025-05-19T01:20:28.331+0000] {logging_mixin.py:154} INFO - [2025-05-19T01:20:28.330+0000] {dag.py:2941} INFO - Sync 1 DAGs
[2025-05-19T01:20:28.337+0000] {logging_mixin.py:154} INFO - [2025-05-19T01:20:28.337+0000] {dag.py:3722} INFO - Setting next_dagrun for train_and_upload_model to None, run_after=None
[2025-05-19T01:20:28.344+0000] {processor.py:179} INFO - Processing /opt/airflow/dags/train_and_upload_model.py took 0.748 seconds
[2025-05-19T01:20:58.711+0000] {processor.py:157} INFO - Started process (PID=77680) to work on /opt/airflow/dags/train_and_upload_model.py
[2025-05-19T01:20:58.713+0000] {processor.py:829} INFO - Processing file /opt/airflow/dags/train_and_upload_model.py for tasks to queue
[2025-05-19T01:20:58.715+0000] {logging_mixin.py:154} INFO - [2025-05-19T01:20:58.714+0000] {dagbag.py:536} INFO - Filling up the DagBag from /opt/airflow/dags/train_and_upload_model.py
[2025-05-19T01:20:59.862+0000] {processor.py:839} INFO - DAG(s) dict_keys(['train_and_upload_model']) retrieved from /opt/airflow/dags/train_and_upload_model.py
[2025-05-19T01:20:59.874+0000] {logging_mixin.py:154} INFO - [2025-05-19T01:20:59.873+0000] {dag.py:2941} INFO - Sync 1 DAGs
[2025-05-19T01:20:59.878+0000] {logging_mixin.py:154} INFO - [2025-05-19T01:20:59.878+0000] {dag.py:3722} INFO - Setting next_dagrun for train_and_upload_model to None, run_after=None
[2025-05-19T01:20:59.886+0000] {processor.py:179} INFO - Processing /opt/airflow/dags/train_and_upload_model.py took 1.201 seconds
[2025-05-19T01:37:48.129+0000] {processor.py:157} INFO - Started process (PID=77713) to work on /opt/airflow/dags/train_and_upload_model.py
[2025-05-19T01:37:48.131+0000] {processor.py:829} INFO - Processing file /opt/airflow/dags/train_and_upload_model.py for tasks to queue
[2025-05-19T01:37:48.136+0000] {logging_mixin.py:154} INFO - [2025-05-19T01:37:48.131+0000] {dagbag.py:536} INFO - Filling up the DagBag from /opt/airflow/dags/train_and_upload_model.py
[2025-05-19T01:37:48.994+0000] {processor.py:839} INFO - DAG(s) dict_keys(['train_and_upload_model']) retrieved from /opt/airflow/dags/train_and_upload_model.py
[2025-05-19T01:37:49.009+0000] {logging_mixin.py:154} INFO - [2025-05-19T01:37:49.009+0000] {dag.py:2941} INFO - Sync 1 DAGs
[2025-05-19T01:37:49.019+0000] {logging_mixin.py:154} INFO - [2025-05-19T01:37:49.019+0000] {dag.py:3722} INFO - Setting next_dagrun for train_and_upload_model to None, run_after=None
[2025-05-19T01:37:49.031+0000] {processor.py:179} INFO - Processing /opt/airflow/dags/train_and_upload_model.py took 0.909 seconds
[2025-05-19T01:53:50.030+0000] {processor.py:157} INFO - Started process (PID=77744) to work on /opt/airflow/dags/train_and_upload_model.py
[2025-05-19T01:53:50.033+0000] {processor.py:829} INFO - Processing file /opt/airflow/dags/train_and_upload_model.py for tasks to queue
[2025-05-19T01:53:50.034+0000] {logging_mixin.py:154} INFO - [2025-05-19T01:53:50.034+0000] {dagbag.py:536} INFO - Filling up the DagBag from /opt/airflow/dags/train_and_upload_model.py
[2025-05-19T01:53:51.044+0000] {processor.py:839} INFO - DAG(s) dict_keys(['train_and_upload_model']) retrieved from /opt/airflow/dags/train_and_upload_model.py
[2025-05-19T01:53:51.054+0000] {logging_mixin.py:154} INFO - [2025-05-19T01:53:51.054+0000] {dag.py:2941} INFO - Sync 1 DAGs
[2025-05-19T01:53:51.058+0000] {logging_mixin.py:154} INFO - [2025-05-19T01:53:51.058+0000] {dag.py:3722} INFO - Setting next_dagrun for train_and_upload_model to None, run_after=None
[2025-05-19T01:53:51.065+0000] {processor.py:179} INFO - Processing /opt/airflow/dags/train_and_upload_model.py took 1.041 seconds
[2025-05-19T01:54:21.370+0000] {processor.py:157} INFO - Started process (PID=77775) to work on /opt/airflow/dags/train_and_upload_model.py
[2025-05-19T01:54:21.372+0000] {processor.py:829} INFO - Processing file /opt/airflow/dags/train_and_upload_model.py for tasks to queue
[2025-05-19T01:54:21.373+0000] {logging_mixin.py:154} INFO - [2025-05-19T01:54:21.373+0000] {dagbag.py:536} INFO - Filling up the DagBag from /opt/airflow/dags/train_and_upload_model.py
[2025-05-19T01:54:22.048+0000] {processor.py:839} INFO - DAG(s) dict_keys(['train_and_upload_model']) retrieved from /opt/airflow/dags/train_and_upload_model.py
[2025-05-19T01:54:22.058+0000] {logging_mixin.py:154} INFO - [2025-05-19T01:54:22.058+0000] {dag.py:2941} INFO - Sync 1 DAGs
[2025-05-19T01:54:22.062+0000] {logging_mixin.py:154} INFO - [2025-05-19T01:54:22.062+0000] {dag.py:3722} INFO - Setting next_dagrun for train_and_upload_model to None, run_after=None
[2025-05-19T01:54:22.070+0000] {processor.py:179} INFO - Processing /opt/airflow/dags/train_and_upload_model.py took 0.711 seconds
[2025-05-19T01:54:52.371+0000] {processor.py:157} INFO - Started process (PID=77806) to work on /opt/airflow/dags/train_and_upload_model.py
[2025-05-19T01:54:52.373+0000] {processor.py:829} INFO - Processing file /opt/airflow/dags/train_and_upload_model.py for tasks to queue
[2025-05-19T01:54:52.375+0000] {logging_mixin.py:154} INFO - [2025-05-19T01:54:52.374+0000] {dagbag.py:536} INFO - Filling up the DagBag from /opt/airflow/dags/train_and_upload_model.py
[2025-05-19T01:54:53.183+0000] {processor.py:839} INFO - DAG(s) dict_keys(['train_and_upload_model']) retrieved from /opt/airflow/dags/train_and_upload_model.py
[2025-05-19T01:54:53.202+0000] {logging_mixin.py:154} INFO - [2025-05-19T01:54:53.202+0000] {dag.py:2941} INFO - Sync 1 DAGs
[2025-05-19T01:54:53.209+0000] {logging_mixin.py:154} INFO - [2025-05-19T01:54:53.209+0000] {dag.py:3722} INFO - Setting next_dagrun for train_and_upload_model to None, run_after=None
[2025-05-19T01:54:53.218+0000] {processor.py:179} INFO - Processing /opt/airflow/dags/train_and_upload_model.py took 0.854 seconds
[2025-05-19T01:55:23.590+0000] {processor.py:157} INFO - Started process (PID=77851) to work on /opt/airflow/dags/train_and_upload_model.py
[2025-05-19T01:55:23.591+0000] {processor.py:829} INFO - Processing file /opt/airflow/dags/train_and_upload_model.py for tasks to queue
[2025-05-19T01:55:23.591+0000] {logging_mixin.py:154} INFO - [2025-05-19T01:55:23.591+0000] {dagbag.py:536} INFO - Filling up the DagBag from /opt/airflow/dags/train_and_upload_model.py
[2025-05-19T01:55:24.183+0000] {processor.py:839} INFO - DAG(s) dict_keys(['train_and_upload_model']) retrieved from /opt/airflow/dags/train_and_upload_model.py
[2025-05-19T01:55:24.194+0000] {logging_mixin.py:154} INFO - [2025-05-19T01:55:24.193+0000] {dag.py:2941} INFO - Sync 1 DAGs
[2025-05-19T01:55:24.199+0000] {logging_mixin.py:154} INFO - [2025-05-19T01:55:24.199+0000] {dag.py:3722} INFO - Setting next_dagrun for train_and_upload_model to None, run_after=None
[2025-05-19T01:55:24.205+0000] {processor.py:179} INFO - Processing /opt/airflow/dags/train_and_upload_model.py took 0.617 seconds
[2025-05-19T01:55:54.799+0000] {processor.py:157} INFO - Started process (PID=77884) to work on /opt/airflow/dags/train_and_upload_model.py
[2025-05-19T01:55:54.800+0000] {processor.py:829} INFO - Processing file /opt/airflow/dags/train_and_upload_model.py for tasks to queue
[2025-05-19T01:55:54.801+0000] {logging_mixin.py:154} INFO - [2025-05-19T01:55:54.801+0000] {dagbag.py:536} INFO - Filling up the DagBag from /opt/airflow/dags/train_and_upload_model.py
[2025-05-19T01:55:55.325+0000] {processor.py:839} INFO - DAG(s) dict_keys(['train_and_upload_model']) retrieved from /opt/airflow/dags/train_and_upload_model.py
[2025-05-19T01:55:55.336+0000] {logging_mixin.py:154} INFO - [2025-05-19T01:55:55.335+0000] {dag.py:2941} INFO - Sync 1 DAGs
[2025-05-19T01:55:55.344+0000] {logging_mixin.py:154} INFO - [2025-05-19T01:55:55.344+0000] {dag.py:3722} INFO - Setting next_dagrun for train_and_upload_model to None, run_after=None
[2025-05-19T01:55:55.351+0000] {processor.py:179} INFO - Processing /opt/airflow/dags/train_and_upload_model.py took 0.557 seconds
[2025-05-19T01:56:25.979+0000] {processor.py:157} INFO - Started process (PID=77915) to work on /opt/airflow/dags/train_and_upload_model.py
[2025-05-19T01:56:25.981+0000] {processor.py:829} INFO - Processing file /opt/airflow/dags/train_and_upload_model.py for tasks to queue
[2025-05-19T01:56:25.982+0000] {logging_mixin.py:154} INFO - [2025-05-19T01:56:25.982+0000] {dagbag.py:536} INFO - Filling up the DagBag from /opt/airflow/dags/train_and_upload_model.py
[2025-05-19T01:56:26.454+0000] {processor.py:839} INFO - DAG(s) dict_keys(['train_and_upload_model']) retrieved from /opt/airflow/dags/train_and_upload_model.py
[2025-05-19T01:56:26.464+0000] {logging_mixin.py:154} INFO - [2025-05-19T01:56:26.463+0000] {dag.py:2941} INFO - Sync 1 DAGs
[2025-05-19T01:56:26.468+0000] {logging_mixin.py:154} INFO - [2025-05-19T01:56:26.468+0000] {dag.py:3722} INFO - Setting next_dagrun for train_and_upload_model to None, run_after=None
[2025-05-19T01:56:26.475+0000] {processor.py:179} INFO - Processing /opt/airflow/dags/train_and_upload_model.py took 0.501 seconds
[2025-05-19T01:56:56.707+0000] {processor.py:157} INFO - Started process (PID=77946) to work on /opt/airflow/dags/train_and_upload_model.py
[2025-05-19T01:56:56.710+0000] {processor.py:829} INFO - Processing file /opt/airflow/dags/train_and_upload_model.py for tasks to queue
[2025-05-19T01:56:56.711+0000] {logging_mixin.py:154} INFO - [2025-05-19T01:56:56.710+0000] {dagbag.py:536} INFO - Filling up the DagBag from /opt/airflow/dags/train_and_upload_model.py
[2025-05-19T01:56:57.320+0000] {processor.py:839} INFO - DAG(s) dict_keys(['train_and_upload_model']) retrieved from /opt/airflow/dags/train_and_upload_model.py
[2025-05-19T01:56:57.330+0000] {logging_mixin.py:154} INFO - [2025-05-19T01:56:57.330+0000] {dag.py:2941} INFO - Sync 1 DAGs
[2025-05-19T01:56:57.335+0000] {logging_mixin.py:154} INFO - [2025-05-19T01:56:57.335+0000] {dag.py:3722} INFO - Setting next_dagrun for train_and_upload_model to None, run_after=None
[2025-05-19T01:56:57.342+0000] {processor.py:179} INFO - Processing /opt/airflow/dags/train_and_upload_model.py took 0.639 seconds
[2025-05-19T01:57:27.595+0000] {processor.py:157} INFO - Started process (PID=77977) to work on /opt/airflow/dags/train_and_upload_model.py
[2025-05-19T01:57:27.597+0000] {processor.py:829} INFO - Processing file /opt/airflow/dags/train_and_upload_model.py for tasks to queue
[2025-05-19T01:57:27.598+0000] {logging_mixin.py:154} INFO - [2025-05-19T01:57:27.598+0000] {dagbag.py:536} INFO - Filling up the DagBag from /opt/airflow/dags/train_and_upload_model.py
[2025-05-19T01:57:28.205+0000] {processor.py:839} INFO - DAG(s) dict_keys(['train_and_upload_model']) retrieved from /opt/airflow/dags/train_and_upload_model.py
[2025-05-19T01:57:28.220+0000] {logging_mixin.py:154} INFO - [2025-05-19T01:57:28.219+0000] {dag.py:2941} INFO - Sync 1 DAGs
[2025-05-19T01:57:28.225+0000] {logging_mixin.py:154} INFO - [2025-05-19T01:57:28.225+0000] {dag.py:3722} INFO - Setting next_dagrun for train_and_upload_model to None, run_after=None
[2025-05-19T01:57:28.231+0000] {processor.py:179} INFO - Processing /opt/airflow/dags/train_and_upload_model.py took 0.643 seconds
[2025-05-19T01:57:58.897+0000] {processor.py:157} INFO - Started process (PID=78008) to work on /opt/airflow/dags/train_and_upload_model.py
[2025-05-19T01:57:58.898+0000] {processor.py:829} INFO - Processing file /opt/airflow/dags/train_and_upload_model.py for tasks to queue
[2025-05-19T01:57:58.899+0000] {logging_mixin.py:154} INFO - [2025-05-19T01:57:58.899+0000] {dagbag.py:536} INFO - Filling up the DagBag from /opt/airflow/dags/train_and_upload_model.py
[2025-05-19T01:57:59.530+0000] {processor.py:839} INFO - DAG(s) dict_keys(['train_and_upload_model']) retrieved from /opt/airflow/dags/train_and_upload_model.py
[2025-05-19T01:57:59.542+0000] {logging_mixin.py:154} INFO - [2025-05-19T01:57:59.541+0000] {dag.py:2941} INFO - Sync 1 DAGs
[2025-05-19T01:57:59.546+0000] {logging_mixin.py:154} INFO - [2025-05-19T01:57:59.546+0000] {dag.py:3722} INFO - Setting next_dagrun for train_and_upload_model to None, run_after=None
[2025-05-19T01:57:59.553+0000] {processor.py:179} INFO - Processing /opt/airflow/dags/train_and_upload_model.py took 0.662 seconds
[2025-05-19T01:58:30.067+0000] {processor.py:157} INFO - Started process (PID=78039) to work on /opt/airflow/dags/train_and_upload_model.py
[2025-05-19T01:58:30.069+0000] {processor.py:829} INFO - Processing file /opt/airflow/dags/train_and_upload_model.py for tasks to queue
[2025-05-19T01:58:30.070+0000] {logging_mixin.py:154} INFO - [2025-05-19T01:58:30.070+0000] {dagbag.py:536} INFO - Filling up the DagBag from /opt/airflow/dags/train_and_upload_model.py
[2025-05-19T01:58:30.548+0000] {processor.py:839} INFO - DAG(s) dict_keys(['train_and_upload_model']) retrieved from /opt/airflow/dags/train_and_upload_model.py
[2025-05-19T01:58:30.557+0000] {logging_mixin.py:154} INFO - [2025-05-19T01:58:30.557+0000] {dag.py:2941} INFO - Sync 1 DAGs
[2025-05-19T01:58:30.561+0000] {logging_mixin.py:154} INFO - [2025-05-19T01:58:30.561+0000] {dag.py:3722} INFO - Setting next_dagrun for train_and_upload_model to None, run_after=None
[2025-05-19T01:58:30.567+0000] {processor.py:179} INFO - Processing /opt/airflow/dags/train_and_upload_model.py took 0.505 seconds
[2025-05-19T01:59:00.903+0000] {processor.py:157} INFO - Started process (PID=78070) to work on /opt/airflow/dags/train_and_upload_model.py
[2025-05-19T01:59:00.905+0000] {processor.py:829} INFO - Processing file /opt/airflow/dags/train_and_upload_model.py for tasks to queue
[2025-05-19T01:59:00.906+0000] {logging_mixin.py:154} INFO - [2025-05-19T01:59:00.905+0000] {dagbag.py:536} INFO - Filling up the DagBag from /opt/airflow/dags/train_and_upload_model.py
[2025-05-19T01:59:01.539+0000] {processor.py:839} INFO - DAG(s) dict_keys(['train_and_upload_model']) retrieved from /opt/airflow/dags/train_and_upload_model.py
[2025-05-19T01:59:01.550+0000] {logging_mixin.py:154} INFO - [2025-05-19T01:59:01.550+0000] {dag.py:2941} INFO - Sync 1 DAGs
[2025-05-19T01:59:01.555+0000] {logging_mixin.py:154} INFO - [2025-05-19T01:59:01.555+0000] {dag.py:3722} INFO - Setting next_dagrun for train_and_upload_model to None, run_after=None
[2025-05-19T01:59:01.562+0000] {processor.py:179} INFO - Processing /opt/airflow/dags/train_and_upload_model.py took 0.663 seconds
[2025-05-19T01:59:32.266+0000] {processor.py:157} INFO - Started process (PID=78101) to work on /opt/airflow/dags/train_and_upload_model.py
[2025-05-19T01:59:32.268+0000] {processor.py:829} INFO - Processing file /opt/airflow/dags/train_and_upload_model.py for tasks to queue
[2025-05-19T01:59:32.269+0000] {logging_mixin.py:154} INFO - [2025-05-19T01:59:32.268+0000] {dagbag.py:536} INFO - Filling up the DagBag from /opt/airflow/dags/train_and_upload_model.py
[2025-05-19T01:59:32.847+0000] {processor.py:839} INFO - DAG(s) dict_keys(['train_and_upload_model']) retrieved from /opt/airflow/dags/train_and_upload_model.py
[2025-05-19T01:59:32.864+0000] {logging_mixin.py:154} INFO - [2025-05-19T01:59:32.864+0000] {dag.py:2941} INFO - Sync 1 DAGs
[2025-05-19T01:59:32.869+0000] {logging_mixin.py:154} INFO - [2025-05-19T01:59:32.869+0000] {dag.py:3722} INFO - Setting next_dagrun for train_and_upload_model to None, run_after=None
[2025-05-19T01:59:32.875+0000] {processor.py:179} INFO - Processing /opt/airflow/dags/train_and_upload_model.py took 0.614 seconds
[2025-05-19T02:00:03.572+0000] {processor.py:157} INFO - Started process (PID=78132) to work on /opt/airflow/dags/train_and_upload_model.py
[2025-05-19T02:00:03.574+0000] {processor.py:829} INFO - Processing file /opt/airflow/dags/train_and_upload_model.py for tasks to queue
[2025-05-19T02:00:03.575+0000] {logging_mixin.py:154} INFO - [2025-05-19T02:00:03.574+0000] {dagbag.py:536} INFO - Filling up the DagBag from /opt/airflow/dags/train_and_upload_model.py
[2025-05-19T02:00:04.161+0000] {processor.py:839} INFO - DAG(s) dict_keys(['train_and_upload_model']) retrieved from /opt/airflow/dags/train_and_upload_model.py
[2025-05-19T02:00:04.171+0000] {logging_mixin.py:154} INFO - [2025-05-19T02:00:04.171+0000] {dag.py:2941} INFO - Sync 1 DAGs
[2025-05-19T02:00:04.176+0000] {logging_mixin.py:154} INFO - [2025-05-19T02:00:04.176+0000] {dag.py:3722} INFO - Setting next_dagrun for train_and_upload_model to None, run_after=None
[2025-05-19T02:00:04.183+0000] {processor.py:179} INFO - Processing /opt/airflow/dags/train_and_upload_model.py took 0.615 seconds
[2025-05-19T02:00:34.740+0000] {processor.py:157} INFO - Started process (PID=78163) to work on /opt/airflow/dags/train_and_upload_model.py
[2025-05-19T02:00:34.741+0000] {processor.py:829} INFO - Processing file /opt/airflow/dags/train_and_upload_model.py for tasks to queue
[2025-05-19T02:00:34.742+0000] {logging_mixin.py:154} INFO - [2025-05-19T02:00:34.742+0000] {dagbag.py:536} INFO - Filling up the DagBag from /opt/airflow/dags/train_and_upload_model.py
[2025-05-19T02:00:35.206+0000] {processor.py:839} INFO - DAG(s) dict_keys(['train_and_upload_model']) retrieved from /opt/airflow/dags/train_and_upload_model.py
[2025-05-19T02:00:35.216+0000] {logging_mixin.py:154} INFO - [2025-05-19T02:00:35.216+0000] {dag.py:2941} INFO - Sync 1 DAGs
[2025-05-19T02:00:35.221+0000] {logging_mixin.py:154} INFO - [2025-05-19T02:00:35.221+0000] {dag.py:3722} INFO - Setting next_dagrun for train_and_upload_model to None, run_after=None
[2025-05-19T02:00:35.227+0000] {processor.py:179} INFO - Processing /opt/airflow/dags/train_and_upload_model.py took 0.491 seconds
[2025-05-19T02:01:05.427+0000] {processor.py:157} INFO - Started process (PID=78194) to work on /opt/airflow/dags/train_and_upload_model.py
[2025-05-19T02:01:05.428+0000] {processor.py:829} INFO - Processing file /opt/airflow/dags/train_and_upload_model.py for tasks to queue
[2025-05-19T02:01:05.429+0000] {logging_mixin.py:154} INFO - [2025-05-19T02:01:05.429+0000] {dagbag.py:536} INFO - Filling up the DagBag from /opt/airflow/dags/train_and_upload_model.py
[2025-05-19T02:01:06.010+0000] {processor.py:839} INFO - DAG(s) dict_keys(['train_and_upload_model']) retrieved from /opt/airflow/dags/train_and_upload_model.py
[2025-05-19T02:01:06.024+0000] {logging_mixin.py:154} INFO - [2025-05-19T02:01:06.024+0000] {dag.py:2941} INFO - Sync 1 DAGs
[2025-05-19T02:01:06.030+0000] {logging_mixin.py:154} INFO - [2025-05-19T02:01:06.030+0000] {dag.py:3722} INFO - Setting next_dagrun for train_and_upload_model to None, run_after=None
[2025-05-19T02:01:06.038+0000] {processor.py:179} INFO - Processing /opt/airflow/dags/train_and_upload_model.py took 0.614 seconds
[2025-05-19T02:01:36.339+0000] {processor.py:157} INFO - Started process (PID=78225) to work on /opt/airflow/dags/train_and_upload_model.py
[2025-05-19T02:01:36.341+0000] {processor.py:829} INFO - Processing file /opt/airflow/dags/train_and_upload_model.py for tasks to queue
[2025-05-19T02:01:36.342+0000] {logging_mixin.py:154} INFO - [2025-05-19T02:01:36.342+0000] {dagbag.py:536} INFO - Filling up the DagBag from /opt/airflow/dags/train_and_upload_model.py
[2025-05-19T02:01:36.937+0000] {processor.py:839} INFO - DAG(s) dict_keys(['train_and_upload_model']) retrieved from /opt/airflow/dags/train_and_upload_model.py
[2025-05-19T02:01:36.949+0000] {logging_mixin.py:154} INFO - [2025-05-19T02:01:36.948+0000] {dag.py:2941} INFO - Sync 1 DAGs
[2025-05-19T02:01:36.953+0000] {logging_mixin.py:154} INFO - [2025-05-19T02:01:36.953+0000] {dag.py:3722} INFO - Setting next_dagrun for train_and_upload_model to None, run_after=None
[2025-05-19T02:01:36.960+0000] {processor.py:179} INFO - Processing /opt/airflow/dags/train_and_upload_model.py took 0.626 seconds
[2025-05-19T02:02:07.517+0000] {processor.py:157} INFO - Started process (PID=78256) to work on /opt/airflow/dags/train_and_upload_model.py
[2025-05-19T02:02:07.518+0000] {processor.py:829} INFO - Processing file /opt/airflow/dags/train_and_upload_model.py for tasks to queue
[2025-05-19T02:02:07.519+0000] {logging_mixin.py:154} INFO - [2025-05-19T02:02:07.519+0000] {dagbag.py:536} INFO - Filling up the DagBag from /opt/airflow/dags/train_and_upload_model.py
[2025-05-19T02:02:08.008+0000] {processor.py:839} INFO - DAG(s) dict_keys(['train_and_upload_model']) retrieved from /opt/airflow/dags/train_and_upload_model.py
[2025-05-19T02:02:08.018+0000] {logging_mixin.py:154} INFO - [2025-05-19T02:02:08.017+0000] {dag.py:2941} INFO - Sync 1 DAGs
[2025-05-19T02:02:08.022+0000] {logging_mixin.py:154} INFO - [2025-05-19T02:02:08.022+0000] {dag.py:3722} INFO - Setting next_dagrun for train_and_upload_model to None, run_after=None
[2025-05-19T02:02:08.028+0000] {processor.py:179} INFO - Processing /opt/airflow/dags/train_and_upload_model.py took 0.514 seconds
[2025-05-19T02:02:38.246+0000] {processor.py:157} INFO - Started process (PID=78287) to work on /opt/airflow/dags/train_and_upload_model.py
[2025-05-19T02:02:38.248+0000] {processor.py:829} INFO - Processing file /opt/airflow/dags/train_and_upload_model.py for tasks to queue
[2025-05-19T02:02:38.249+0000] {logging_mixin.py:154} INFO - [2025-05-19T02:02:38.248+0000] {dagbag.py:536} INFO - Filling up the DagBag from /opt/airflow/dags/train_and_upload_model.py
[2025-05-19T02:02:38.770+0000] {processor.py:839} INFO - DAG(s) dict_keys(['train_and_upload_model']) retrieved from /opt/airflow/dags/train_and_upload_model.py
[2025-05-19T02:02:38.781+0000] {logging_mixin.py:154} INFO - [2025-05-19T02:02:38.780+0000] {dag.py:2941} INFO - Sync 1 DAGs
[2025-05-19T02:02:38.786+0000] {logging_mixin.py:154} INFO - [2025-05-19T02:02:38.785+0000] {dag.py:3722} INFO - Setting next_dagrun for train_and_upload_model to None, run_after=None
[2025-05-19T02:02:38.792+0000] {processor.py:179} INFO - Processing /opt/airflow/dags/train_and_upload_model.py took 0.551 seconds
[2025-05-19T02:03:08.990+0000] {processor.py:157} INFO - Started process (PID=78318) to work on /opt/airflow/dags/train_and_upload_model.py
[2025-05-19T02:03:08.993+0000] {processor.py:829} INFO - Processing file /opt/airflow/dags/train_and_upload_model.py for tasks to queue
[2025-05-19T02:03:08.994+0000] {logging_mixin.py:154} INFO - [2025-05-19T02:03:08.993+0000] {dagbag.py:536} INFO - Filling up the DagBag from /opt/airflow/dags/train_and_upload_model.py
[2025-05-19T02:03:09.502+0000] {processor.py:839} INFO - DAG(s) dict_keys(['train_and_upload_model']) retrieved from /opt/airflow/dags/train_and_upload_model.py
[2025-05-19T02:03:09.512+0000] {logging_mixin.py:154} INFO - [2025-05-19T02:03:09.512+0000] {dag.py:2941} INFO - Sync 1 DAGs
[2025-05-19T02:03:09.517+0000] {logging_mixin.py:154} INFO - [2025-05-19T02:03:09.517+0000] {dag.py:3722} INFO - Setting next_dagrun for train_and_upload_model to None, run_after=None
[2025-05-19T02:03:09.524+0000] {processor.py:179} INFO - Processing /opt/airflow/dags/train_and_upload_model.py took 0.539 seconds
[2025-05-19T02:03:39.989+0000] {processor.py:157} INFO - Started process (PID=78349) to work on /opt/airflow/dags/train_and_upload_model.py
[2025-05-19T02:03:39.992+0000] {processor.py:829} INFO - Processing file /opt/airflow/dags/train_and_upload_model.py for tasks to queue
[2025-05-19T02:03:39.993+0000] {logging_mixin.py:154} INFO - [2025-05-19T02:03:39.992+0000] {dagbag.py:536} INFO - Filling up the DagBag from /opt/airflow/dags/train_and_upload_model.py
[2025-05-19T02:03:40.545+0000] {processor.py:839} INFO - DAG(s) dict_keys(['train_and_upload_model']) retrieved from /opt/airflow/dags/train_and_upload_model.py
[2025-05-19T02:03:40.555+0000] {logging_mixin.py:154} INFO - [2025-05-19T02:03:40.554+0000] {dag.py:2941} INFO - Sync 1 DAGs
[2025-05-19T02:03:40.559+0000] {logging_mixin.py:154} INFO - [2025-05-19T02:03:40.559+0000] {dag.py:3722} INFO - Setting next_dagrun for train_and_upload_model to None, run_after=None
[2025-05-19T02:03:40.567+0000] {processor.py:179} INFO - Processing /opt/airflow/dags/train_and_upload_model.py took 0.583 seconds
[2025-05-19T02:04:11.174+0000] {processor.py:157} INFO - Started process (PID=78380) to work on /opt/airflow/dags/train_and_upload_model.py
[2025-05-19T02:04:11.176+0000] {processor.py:829} INFO - Processing file /opt/airflow/dags/train_and_upload_model.py for tasks to queue
[2025-05-19T02:04:11.177+0000] {logging_mixin.py:154} INFO - [2025-05-19T02:04:11.177+0000] {dagbag.py:536} INFO - Filling up the DagBag from /opt/airflow/dags/train_and_upload_model.py
[2025-05-19T02:04:11.630+0000] {processor.py:839} INFO - DAG(s) dict_keys(['train_and_upload_model']) retrieved from /opt/airflow/dags/train_and_upload_model.py
[2025-05-19T02:04:11.639+0000] {logging_mixin.py:154} INFO - [2025-05-19T02:04:11.639+0000] {dag.py:2941} INFO - Sync 1 DAGs
[2025-05-19T02:04:11.643+0000] {logging_mixin.py:154} INFO - [2025-05-19T02:04:11.643+0000] {dag.py:3722} INFO - Setting next_dagrun for train_and_upload_model to None, run_after=None
[2025-05-19T02:04:11.650+0000] {processor.py:179} INFO - Processing /opt/airflow/dags/train_and_upload_model.py took 0.482 seconds
[2025-05-19T02:04:41.818+0000] {processor.py:157} INFO - Started process (PID=78411) to work on /opt/airflow/dags/train_and_upload_model.py
[2025-05-19T02:04:41.819+0000] {processor.py:829} INFO - Processing file /opt/airflow/dags/train_and_upload_model.py for tasks to queue
[2025-05-19T02:04:41.820+0000] {logging_mixin.py:154} INFO - [2025-05-19T02:04:41.820+0000] {dagbag.py:536} INFO - Filling up the DagBag from /opt/airflow/dags/train_and_upload_model.py
[2025-05-19T02:04:42.336+0000] {processor.py:839} INFO - DAG(s) dict_keys(['train_and_upload_model']) retrieved from /opt/airflow/dags/train_and_upload_model.py
[2025-05-19T02:04:42.347+0000] {logging_mixin.py:154} INFO - [2025-05-19T02:04:42.346+0000] {dag.py:2941} INFO - Sync 1 DAGs
[2025-05-19T02:04:42.351+0000] {logging_mixin.py:154} INFO - [2025-05-19T02:04:42.351+0000] {dag.py:3722} INFO - Setting next_dagrun for train_and_upload_model to None, run_after=None
[2025-05-19T02:04:42.358+0000] {processor.py:179} INFO - Processing /opt/airflow/dags/train_and_upload_model.py took 0.546 seconds
[2025-05-19T02:05:12.496+0000] {processor.py:157} INFO - Started process (PID=78442) to work on /opt/airflow/dags/train_and_upload_model.py
[2025-05-19T02:05:12.499+0000] {processor.py:829} INFO - Processing file /opt/airflow/dags/train_and_upload_model.py for tasks to queue
[2025-05-19T02:05:12.499+0000] {logging_mixin.py:154} INFO - [2025-05-19T02:05:12.499+0000] {dagbag.py:536} INFO - Filling up the DagBag from /opt/airflow/dags/train_and_upload_model.py
[2025-05-19T02:05:13.069+0000] {processor.py:839} INFO - DAG(s) dict_keys(['train_and_upload_model']) retrieved from /opt/airflow/dags/train_and_upload_model.py
[2025-05-19T02:05:13.079+0000] {logging_mixin.py:154} INFO - [2025-05-19T02:05:13.078+0000] {dag.py:2941} INFO - Sync 1 DAGs
[2025-05-19T02:05:13.083+0000] {logging_mixin.py:154} INFO - [2025-05-19T02:05:13.083+0000] {dag.py:3722} INFO - Setting next_dagrun for train_and_upload_model to None, run_after=None
[2025-05-19T02:05:13.090+0000] {processor.py:179} INFO - Processing /opt/airflow/dags/train_and_upload_model.py took 0.598 seconds
[2025-05-19T02:05:43.824+0000] {processor.py:157} INFO - Started process (PID=78473) to work on /opt/airflow/dags/train_and_upload_model.py
[2025-05-19T02:05:43.825+0000] {processor.py:829} INFO - Processing file /opt/airflow/dags/train_and_upload_model.py for tasks to queue
[2025-05-19T02:05:43.826+0000] {logging_mixin.py:154} INFO - [2025-05-19T02:05:43.826+0000] {dagbag.py:536} INFO - Filling up the DagBag from /opt/airflow/dags/train_and_upload_model.py
[2025-05-19T02:05:44.393+0000] {processor.py:839} INFO - DAG(s) dict_keys(['train_and_upload_model']) retrieved from /opt/airflow/dags/train_and_upload_model.py
[2025-05-19T02:05:44.403+0000] {logging_mixin.py:154} INFO - [2025-05-19T02:05:44.402+0000] {dag.py:2941} INFO - Sync 1 DAGs
[2025-05-19T02:05:44.408+0000] {logging_mixin.py:154} INFO - [2025-05-19T02:05:44.408+0000] {dag.py:3722} INFO - Setting next_dagrun for train_and_upload_model to None, run_after=None
[2025-05-19T02:05:44.414+0000] {processor.py:179} INFO - Processing /opt/airflow/dags/train_and_upload_model.py took 0.596 seconds
[2025-05-19T02:06:14.938+0000] {processor.py:157} INFO - Started process (PID=78504) to work on /opt/airflow/dags/train_and_upload_model.py
[2025-05-19T02:06:14.942+0000] {processor.py:829} INFO - Processing file /opt/airflow/dags/train_and_upload_model.py for tasks to queue
[2025-05-19T02:06:14.943+0000] {logging_mixin.py:154} INFO - [2025-05-19T02:06:14.943+0000] {dagbag.py:536} INFO - Filling up the DagBag from /opt/airflow/dags/train_and_upload_model.py
[2025-05-19T02:06:15.405+0000] {processor.py:839} INFO - DAG(s) dict_keys(['train_and_upload_model']) retrieved from /opt/airflow/dags/train_and_upload_model.py
[2025-05-19T02:06:15.414+0000] {logging_mixin.py:154} INFO - [2025-05-19T02:06:15.414+0000] {dag.py:2941} INFO - Sync 1 DAGs
[2025-05-19T02:06:15.418+0000] {logging_mixin.py:154} INFO - [2025-05-19T02:06:15.418+0000] {dag.py:3722} INFO - Setting next_dagrun for train_and_upload_model to None, run_after=None
[2025-05-19T02:06:15.425+0000] {processor.py:179} INFO - Processing /opt/airflow/dags/train_and_upload_model.py took 0.497 seconds
[2025-05-19T02:06:45.572+0000] {processor.py:157} INFO - Started process (PID=78535) to work on /opt/airflow/dags/train_and_upload_model.py
[2025-05-19T02:06:45.573+0000] {processor.py:829} INFO - Processing file /opt/airflow/dags/train_and_upload_model.py for tasks to queue
[2025-05-19T02:06:45.574+0000] {logging_mixin.py:154} INFO - [2025-05-19T02:06:45.573+0000] {dagbag.py:536} INFO - Filling up the DagBag from /opt/airflow/dags/train_and_upload_model.py
[2025-05-19T02:06:46.013+0000] {processor.py:839} INFO - DAG(s) dict_keys(['train_and_upload_model']) retrieved from /opt/airflow/dags/train_and_upload_model.py
[2025-05-19T02:06:46.022+0000] {logging_mixin.py:154} INFO - [2025-05-19T02:06:46.022+0000] {dag.py:2941} INFO - Sync 1 DAGs
[2025-05-19T02:06:46.027+0000] {logging_mixin.py:154} INFO - [2025-05-19T02:06:46.027+0000] {dag.py:3722} INFO - Setting next_dagrun for train_and_upload_model to None, run_after=None
[2025-05-19T02:06:46.034+0000] {processor.py:179} INFO - Processing /opt/airflow/dags/train_and_upload_model.py took 0.466 seconds
[2025-05-19T02:07:16.325+0000] {processor.py:157} INFO - Started process (PID=78566) to work on /opt/airflow/dags/train_and_upload_model.py
[2025-05-19T02:07:16.327+0000] {processor.py:829} INFO - Processing file /opt/airflow/dags/train_and_upload_model.py for tasks to queue
[2025-05-19T02:07:16.328+0000] {logging_mixin.py:154} INFO - [2025-05-19T02:07:16.328+0000] {dagbag.py:536} INFO - Filling up the DagBag from /opt/airflow/dags/train_and_upload_model.py
[2025-05-19T02:07:16.862+0000] {processor.py:839} INFO - DAG(s) dict_keys(['train_and_upload_model']) retrieved from /opt/airflow/dags/train_and_upload_model.py
[2025-05-19T02:07:16.871+0000] {logging_mixin.py:154} INFO - [2025-05-19T02:07:16.871+0000] {dag.py:2941} INFO - Sync 1 DAGs
[2025-05-19T02:07:16.875+0000] {logging_mixin.py:154} INFO - [2025-05-19T02:07:16.875+0000] {dag.py:3722} INFO - Setting next_dagrun for train_and_upload_model to None, run_after=None
[2025-05-19T02:07:16.882+0000] {processor.py:179} INFO - Processing /opt/airflow/dags/train_and_upload_model.py took 0.562 seconds
[2025-05-19T02:07:47.231+0000] {processor.py:157} INFO - Started process (PID=78597) to work on /opt/airflow/dags/train_and_upload_model.py
[2025-05-19T02:07:47.233+0000] {processor.py:829} INFO - Processing file /opt/airflow/dags/train_and_upload_model.py for tasks to queue
[2025-05-19T02:07:47.234+0000] {logging_mixin.py:154} INFO - [2025-05-19T02:07:47.234+0000] {dagbag.py:536} INFO - Filling up the DagBag from /opt/airflow/dags/train_and_upload_model.py
[2025-05-19T02:07:47.825+0000] {processor.py:839} INFO - DAG(s) dict_keys(['train_and_upload_model']) retrieved from /opt/airflow/dags/train_and_upload_model.py
[2025-05-19T02:07:47.836+0000] {logging_mixin.py:154} INFO - [2025-05-19T02:07:47.835+0000] {dag.py:2941} INFO - Sync 1 DAGs
[2025-05-19T02:07:47.840+0000] {logging_mixin.py:154} INFO - [2025-05-19T02:07:47.840+0000] {dag.py:3722} INFO - Setting next_dagrun for train_and_upload_model to None, run_after=None
[2025-05-19T02:07:47.847+0000] {processor.py:179} INFO - Processing /opt/airflow/dags/train_and_upload_model.py took 0.621 seconds
[2025-05-19T02:08:18.345+0000] {processor.py:157} INFO - Started process (PID=78628) to work on /opt/airflow/dags/train_and_upload_model.py
[2025-05-19T02:08:18.346+0000] {processor.py:829} INFO - Processing file /opt/airflow/dags/train_and_upload_model.py for tasks to queue
[2025-05-19T02:08:18.347+0000] {logging_mixin.py:154} INFO - [2025-05-19T02:08:18.347+0000] {dagbag.py:536} INFO - Filling up the DagBag from /opt/airflow/dags/train_and_upload_model.py
[2025-05-19T02:08:18.791+0000] {processor.py:839} INFO - DAG(s) dict_keys(['train_and_upload_model']) retrieved from /opt/airflow/dags/train_and_upload_model.py
[2025-05-19T02:08:18.800+0000] {logging_mixin.py:154} INFO - [2025-05-19T02:08:18.800+0000] {dag.py:2941} INFO - Sync 1 DAGs
[2025-05-19T02:08:18.804+0000] {logging_mixin.py:154} INFO - [2025-05-19T02:08:18.804+0000] {dag.py:3722} INFO - Setting next_dagrun for train_and_upload_model to None, run_after=None
[2025-05-19T02:08:18.811+0000] {processor.py:179} INFO - Processing /opt/airflow/dags/train_and_upload_model.py took 0.471 seconds
[2025-05-19T02:08:49.065+0000] {processor.py:157} INFO - Started process (PID=78659) to work on /opt/airflow/dags/train_and_upload_model.py
[2025-05-19T02:08:49.066+0000] {processor.py:829} INFO - Processing file /opt/airflow/dags/train_and_upload_model.py for tasks to queue
[2025-05-19T02:08:49.068+0000] {logging_mixin.py:154} INFO - [2025-05-19T02:08:49.067+0000] {dagbag.py:536} INFO - Filling up the DagBag from /opt/airflow/dags/train_and_upload_model.py
[2025-05-19T02:08:49.677+0000] {processor.py:839} INFO - DAG(s) dict_keys(['train_and_upload_model']) retrieved from /opt/airflow/dags/train_and_upload_model.py
[2025-05-19T02:08:49.687+0000] {logging_mixin.py:154} INFO - [2025-05-19T02:08:49.687+0000] {dag.py:2941} INFO - Sync 1 DAGs
[2025-05-19T02:08:49.693+0000] {logging_mixin.py:154} INFO - [2025-05-19T02:08:49.693+0000] {dag.py:3722} INFO - Setting next_dagrun for train_and_upload_model to None, run_after=None
[2025-05-19T02:08:49.699+0000] {processor.py:179} INFO - Processing /opt/airflow/dags/train_and_upload_model.py took 0.641 seconds
[2025-05-19T02:16:07.172+0000] {processor.py:157} INFO - Started process (PID=78676) to work on /opt/airflow/dags/train_and_upload_model.py
[2025-05-19T02:16:07.174+0000] {processor.py:829} INFO - Processing file /opt/airflow/dags/train_and_upload_model.py for tasks to queue
[2025-05-19T02:16:07.175+0000] {logging_mixin.py:154} INFO - [2025-05-19T02:16:07.175+0000] {dagbag.py:536} INFO - Filling up the DagBag from /opt/airflow/dags/train_and_upload_model.py
[2025-05-19T02:16:08.045+0000] {processor.py:839} INFO - DAG(s) dict_keys(['train_and_upload_model']) retrieved from /opt/airflow/dags/train_and_upload_model.py
[2025-05-19T02:16:08.059+0000] {logging_mixin.py:154} INFO - [2025-05-19T02:16:08.059+0000] {dag.py:2941} INFO - Sync 1 DAGs
[2025-05-19T02:16:08.066+0000] {logging_mixin.py:154} INFO - [2025-05-19T02:16:08.066+0000] {dag.py:3722} INFO - Setting next_dagrun for train_and_upload_model to None, run_after=None
[2025-05-19T02:16:08.076+0000] {processor.py:179} INFO - Processing /opt/airflow/dags/train_and_upload_model.py took 0.913 seconds
[2025-05-19T02:16:38.331+0000] {processor.py:157} INFO - Started process (PID=78707) to work on /opt/airflow/dags/train_and_upload_model.py
[2025-05-19T02:16:38.333+0000] {processor.py:829} INFO - Processing file /opt/airflow/dags/train_and_upload_model.py for tasks to queue
[2025-05-19T02:16:38.334+0000] {logging_mixin.py:154} INFO - [2025-05-19T02:16:38.334+0000] {dagbag.py:536} INFO - Filling up the DagBag from /opt/airflow/dags/train_and_upload_model.py
[2025-05-19T02:16:39.016+0000] {processor.py:839} INFO - DAG(s) dict_keys(['train_and_upload_model']) retrieved from /opt/airflow/dags/train_and_upload_model.py
[2025-05-19T02:16:39.026+0000] {logging_mixin.py:154} INFO - [2025-05-19T02:16:39.026+0000] {dag.py:2941} INFO - Sync 1 DAGs
[2025-05-19T02:16:39.030+0000] {logging_mixin.py:154} INFO - [2025-05-19T02:16:39.030+0000] {dag.py:3722} INFO - Setting next_dagrun for train_and_upload_model to None, run_after=None
[2025-05-19T02:16:39.037+0000] {processor.py:179} INFO - Processing /opt/airflow/dags/train_and_upload_model.py took 0.716 seconds
[2025-05-19T02:17:09.223+0000] {processor.py:157} INFO - Started process (PID=78738) to work on /opt/airflow/dags/train_and_upload_model.py
[2025-05-19T02:17:09.228+0000] {processor.py:829} INFO - Processing file /opt/airflow/dags/train_and_upload_model.py for tasks to queue
[2025-05-19T02:17:09.230+0000] {logging_mixin.py:154} INFO - [2025-05-19T02:17:09.229+0000] {dagbag.py:536} INFO - Filling up the DagBag from /opt/airflow/dags/train_and_upload_model.py
[2025-05-19T02:17:10.000+0000] {processor.py:839} INFO - DAG(s) dict_keys(['train_and_upload_model']) retrieved from /opt/airflow/dags/train_and_upload_model.py
[2025-05-19T02:17:10.010+0000] {logging_mixin.py:154} INFO - [2025-05-19T02:17:10.010+0000] {dag.py:2941} INFO - Sync 1 DAGs
[2025-05-19T02:17:10.015+0000] {logging_mixin.py:154} INFO - [2025-05-19T02:17:10.015+0000] {dag.py:3722} INFO - Setting next_dagrun for train_and_upload_model to None, run_after=None
[2025-05-19T02:17:10.023+0000] {processor.py:179} INFO - Processing /opt/airflow/dags/train_and_upload_model.py took 0.814 seconds
[2025-05-19T02:17:40.167+0000] {processor.py:157} INFO - Started process (PID=78769) to work on /opt/airflow/dags/train_and_upload_model.py
[2025-05-19T02:17:40.169+0000] {processor.py:829} INFO - Processing file /opt/airflow/dags/train_and_upload_model.py for tasks to queue
[2025-05-19T02:17:40.171+0000] {logging_mixin.py:154} INFO - [2025-05-19T02:17:40.170+0000] {dagbag.py:536} INFO - Filling up the DagBag from /opt/airflow/dags/train_and_upload_model.py
[2025-05-19T02:17:40.642+0000] {processor.py:839} INFO - DAG(s) dict_keys(['train_and_upload_model']) retrieved from /opt/airflow/dags/train_and_upload_model.py
[2025-05-19T02:17:40.651+0000] {logging_mixin.py:154} INFO - [2025-05-19T02:17:40.651+0000] {dag.py:2941} INFO - Sync 1 DAGs
[2025-05-19T02:17:40.655+0000] {logging_mixin.py:154} INFO - [2025-05-19T02:17:40.655+0000] {dag.py:3722} INFO - Setting next_dagrun for train_and_upload_model to None, run_after=None
[2025-05-19T02:17:40.662+0000] {processor.py:179} INFO - Processing /opt/airflow/dags/train_and_upload_model.py took 0.500 seconds
[2025-05-19T02:18:10.901+0000] {processor.py:157} INFO - Started process (PID=78800) to work on /opt/airflow/dags/train_and_upload_model.py
[2025-05-19T02:18:10.903+0000] {processor.py:829} INFO - Processing file /opt/airflow/dags/train_and_upload_model.py for tasks to queue
[2025-05-19T02:18:10.904+0000] {logging_mixin.py:154} INFO - [2025-05-19T02:18:10.904+0000] {dagbag.py:536} INFO - Filling up the DagBag from /opt/airflow/dags/train_and_upload_model.py
[2025-05-19T02:18:11.374+0000] {processor.py:839} INFO - DAG(s) dict_keys(['train_and_upload_model']) retrieved from /opt/airflow/dags/train_and_upload_model.py
[2025-05-19T02:18:11.383+0000] {logging_mixin.py:154} INFO - [2025-05-19T02:18:11.382+0000] {dag.py:2941} INFO - Sync 1 DAGs
[2025-05-19T02:18:11.387+0000] {logging_mixin.py:154} INFO - [2025-05-19T02:18:11.387+0000] {dag.py:3722} INFO - Setting next_dagrun for train_and_upload_model to None, run_after=None
[2025-05-19T02:18:11.393+0000] {processor.py:179} INFO - Processing /opt/airflow/dags/train_and_upload_model.py took 0.497 seconds
[2025-05-19T02:18:41.655+0000] {processor.py:157} INFO - Started process (PID=78831) to work on /opt/airflow/dags/train_and_upload_model.py
[2025-05-19T02:18:41.657+0000] {processor.py:829} INFO - Processing file /opt/airflow/dags/train_and_upload_model.py for tasks to queue
[2025-05-19T02:18:41.657+0000] {logging_mixin.py:154} INFO - [2025-05-19T02:18:41.657+0000] {dagbag.py:536} INFO - Filling up the DagBag from /opt/airflow/dags/train_and_upload_model.py
[2025-05-19T02:18:42.134+0000] {processor.py:839} INFO - DAG(s) dict_keys(['train_and_upload_model']) retrieved from /opt/airflow/dags/train_and_upload_model.py
[2025-05-19T02:18:42.142+0000] {logging_mixin.py:154} INFO - [2025-05-19T02:18:42.142+0000] {dag.py:2941} INFO - Sync 1 DAGs
[2025-05-19T02:18:42.147+0000] {logging_mixin.py:154} INFO - [2025-05-19T02:18:42.147+0000] {dag.py:3722} INFO - Setting next_dagrun for train_and_upload_model to None, run_after=None
[2025-05-19T02:18:42.155+0000] {processor.py:179} INFO - Processing /opt/airflow/dags/train_and_upload_model.py took 0.506 seconds
[2025-05-19T02:19:12.413+0000] {processor.py:157} INFO - Started process (PID=78862) to work on /opt/airflow/dags/train_and_upload_model.py
[2025-05-19T02:19:12.415+0000] {processor.py:829} INFO - Processing file /opt/airflow/dags/train_and_upload_model.py for tasks to queue
[2025-05-19T02:19:12.418+0000] {logging_mixin.py:154} INFO - [2025-05-19T02:19:12.416+0000] {dagbag.py:536} INFO - Filling up the DagBag from /opt/airflow/dags/train_and_upload_model.py
[2025-05-19T02:19:13.088+0000] {processor.py:839} INFO - DAG(s) dict_keys(['train_and_upload_model']) retrieved from /opt/airflow/dags/train_and_upload_model.py
[2025-05-19T02:19:13.098+0000] {logging_mixin.py:154} INFO - [2025-05-19T02:19:13.098+0000] {dag.py:2941} INFO - Sync 1 DAGs
[2025-05-19T02:19:13.103+0000] {logging_mixin.py:154} INFO - [2025-05-19T02:19:13.102+0000] {dag.py:3722} INFO - Setting next_dagrun for train_and_upload_model to None, run_after=None
[2025-05-19T02:19:13.109+0000] {processor.py:179} INFO - Processing /opt/airflow/dags/train_and_upload_model.py took 0.704 seconds
[2025-05-19T02:19:43.207+0000] {processor.py:157} INFO - Started process (PID=78893) to work on /opt/airflow/dags/train_and_upload_model.py
[2025-05-19T02:19:43.208+0000] {processor.py:829} INFO - Processing file /opt/airflow/dags/train_and_upload_model.py for tasks to queue
[2025-05-19T02:19:43.209+0000] {logging_mixin.py:154} INFO - [2025-05-19T02:19:43.209+0000] {dagbag.py:536} INFO - Filling up the DagBag from /opt/airflow/dags/train_and_upload_model.py
[2025-05-19T02:19:43.681+0000] {processor.py:839} INFO - DAG(s) dict_keys(['train_and_upload_model']) retrieved from /opt/airflow/dags/train_and_upload_model.py
[2025-05-19T02:19:43.690+0000] {logging_mixin.py:154} INFO - [2025-05-19T02:19:43.690+0000] {dag.py:2941} INFO - Sync 1 DAGs
[2025-05-19T02:19:43.694+0000] {logging_mixin.py:154} INFO - [2025-05-19T02:19:43.694+0000] {dag.py:3722} INFO - Setting next_dagrun for train_and_upload_model to None, run_after=None
[2025-05-19T02:19:43.700+0000] {processor.py:179} INFO - Processing /opt/airflow/dags/train_and_upload_model.py took 0.499 seconds
[2025-05-19T02:20:13.988+0000] {processor.py:157} INFO - Started process (PID=78924) to work on /opt/airflow/dags/train_and_upload_model.py
[2025-05-19T02:20:13.991+0000] {processor.py:829} INFO - Processing file /opt/airflow/dags/train_and_upload_model.py for tasks to queue
[2025-05-19T02:20:13.992+0000] {logging_mixin.py:154} INFO - [2025-05-19T02:20:13.992+0000] {dagbag.py:536} INFO - Filling up the DagBag from /opt/airflow/dags/train_and_upload_model.py
[2025-05-19T02:20:14.467+0000] {processor.py:839} INFO - DAG(s) dict_keys(['train_and_upload_model']) retrieved from /opt/airflow/dags/train_and_upload_model.py
[2025-05-19T02:20:14.476+0000] {logging_mixin.py:154} INFO - [2025-05-19T02:20:14.475+0000] {dag.py:2941} INFO - Sync 1 DAGs
[2025-05-19T02:20:14.480+0000] {logging_mixin.py:154} INFO - [2025-05-19T02:20:14.480+0000] {dag.py:3722} INFO - Setting next_dagrun for train_and_upload_model to None, run_after=None
[2025-05-19T02:20:14.486+0000] {processor.py:179} INFO - Processing /opt/airflow/dags/train_and_upload_model.py took 0.506 seconds
[2025-05-19T02:20:44.770+0000] {processor.py:157} INFO - Started process (PID=78955) to work on /opt/airflow/dags/train_and_upload_model.py
[2025-05-19T02:20:44.772+0000] {processor.py:829} INFO - Processing file /opt/airflow/dags/train_and_upload_model.py for tasks to queue
[2025-05-19T02:20:44.773+0000] {logging_mixin.py:154} INFO - [2025-05-19T02:20:44.773+0000] {dagbag.py:536} INFO - Filling up the DagBag from /opt/airflow/dags/train_and_upload_model.py
[2025-05-19T02:20:45.358+0000] {processor.py:839} INFO - DAG(s) dict_keys(['train_and_upload_model']) retrieved from /opt/airflow/dags/train_and_upload_model.py
[2025-05-19T02:20:45.372+0000] {logging_mixin.py:154} INFO - [2025-05-19T02:20:45.372+0000] {dag.py:2941} INFO - Sync 1 DAGs
[2025-05-19T02:20:45.377+0000] {logging_mixin.py:154} INFO - [2025-05-19T02:20:45.377+0000] {dag.py:3722} INFO - Setting next_dagrun for train_and_upload_model to None, run_after=None
[2025-05-19T02:20:45.384+0000] {processor.py:179} INFO - Processing /opt/airflow/dags/train_and_upload_model.py took 0.620 seconds
[2025-05-19T02:21:15.614+0000] {processor.py:157} INFO - Started process (PID=78986) to work on /opt/airflow/dags/train_and_upload_model.py
[2025-05-19T02:21:15.615+0000] {processor.py:829} INFO - Processing file /opt/airflow/dags/train_and_upload_model.py for tasks to queue
[2025-05-19T02:21:15.616+0000] {logging_mixin.py:154} INFO - [2025-05-19T02:21:15.616+0000] {dagbag.py:536} INFO - Filling up the DagBag from /opt/airflow/dags/train_and_upload_model.py
[2025-05-19T02:21:16.174+0000] {processor.py:839} INFO - DAG(s) dict_keys(['train_and_upload_model']) retrieved from /opt/airflow/dags/train_and_upload_model.py
[2025-05-19T02:21:16.183+0000] {logging_mixin.py:154} INFO - [2025-05-19T02:21:16.183+0000] {dag.py:2941} INFO - Sync 1 DAGs
[2025-05-19T02:21:16.188+0000] {logging_mixin.py:154} INFO - [2025-05-19T02:21:16.188+0000] {dag.py:3722} INFO - Setting next_dagrun for train_and_upload_model to None, run_after=None
[2025-05-19T02:21:16.194+0000] {processor.py:179} INFO - Processing /opt/airflow/dags/train_and_upload_model.py took 0.586 seconds
[2025-05-19T02:21:46.353+0000] {processor.py:157} INFO - Started process (PID=79017) to work on /opt/airflow/dags/train_and_upload_model.py
[2025-05-19T02:21:46.356+0000] {processor.py:829} INFO - Processing file /opt/airflow/dags/train_and_upload_model.py for tasks to queue
[2025-05-19T02:21:46.357+0000] {logging_mixin.py:154} INFO - [2025-05-19T02:21:46.357+0000] {dagbag.py:536} INFO - Filling up the DagBag from /opt/airflow/dags/train_and_upload_model.py
[2025-05-19T02:21:46.868+0000] {processor.py:839} INFO - DAG(s) dict_keys(['train_and_upload_model']) retrieved from /opt/airflow/dags/train_and_upload_model.py
[2025-05-19T02:21:46.876+0000] {logging_mixin.py:154} INFO - [2025-05-19T02:21:46.876+0000] {dag.py:2941} INFO - Sync 1 DAGs
[2025-05-19T02:21:46.881+0000] {logging_mixin.py:154} INFO - [2025-05-19T02:21:46.881+0000] {dag.py:3722} INFO - Setting next_dagrun for train_and_upload_model to None, run_after=None
[2025-05-19T02:21:46.887+0000] {processor.py:179} INFO - Processing /opt/airflow/dags/train_and_upload_model.py took 0.542 seconds
[2025-05-19T02:22:17.071+0000] {processor.py:157} INFO - Started process (PID=79048) to work on /opt/airflow/dags/train_and_upload_model.py
[2025-05-19T02:22:17.072+0000] {processor.py:829} INFO - Processing file /opt/airflow/dags/train_and_upload_model.py for tasks to queue
[2025-05-19T02:22:17.073+0000] {logging_mixin.py:154} INFO - [2025-05-19T02:22:17.072+0000] {dagbag.py:536} INFO - Filling up the DagBag from /opt/airflow/dags/train_and_upload_model.py
[2025-05-19T02:22:17.756+0000] {processor.py:839} INFO - DAG(s) dict_keys(['train_and_upload_model']) retrieved from /opt/airflow/dags/train_and_upload_model.py
[2025-05-19T02:22:17.768+0000] {logging_mixin.py:154} INFO - [2025-05-19T02:22:17.767+0000] {dag.py:2941} INFO - Sync 1 DAGs
[2025-05-19T02:22:17.772+0000] {logging_mixin.py:154} INFO - [2025-05-19T02:22:17.772+0000] {dag.py:3722} INFO - Setting next_dagrun for train_and_upload_model to None, run_after=None
[2025-05-19T02:22:17.778+0000] {processor.py:179} INFO - Processing /opt/airflow/dags/train_and_upload_model.py took 0.714 seconds
[2025-05-19T02:22:48.004+0000] {processor.py:157} INFO - Started process (PID=79079) to work on /opt/airflow/dags/train_and_upload_model.py
[2025-05-19T02:22:48.005+0000] {processor.py:829} INFO - Processing file /opt/airflow/dags/train_and_upload_model.py for tasks to queue
[2025-05-19T02:22:48.007+0000] {logging_mixin.py:154} INFO - [2025-05-19T02:22:48.006+0000] {dagbag.py:536} INFO - Filling up the DagBag from /opt/airflow/dags/train_and_upload_model.py
[2025-05-19T02:22:48.666+0000] {processor.py:839} INFO - DAG(s) dict_keys(['train_and_upload_model']) retrieved from /opt/airflow/dags/train_and_upload_model.py
[2025-05-19T02:22:48.680+0000] {logging_mixin.py:154} INFO - [2025-05-19T02:22:48.679+0000] {dag.py:2941} INFO - Sync 1 DAGs
[2025-05-19T02:22:48.685+0000] {logging_mixin.py:154} INFO - [2025-05-19T02:22:48.685+0000] {dag.py:3722} INFO - Setting next_dagrun for train_and_upload_model to None, run_after=None
[2025-05-19T02:22:48.691+0000] {processor.py:179} INFO - Processing /opt/airflow/dags/train_and_upload_model.py took 0.708 seconds
[2025-05-19T02:23:18.911+0000] {processor.py:157} INFO - Started process (PID=79110) to work on /opt/airflow/dags/train_and_upload_model.py
[2025-05-19T02:23:18.913+0000] {processor.py:829} INFO - Processing file /opt/airflow/dags/train_and_upload_model.py for tasks to queue
[2025-05-19T02:23:18.915+0000] {logging_mixin.py:154} INFO - [2025-05-19T02:23:18.914+0000] {dagbag.py:536} INFO - Filling up the DagBag from /opt/airflow/dags/train_and_upload_model.py
[2025-05-19T02:23:19.479+0000] {processor.py:839} INFO - DAG(s) dict_keys(['train_and_upload_model']) retrieved from /opt/airflow/dags/train_and_upload_model.py
[2025-05-19T02:23:19.488+0000] {logging_mixin.py:154} INFO - [2025-05-19T02:23:19.488+0000] {dag.py:2941} INFO - Sync 1 DAGs
[2025-05-19T02:23:19.492+0000] {logging_mixin.py:154} INFO - [2025-05-19T02:23:19.492+0000] {dag.py:3722} INFO - Setting next_dagrun for train_and_upload_model to None, run_after=None
[2025-05-19T02:23:19.498+0000] {processor.py:179} INFO - Processing /opt/airflow/dags/train_and_upload_model.py took 0.596 seconds
