[2025-05-14T21:43:26.242+0000] {processor.py:157} INFO - Started process (PID=6973) to work on /opt/airflow/dags/clean_housing_data.py
[2025-05-14T21:43:26.243+0000] {processor.py:829} INFO - Processing file /opt/airflow/dags/clean_housing_data.py for tasks to queue
[2025-05-14T21:43:26.243+0000] {logging_mixin.py:154} INFO - [2025-05-14T21:43:26.243+0000] {dagbag.py:536} INFO - Filling up the DagBag from /opt/airflow/dags/clean_housing_data.py
[2025-05-14T21:43:27.030+0000] {processor.py:839} INFO - DAG(s) dict_keys(['clean_and_upload_housing_data']) retrieved from /opt/airflow/dags/clean_housing_data.py
[2025-05-14T21:43:27.202+0000] {logging_mixin.py:154} INFO - [2025-05-14T21:43:27.201+0000] {manager.py:499} INFO - Created Permission View: %s
[2025-05-14T21:43:27.207+0000] {logging_mixin.py:154} INFO - [2025-05-14T21:43:27.207+0000] {manager.py:499} INFO - Created Permission View: %s
[2025-05-14T21:43:27.209+0000] {logging_mixin.py:154} INFO - [2025-05-14T21:43:27.209+0000] {manager.py:499} INFO - Created Permission View: %s
[2025-05-14T21:43:27.209+0000] {logging_mixin.py:154} INFO - [2025-05-14T21:43:27.209+0000] {dag.py:2941} INFO - Sync 1 DAGs
[2025-05-14T21:43:27.215+0000] {logging_mixin.py:154} INFO - [2025-05-14T21:43:27.215+0000] {dag.py:2963} INFO - Creating ORM DAG for clean_and_upload_housing_data
[2025-05-14T21:43:27.215+0000] {logging_mixin.py:154} INFO - [2025-05-14T21:43:27.215+0000] {dag.py:3722} INFO - Setting next_dagrun for clean_and_upload_housing_data to None, run_after=None
[2025-05-14T21:43:27.222+0000] {processor.py:179} INFO - Processing /opt/airflow/dags/clean_housing_data.py took 0.983 seconds
[2025-05-14T21:43:57.604+0000] {processor.py:157} INFO - Started process (PID=6994) to work on /opt/airflow/dags/clean_housing_data.py
[2025-05-14T21:43:57.605+0000] {processor.py:829} INFO - Processing file /opt/airflow/dags/clean_housing_data.py for tasks to queue
[2025-05-14T21:43:57.606+0000] {logging_mixin.py:154} INFO - [2025-05-14T21:43:57.606+0000] {dagbag.py:536} INFO - Filling up the DagBag from /opt/airflow/dags/clean_housing_data.py
[2025-05-14T21:43:57.773+0000] {processor.py:839} INFO - DAG(s) dict_keys(['clean_and_upload_housing_data']) retrieved from /opt/airflow/dags/clean_housing_data.py
[2025-05-14T21:43:57.785+0000] {logging_mixin.py:154} INFO - [2025-05-14T21:43:57.785+0000] {dag.py:2941} INFO - Sync 1 DAGs
[2025-05-14T21:43:57.791+0000] {logging_mixin.py:154} INFO - [2025-05-14T21:43:57.790+0000] {dag.py:3722} INFO - Setting next_dagrun for clean_and_upload_housing_data to None, run_after=None
[2025-05-14T21:43:57.800+0000] {processor.py:179} INFO - Processing /opt/airflow/dags/clean_housing_data.py took 0.201 seconds
[2025-05-14T21:44:28.002+0000] {processor.py:157} INFO - Started process (PID=7010) to work on /opt/airflow/dags/clean_housing_data.py
[2025-05-14T21:44:28.003+0000] {processor.py:829} INFO - Processing file /opt/airflow/dags/clean_housing_data.py for tasks to queue
[2025-05-14T21:44:28.006+0000] {logging_mixin.py:154} INFO - [2025-05-14T21:44:28.005+0000] {dagbag.py:536} INFO - Filling up the DagBag from /opt/airflow/dags/clean_housing_data.py
[2025-05-14T21:44:28.186+0000] {processor.py:839} INFO - DAG(s) dict_keys(['clean_and_upload_housing_data']) retrieved from /opt/airflow/dags/clean_housing_data.py
[2025-05-14T21:44:28.201+0000] {logging_mixin.py:154} INFO - [2025-05-14T21:44:28.201+0000] {dag.py:2941} INFO - Sync 1 DAGs
[2025-05-14T21:44:28.208+0000] {logging_mixin.py:154} INFO - [2025-05-14T21:44:28.207+0000] {dag.py:3722} INFO - Setting next_dagrun for clean_and_upload_housing_data to None, run_after=None
[2025-05-14T21:44:28.214+0000] {processor.py:179} INFO - Processing /opt/airflow/dags/clean_housing_data.py took 0.218 seconds
[2025-05-14T21:44:58.427+0000] {processor.py:157} INFO - Started process (PID=7026) to work on /opt/airflow/dags/clean_housing_data.py
[2025-05-14T21:44:58.429+0000] {processor.py:829} INFO - Processing file /opt/airflow/dags/clean_housing_data.py for tasks to queue
[2025-05-14T21:44:58.430+0000] {logging_mixin.py:154} INFO - [2025-05-14T21:44:58.429+0000] {dagbag.py:536} INFO - Filling up the DagBag from /opt/airflow/dags/clean_housing_data.py
[2025-05-14T21:44:58.637+0000] {processor.py:839} INFO - DAG(s) dict_keys(['clean_and_upload_housing_data']) retrieved from /opt/airflow/dags/clean_housing_data.py
[2025-05-14T21:44:58.654+0000] {logging_mixin.py:154} INFO - [2025-05-14T21:44:58.653+0000] {dag.py:2941} INFO - Sync 1 DAGs
[2025-05-14T21:44:58.664+0000] {logging_mixin.py:154} INFO - [2025-05-14T21:44:58.664+0000] {dag.py:3722} INFO - Setting next_dagrun for clean_and_upload_housing_data to None, run_after=None
[2025-05-14T21:44:58.672+0000] {processor.py:179} INFO - Processing /opt/airflow/dags/clean_housing_data.py took 0.249 seconds
[2025-05-14T21:45:28.853+0000] {processor.py:157} INFO - Started process (PID=7042) to work on /opt/airflow/dags/clean_housing_data.py
[2025-05-14T21:45:28.854+0000] {processor.py:829} INFO - Processing file /opt/airflow/dags/clean_housing_data.py for tasks to queue
[2025-05-14T21:45:28.856+0000] {logging_mixin.py:154} INFO - [2025-05-14T21:45:28.855+0000] {dagbag.py:536} INFO - Filling up the DagBag from /opt/airflow/dags/clean_housing_data.py
[2025-05-14T21:45:29.015+0000] {processor.py:839} INFO - DAG(s) dict_keys(['clean_and_upload_housing_data']) retrieved from /opt/airflow/dags/clean_housing_data.py
[2025-05-14T21:45:29.026+0000] {logging_mixin.py:154} INFO - [2025-05-14T21:45:29.026+0000] {dag.py:2941} INFO - Sync 1 DAGs
[2025-05-14T21:45:29.031+0000] {logging_mixin.py:154} INFO - [2025-05-14T21:45:29.031+0000] {dag.py:3722} INFO - Setting next_dagrun for clean_and_upload_housing_data to None, run_after=None
[2025-05-14T21:45:29.038+0000] {processor.py:179} INFO - Processing /opt/airflow/dags/clean_housing_data.py took 0.190 seconds
[2025-05-14T21:45:59.259+0000] {processor.py:157} INFO - Started process (PID=7058) to work on /opt/airflow/dags/clean_housing_data.py
[2025-05-14T21:45:59.260+0000] {processor.py:829} INFO - Processing file /opt/airflow/dags/clean_housing_data.py for tasks to queue
[2025-05-14T21:45:59.261+0000] {logging_mixin.py:154} INFO - [2025-05-14T21:45:59.261+0000] {dagbag.py:536} INFO - Filling up the DagBag from /opt/airflow/dags/clean_housing_data.py
[2025-05-14T21:45:59.424+0000] {processor.py:839} INFO - DAG(s) dict_keys(['clean_and_upload_housing_data']) retrieved from /opt/airflow/dags/clean_housing_data.py
[2025-05-14T21:45:59.436+0000] {logging_mixin.py:154} INFO - [2025-05-14T21:45:59.435+0000] {dag.py:2941} INFO - Sync 1 DAGs
[2025-05-14T21:45:59.441+0000] {logging_mixin.py:154} INFO - [2025-05-14T21:45:59.441+0000] {dag.py:3722} INFO - Setting next_dagrun for clean_and_upload_housing_data to None, run_after=None
[2025-05-14T21:45:59.448+0000] {processor.py:179} INFO - Processing /opt/airflow/dags/clean_housing_data.py took 0.193 seconds
[2025-05-14T21:46:29.711+0000] {processor.py:157} INFO - Started process (PID=7074) to work on /opt/airflow/dags/clean_housing_data.py
[2025-05-14T21:46:29.713+0000] {processor.py:829} INFO - Processing file /opt/airflow/dags/clean_housing_data.py for tasks to queue
[2025-05-14T21:46:29.714+0000] {logging_mixin.py:154} INFO - [2025-05-14T21:46:29.713+0000] {dagbag.py:536} INFO - Filling up the DagBag from /opt/airflow/dags/clean_housing_data.py
[2025-05-14T21:46:29.877+0000] {processor.py:839} INFO - DAG(s) dict_keys(['clean_and_upload_housing_data']) retrieved from /opt/airflow/dags/clean_housing_data.py
[2025-05-14T21:46:29.888+0000] {logging_mixin.py:154} INFO - [2025-05-14T21:46:29.887+0000] {dag.py:2941} INFO - Sync 1 DAGs
[2025-05-14T21:46:29.892+0000] {logging_mixin.py:154} INFO - [2025-05-14T21:46:29.892+0000] {dag.py:3722} INFO - Setting next_dagrun for clean_and_upload_housing_data to None, run_after=None
[2025-05-14T21:46:29.899+0000] {processor.py:179} INFO - Processing /opt/airflow/dags/clean_housing_data.py took 0.193 seconds
